{
"contracts/bancor-portal/BancorPortal.sol":{"l":{"122":129,"123":129,"124":129,"125":129,"126":129,"127":129,"128":129,"135":2,"142":129,"151":129,"152":129,"154":129,"182":227,"191":175,"202":170,"220":14,"229":12,"240":11,"260":241,"261":241,"262":241,"263":1,"267":240,"270":239,"273":239,"274":239,"275":478,"277":239,"278":1,"282":238,"285":238,"288":238,"290":238,"291":469,"292":469,"293":322,"294":322,"296":147,"300":187,"320":322,"321":70,"323":252,"324":252,"336":147,"337":27,"339":120,"352":238,"354":238,"355":238,"356":56,"358":42,"360":140},"path":"/Users/leonid/work/bancor/contracts-v3/contracts/bancor-portal/BancorPortal.sol","s":{"1":129,"2":129,"3":129,"4":129,"5":129,"6":129,"7":129,"8":2,"9":129,"10":129,"11":129,"12":129,"13":227,"14":175,"15":170,"16":14,"17":12,"18":11,"19":241,"20":241,"21":241,"22":240,"23":239,"24":239,"25":239,"26":478,"27":239,"28":238,"29":238,"30":238,"31":238,"32":469,"33":469,"34":322,"35":322,"36":147,"37":187,"38":322,"39":70,"40":252,"41":252,"42":147,"43":27,"44":120,"45":238,"46":238,"47":238,"48":56,"49":182,"50":42,"51":140},"b":{"1":[1,240],"2":[1,238],"3":[322,147],"4":[70,252],"5":[27,120],"6":[56,182],"7":[42,140]},"f":{"1":129,"2":2,"3":129,"4":129,"5":129,"6":227,"7":14,"8":241,"9":322,"10":147,"11":238},"fnMap":{"1":{"name":"constructor","line":120,"loc":{"start":{"line":105,"column":4},"end":{"line":129,"column":4}}},"2":{"name":"version","line":134,"loc":{"start":{"line":134,"column":4},"end":{"line":136,"column":4}}},"3":{"name":"initialize","line":141,"loc":{"start":{"line":141,"column":4},"end":{"line":143,"column":4}}},"4":{"name":"__BancorPortal_init","line":150,"loc":{"start":{"line":150,"column":4},"end":{"line":155,"column":4}}},"5":{"name":"__BancorPortal_init_unchained","line":160,"loc":{"start":{"line":160,"column":4},"end":{"line":160,"column":72}}},"6":{"name":"migrateUniswapV2Position","line":179,"loc":{"start":{"line":170,"column":4},"end":{"line":203,"column":4}}},"7":{"name":"migrateSushiSwapV1Position","line":217,"loc":{"start":{"line":208,"column":4},"end":{"line":241,"column":4}}},"8":{"name":"_migrateUniswapV2Position","line":251,"loc":{"start":{"line":251,"column":4},"end":{"line":310,"column":4}}},"9":{"name":"_deposit","line":315,"loc":{"start":{"line":315,"column":4},"end":{"line":326,"column":4}}},"10":{"name":"_transferToProvider","line":331,"loc":{"start":{"line":331,"column":4},"end":{"line":341,"column":4}}},"11":{"name":"_uniV2RemoveLiquidity","line":346,"loc":{"start":{"line":346,"column":4},"end":{"line":370,"column":4}}}},"statementMap":{"1":{"start":{"line":122,"column":8},"end":{"line":122,"column":25}},"2":{"start":{"line":123,"column":8},"end":{"line":123,"column":41}},"3":{"start":{"line":124,"column":8},"end":{"line":124,"column":17}},"4":{"start":{"line":125,"column":8},"end":{"line":125,"column":41}},"5":{"start":{"line":126,"column":8},"end":{"line":126,"column":43}},"6":{"start":{"line":127,"column":8},"end":{"line":127,"column":45}},"7":{"start":{"line":128,"column":8},"end":{"line":128,"column":47}},"8":{"start":{"line":135,"column":8},"end":{"line":135,"column":16}},"9":{"start":{"line":142,"column":8},"end":{"line":142,"column":28}},"10":{"start":{"line":151,"column":8},"end":{"line":151,"column":31}},"11":{"start":{"line":152,"column":8},"end":{"line":152,"column":27}},"12":{"start":{"line":154,"column":8},"end":{"line":154,"column":38}},"13":{"start":{"line":182,"column":8},"end":{"line":182,"column":5658}},"14":{"start":{"line":191,"column":8},"end":{"line":191,"column":5888}},"15":{"start":{"line":202,"column":8},"end":{"line":202,"column":89}},"16":{"start":{"line":220,"column":8},"end":{"line":220,"column":6702}},"17":{"start":{"line":229,"column":8},"end":{"line":229,"column":6936}},"18":{"start":{"line":240,"column":8},"end":{"line":240,"column":89}},"19":{"start":{"line":260,"column":8},"end":{"line":260,"column":79}},"20":{"start":{"line":261,"column":8},"end":{"line":261,"column":57}},"21":{"start":{"line":262,"column":8},"end":{"line":262,"column":8070}},"22":{"start":{"line":267,"column":8},"end":{"line":267,"column":86}},"23":{"start":{"line":270,"column":8},"end":{"line":270,"column":49}},"24":{"start":{"line":273,"column":8},"end":{"line":273,"column":32}},"25":{"start":{"line":274,"column":8},"end":{"line":274,"column":8496}},"26":{"start":{"line":275,"column":12},"end":{"line":275,"column":99}},"27":{"start":{"line":277,"column":8},"end":{"line":277,"column":8650}},"28":{"start":{"line":282,"column":8},"end":{"line":282,"column":117}},"29":{"start":{"line":285,"column":8},"end":{"line":285,"column":67}},"30":{"start":{"line":288,"column":8},"end":{"line":288,"column":35}},"31":{"start":{"line":290,"column":8},"end":{"line":290,"column":9065}},"32":{"start":{"line":291,"column":12},"end":{"line":291,"column":84}},"33":{"start":{"line":292,"column":12},"end":{"line":292,"column":9201}},"34":{"start":{"line":293,"column":16},"end":{"line":293,"column":35}},"35":{"start":{"line":294,"column":16},"end":{"line":294,"column":58}},"36":{"start":{"line":296,"column":16},"end":{"line":296,"column":62}},"37":{"start":{"line":300,"column":8},"end":{"line":300,"column":9441}},"38":{"start":{"line":320,"column":8},"end":{"line":320,"column":9948}},"39":{"start":{"line":321,"column":12},"end":{"line":321,"column":72}},"40":{"start":{"line":323,"column":12},"end":{"line":323,"column":66}},"41":{"start":{"line":324,"column":12},"end":{"line":324,"column":55}},"42":{"start":{"line":336,"column":8},"end":{"line":336,"column":10415}},"43":{"start":{"line":337,"column":12},"end":{"line":337,"column":46}},"44":{"start":{"line":339,"column":12},"end":{"line":339,"column":58}},"45":{"start":{"line":352,"column":8},"end":{"line":352,"column":74}},"46":{"start":{"line":354,"column":8},"end":{"line":354,"column":57}},"47":{"start":{"line":355,"column":8},"end":{"line":355,"column":10998}},"48":{"start":{"line":356,"column":12},"end":{"line":356,"column":104}},"49":{"start":{"line":357,"column":15},"end":{"line":357,"column":11148}},"50":{"start":{"line":358,"column":12},"end":{"line":358,"column":104}},"51":{"start":{"line":360,"column":12},"end":{"line":360,"column":11316}}},"branchMap":{"1":{"line":262,"type":"if","locations":[{"start":{"line":262,"column":8},"end":{"line":262,"column":8}},{"start":{"line":262,"column":8},"end":{"line":262,"column":8}}]},"2":{"line":277,"type":"if","locations":[{"start":{"line":277,"column":8},"end":{"line":277,"column":8}},{"start":{"line":277,"column":8},"end":{"line":277,"column":8}}]},"3":{"line":292,"type":"if","locations":[{"start":{"line":292,"column":12},"end":{"line":292,"column":12}},{"start":{"line":292,"column":12},"end":{"line":292,"column":12}}]},"4":{"line":320,"type":"if","locations":[{"start":{"line":320,"column":8},"end":{"line":320,"column":8}},{"start":{"line":320,"column":8},"end":{"line":320,"column":8}}]},"5":{"line":336,"type":"if","locations":[{"start":{"line":336,"column":8},"end":{"line":336,"column":8}},{"start":{"line":336,"column":8},"end":{"line":336,"column":8}}]},"6":{"line":355,"type":"if","locations":[{"start":{"line":355,"column":8},"end":{"line":355,"column":8}},{"start":{"line":355,"column":8},"end":{"line":355,"column":8}}]},"7":{"line":357,"type":"if","locations":[{"start":{"line":357,"column":15},"end":{"line":357,"column":15}},{"start":{"line":357,"column":15},"end":{"line":357,"column":15}}]}}},
"contracts/bancor-portal/interfaces/IBancorPortal.sol":{"l":{},"path":"/Users/leonid/work/bancor/contracts-v3/contracts/bancor-portal/interfaces/IBancorPortal.sol","s":{},"b":{},"f":{},"fnMap":{},"statementMap":{},"branchMap":{}},
"contracts/network/BancorNetwork.sol":{"l":{"229":36,"230":36,"231":36,"232":36,"234":36,"235":36,"236":36,"237":36,"254":14,"267":14,"268":14,"269":14,"271":14,"282":14,"283":14,"284":14,"287":14,"288":14,"289":14,"300":106,"307":1,"314":1,"321":1,"328":114,"344":45977,"345":1,"349":45976,"350":45976,"351":45976,"355":1,"358":45975,"359":45975,"361":36845,"377":43,"378":1,"382":42,"385":41,"386":1,"389":40,"390":1,"393":39,"394":39,"395":26,"396":26,"397":0,"401":39,"402":39,"404":32,"420":219,"422":218,"429":3719,"430":3719,"431":3719,"432":730,"434":3719,"441":251,"448":11,"449":11,"450":11,"451":17,"453":11,"460":48156,"467":12840,"474":51947,"481":63,"483":63,"484":91,"492":52034,"493":2,"496":52032,"497":6,"502":52026,"503":52026,"504":4,"508":52022,"511":38586,"513":38586,"520":32,"521":32,"522":92,"525":92,"526":76,"527":0,"531":76,"552":4111,"567":116313,"590":128,"604":128,"618":12804,"639":29,"647":29,"654":147,"661":11094,"662":11094,"665":11094,"667":11090,"668":5230,"671":5860,"685":13126,"687":13084,"709":151,"711":133,"713":126,"732":4572,"734":4558,"756":135,"758":129,"760":122,"784":297,"785":1,"788":296,"791":296,"794":296,"797":295,"800":278,"801":278,"802":9,"806":269,"807":95,"809":174,"813":267,"814":86,"816":86,"819":181,"820":178,"823":255,"836":524,"840":524,"841":168,"843":356,"846":468,"858":24,"859":24,"860":12,"863":12,"865":12,"867":8,"874":2,"885":660,"896":12,"907":46218,"908":46218,"909":168,"912":46050,"914":46047,"925":261,"926":2,"939":120676,"946":11094,"962":120424,"964":120424,"965":24688,"968":95735,"986":24856,"989":24847,"992":24807,"1011":96343,"1014":96326,"1017":96312,"1035":256,"1037":256,"1039":252,"1058":5230,"1062":5230,"1065":5230,"1068":5228,"1079":5860,"1082":5860,"1086":5860,"1089":5860,"1102":17984,"1103":17974,"1105":17964,"1106":10,"1109":17954,"1110":17944,"1112":17924,"1113":20,"1137":17890,"1138":9178,"1141":17890,"1156":17890,"1157":17890,"1158":17890,"1159":17890,"1161":17890,"1162":12293,"1169":12288,"1171":12288,"1173":12288,"1185":5597,"1187":5582,"1189":5582,"1203":17870,"1206":17842,"1213":15236,"1230":23480,"1234":23480,"1252":23460,"1253":12254,"1260":23460,"1282":5597,"1283":2797,"1284":2797,"1287":2797,"1295":2790,"1302":2782,"1305":2800,"1306":2800,"1310":2800,"1318":2800,"1325":2800,"1336":114213,"1337":32553,"1338":12,"1343":32541,"1346":32540,"1347":1444,"1350":81660,"1351":12,"1354":81648,"1363":125847,"1364":125842,"1365":32,"1368":125810,"1381":12833,"1383":12827,"1390":46014,"1392":46014,"1393":45975,"1394":45975,"1395":45975,"1396":45975,"1397":45975,"1399":39,"1400":39,"1401":39,"1402":39,"1403":36},"path":"/Users/leonid/work/bancor/contracts-v3/contracts/network/BancorNetwork.sol","s":{"1":36,"2":36,"3":36,"4":36,"5":36,"6":36,"7":36,"8":36,"9":14,"10":14,"11":14,"12":14,"13":14,"14":14,"15":14,"16":14,"17":14,"18":14,"19":14,"20":106,"21":1,"22":1,"23":1,"24":114,"25":45977,"26":45976,"27":45976,"28":45976,"29":45975,"30":45975,"31":36845,"32":43,"33":42,"34":41,"35":40,"36":39,"37":39,"38":26,"39":26,"40":39,"41":39,"42":32,"43":219,"44":218,"45":3719,"46":3719,"47":3719,"48":730,"49":3719,"50":251,"51":11,"52":11,"53":11,"54":17,"55":11,"56":48156,"57":12840,"58":51947,"59":63,"60":63,"61":91,"62":52034,"63":52032,"64":52026,"65":52026,"66":52022,"67":38586,"68":38586,"69":32,"70":32,"71":92,"72":92,"73":76,"74":76,"75":4111,"76":116313,"77":128,"78":128,"79":12804,"80":29,"81":29,"82":147,"83":11094,"84":11094,"85":11094,"86":11090,"87":5230,"88":5860,"89":13126,"90":13084,"91":151,"92":133,"93":126,"94":4572,"95":4558,"96":135,"97":129,"98":122,"99":297,"100":296,"101":296,"102":296,"103":295,"104":278,"105":278,"106":269,"107":95,"108":174,"109":267,"110":86,"111":86,"112":181,"113":178,"114":255,"115":524,"116":524,"117":168,"118":356,"119":468,"120":24,"121":24,"122":11,"123":12,"124":12,"125":8,"126":2,"127":660,"128":12,"129":46218,"130":46218,"131":168,"132":46050,"133":46047,"134":261,"135":120676,"136":11094,"137":120424,"138":120424,"139":24688,"140":95735,"141":24856,"142":24847,"143":24807,"144":96343,"145":96326,"146":96312,"147":256,"148":256,"149":252,"150":5230,"151":5230,"152":5230,"153":5228,"154":5860,"155":5860,"156":5860,"157":5860,"158":17984,"159":17974,"160":17964,"161":17954,"162":17944,"163":17924,"164":17890,"165":9178,"166":17890,"167":17890,"168":17890,"169":17890,"170":17890,"171":17890,"172":12293,"173":12288,"174":12288,"175":12288,"176":5597,"177":5582,"178":5582,"179":17870,"180":17842,"181":15236,"182":23480,"183":23480,"184":23460,"185":12254,"186":23460,"187":5597,"188":2797,"189":2797,"190":2797,"191":2790,"192":2782,"193":2800,"194":2800,"195":2800,"196":2800,"197":2800,"198":114213,"199":32553,"200":32541,"201":32540,"202":1444,"203":81660,"204":81648,"205":125847,"206":125842,"207":125810,"208":12833,"209":12827,"210":46014,"211":46014,"212":45975,"213":45975,"214":45975,"215":45975,"216":45975,"217":39,"218":39,"219":39,"220":39,"221":36},"b":{"1":[1,45976],"2":[1,45975],"3":[1,42],"4":[1,40],"5":[1,39],"6":[26,13],"7":[0,26],"8":[2,52032],"9":[6,52026],"10":[4,52022],"11":[0,76],"12":[5230,5860],"13":[1,296],"14":[9,269],"15":[95,174],"16":[86,181],"17":[168,356],"18":[12,12],"19":[168,46050],"20":[2,259],"21":[24688,95736],"22":[10,17954],"23":[20,17904],"24":[9178,8712],"25":[12293,5597],"26":[12254,11206],"27":[2797,2800],"28":[32553,81660],"29":[12,32541],"30":[1444,31096],"31":[12,81648],"32":[32,125810],"33":[45975,39]},"f":{"1":36,"2":14,"3":14,"4":14,"5":106,"6":1,"7":1,"8":1,"9":114,"10":45977,"11":43,"12":219,"13":3719,"14":251,"15":11,"16":48156,"17":12840,"18":51947,"19":63,"20":52034,"21":32,"22":4111,"23":116313,"24":128,"25":128,"26":12804,"27":29,"28":147,"29":11094,"30":13126,"31":151,"32":4572,"33":135,"34":297,"35":524,"36":24,"37":2,"38":660,"39":12,"40":46218,"41":261,"42":120676,"43":11094,"44":120424,"45":24856,"46":96343,"47":256,"48":5230,"49":5860,"50":17984,"51":17890,"52":23480,"53":5597,"54":114213,"55":125847,"56":12833,"57":46014},"fnMap":{"1":{"name":"constructor","line":227,"loc":{"start":{"line":214,"column":4},"end":{"line":238,"column":4}}},"2":{"name":"initialize","line":252,"loc":{"start":{"line":243,"column":4},"end":{"line":255,"column":4}}},"3":{"name":"__BancorNetwork_init","line":266,"loc":{"start":{"line":262,"column":4},"end":{"line":272,"column":4}}},"4":{"name":"__BancorNetwork_init_unchained","line":281,"loc":{"start":{"line":277,"column":4},"end":{"line":290,"column":4}}},"5":{"name":"version","line":299,"loc":{"start":{"line":299,"column":4},"end":{"line":301,"column":4}}},"6":{"name":"roleMigrationManager","line":306,"loc":{"start":{"line":306,"column":4},"end":{"line":308,"column":4}}},"7":{"name":"roleEmergencyStopper","line":313,"loc":{"start":{"line":313,"column":4},"end":{"line":315,"column":4}}},"8":{"name":"roleNetworkFeeManager","line":320,"loc":{"start":{"line":320,"column":4},"end":{"line":322,"column":4}}},"9":{"name":"pendingNetworkFeeAmount","line":327,"loc":{"start":{"line":327,"column":4},"end":{"line":329,"column":4}}},"10":{"name":"addPoolCollection","line":342,"loc":{"start":{"line":338,"column":4},"end":{"line":362,"column":4}}},"11":{"name":"removePoolCollection","line":375,"loc":{"start":{"line":371,"column":4},"end":{"line":405,"column":4}}},"12":{"name":"setLatestPoolCollection","line":418,"loc":{"start":{"line":414,"column":4},"end":{"line":423,"column":4}}},"13":{"name":"poolCollections","line":428,"loc":{"start":{"line":428,"column":4},"end":{"line":435,"column":4}}},"14":{"name":"latestPoolCollection","line":440,"loc":{"start":{"line":440,"column":4},"end":{"line":442,"column":4}}},"15":{"name":"liquidityPools","line":447,"loc":{"start":{"line":447,"column":4},"end":{"line":454,"column":4}}},"16":{"name":"collectionByPool","line":459,"loc":{"start":{"line":459,"column":4},"end":{"line":461,"column":4}}},"17":{"name":"isPoolValid","line":466,"loc":{"start":{"line":466,"column":4},"end":{"line":468,"column":4}}},"18":{"name":"createPool","line":473,"loc":{"start":{"line":473,"column":4},"end":{"line":475,"column":4}}},"19":{"name":"createPools","line":480,"loc":{"start":{"line":480,"column":4},"end":{"line":486,"column":4}}},"20":{"name":"_createPool","line":491,"loc":{"start":{"line":491,"column":4},"end":{"line":514,"column":4}}},"21":{"name":"migratePools","line":519,"loc":{"start":{"line":519,"column":4},"end":{"line":533,"column":4}}},"22":{"name":"depositFor","line":549,"loc":{"start":{"line":538,"column":4},"end":{"line":553,"column":4}}},"23":{"name":"deposit","line":564,"loc":{"start":{"line":558,"column":4},"end":{"line":568,"column":4}}},"24":{"name":"depositForPermitted","line":587,"loc":{"start":{"line":573,"column":4},"end":{"line":591,"column":4}}},"25":{"name":"depositPermitted","line":603,"loc":{"start":{"line":596,"column":4},"end":{"line":605,"column":4}}},"26":{"name":"initWithdrawal","line":615,"loc":{"start":{"line":610,"column":4},"end":{"line":619,"column":4}}},"27":{"name":"initWithdrawalPermitted","line":636,"loc":{"start":{"line":624,"column":4},"end":{"line":648,"column":4}}},"28":{"name":"cancelWithdrawal","line":653,"loc":{"start":{"line":653,"column":4},"end":{"line":655,"column":4}}},"29":{"name":"withdraw","line":660,"loc":{"start":{"line":660,"column":4},"end":{"line":672,"column":4}}},"30":{"name":"tradeBySourceAmount","line":684,"loc":{"start":{"line":677,"column":4},"end":{"line":693,"column":4}}},"31":{"name":"tradeBySourceAmountPermitted","line":708,"loc":{"start":{"line":698,"column":4},"end":{"line":719,"column":4}}},"32":{"name":"tradeByTargetAmount","line":731,"loc":{"start":{"line":724,"column":4},"end":{"line":740,"column":4}}},"33":{"name":"tradeByTargetAmountPermitted","line":755,"loc":{"start":{"line":745,"column":4},"end":{"line":766,"column":4}}},"34":{"name":"flashLoan","line":782,"loc":{"start":{"line":771,"column":4},"end":{"line":824,"column":4}}},"35":{"name":"migrateLiquidity","line":835,"loc":{"start":{"line":829,"column":4},"end":{"line":847,"column":4}}},"36":{"name":"withdrawNetworkFees","line":856,"loc":{"start":{"line":852,"column":4},"end":{"line":868,"column":4}}},"37":{"name":"isPaused","line":873,"loc":{"start":{"line":873,"column":4},"end":{"line":875,"column":4}}},"38":{"name":"pause","line":884,"loc":{"start":{"line":884,"column":4},"end":{"line":886,"column":4}}},"39":{"name":"resume","line":895,"loc":{"start":{"line":895,"column":4},"end":{"line":897,"column":4}}},"40":{"name":"_setLatestPoolCollection","line":906,"loc":{"start":{"line":906,"column":4},"end":{"line":919,"column":4}}},"41":{"name":"_verifyLatestPoolCollectionCandidate","line":924,"loc":{"start":{"line":924,"column":4},"end":{"line":928,"column":4}}},"42":{"name":"_depositContextId","line":933,"loc":{"start":{"line":933,"column":4},"end":{"line":940,"column":4}}},"43":{"name":"_withdrawContextId","line":945,"loc":{"start":{"line":945,"column":4},"end":{"line":947,"column":4}}},"44":{"name":"_depositFor","line":956,"loc":{"start":{"line":956,"column":4},"end":{"line":969,"column":4}}},"45":{"name":"_depositBNTFor","line":978,"loc":{"start":{"line":978,"column":4},"end":{"line":993,"column":4}}},"46":{"name":"_depositBaseTokenFor","line":1002,"loc":{"start":{"line":1002,"column":4},"end":{"line":1018,"column":4}}},"47":{"name":"_depositBaseTokenForPermitted","line":1028,"loc":{"start":{"line":1028,"column":4},"end":{"line":1048,"column":4}}},"48":{"name":"_withdrawBNT","line":1053,"loc":{"start":{"line":1053,"column":4},"end":{"line":1069,"column":4}}},"49":{"name":"_withdrawBaseToken","line":1074,"loc":{"start":{"line":1074,"column":4},"end":{"line":1090,"column":4}}},"50":{"name":"_verifyTradeParams","line":1095,"loc":{"start":{"line":1095,"column":4},"end":{"line":1115,"column":4}}},"51":{"name":"_trade","line":1130,"loc":{"start":{"line":1130,"column":4},"end":{"line":1214,"column":4}}},"52":{"name":"_tradeBNT","line":1224,"loc":{"start":{"line":1224,"column":4},"end":{"line":1267,"column":4}}},"53":{"name":"_tradeBaseTokens","line":1277,"loc":{"start":{"line":1277,"column":4},"end":{"line":1326,"column":4}}},"54":{"name":"_depositToMasterVault","line":1331,"loc":{"start":{"line":1331,"column":4},"end":{"line":1356,"column":4}}},"55":{"name":"_poolCollection","line":1361,"loc":{"start":{"line":1361,"column":4},"end":{"line":1369,"column":4}}},"56":{"name":"_initWithdrawal","line":1374,"loc":{"start":{"line":1374,"column":4},"end":{"line":1384,"column":4}}},"57":{"name":"_setAccessRoles","line":1389,"loc":{"start":{"line":1389,"column":4},"end":{"line":1405,"column":4}}}},"statementMap":{"1":{"start":{"line":229,"column":8},"end":{"line":229,"column":41}},"2":{"start":{"line":230,"column":8},"end":{"line":230,"column":39}},"3":{"start":{"line":231,"column":8},"end":{"line":231,"column":43}},"4":{"start":{"line":232,"column":8},"end":{"line":232,"column":41}},"5":{"start":{"line":234,"column":8},"end":{"line":234,"column":45}},"6":{"start":{"line":235,"column":8},"end":{"line":235,"column":37}},"7":{"start":{"line":236,"column":8},"end":{"line":236,"column":61}},"8":{"start":{"line":237,"column":8},"end":{"line":237,"column":39}},"9":{"start":{"line":254,"column":8},"end":{"line":254,"column":82}},"10":{"start":{"line":267,"column":8},"end":{"line":267,"column":27}},"11":{"start":{"line":268,"column":8},"end":{"line":268,"column":31}},"12":{"start":{"line":269,"column":8},"end":{"line":269,"column":24}},"13":{"start":{"line":271,"column":8},"end":{"line":271,"column":92}},"14":{"start":{"line":282,"column":8},"end":{"line":282,"column":29}},"15":{"start":{"line":283,"column":8},"end":{"line":283,"column":51}},"16":{"start":{"line":284,"column":8},"end":{"line":284,"column":39}},"17":{"start":{"line":287,"column":8},"end":{"line":287,"column":56}},"18":{"start":{"line":288,"column":8},"end":{"line":288,"column":56}},"19":{"start":{"line":289,"column":8},"end":{"line":289,"column":58}},"20":{"start":{"line":300,"column":8},"end":{"line":300,"column":16}},"21":{"start":{"line":307,"column":8},"end":{"line":307,"column":37}},"22":{"start":{"line":314,"column":8},"end":{"line":314,"column":37}},"23":{"start":{"line":321,"column":8},"end":{"line":321,"column":39}},"24":{"start":{"line":328,"column":8},"end":{"line":328,"column":39}},"25":{"start":{"line":344,"column":8},"end":{"line":344,"column":11179}},"26":{"start":{"line":349,"column":8},"end":{"line":349,"column":51}},"27":{"start":{"line":350,"column":8},"end":{"line":350,"column":83}},"28":{"start":{"line":351,"column":8},"end":{"line":351,"column":11515}},"29":{"start":{"line":358,"column":8},"end":{"line":358,"column":57}},"30":{"start":{"line":359,"column":8},"end":{"line":359,"column":44}},"31":{"start":{"line":361,"column":8},"end":{"line":361,"column":88}},"32":{"start":{"line":377,"column":8},"end":{"line":377,"column":12312}},"33":{"start":{"line":382,"column":8},"end":{"line":382,"column":68}},"34":{"start":{"line":385,"column":8},"end":{"line":385,"column":12697}},"35":{"start":{"line":389,"column":8},"end":{"line":389,"column":12786}},"36":{"start":{"line":393,"column":8},"end":{"line":393,"column":51}},"37":{"start":{"line":394,"column":8},"end":{"line":394,"column":12950}},"38":{"start":{"line":395,"column":12},"end":{"line":395,"column":83}},"39":{"start":{"line":396,"column":12},"end":{"line":396,"column":13105}},"40":{"start":{"line":401,"column":8},"end":{"line":401,"column":66}},"41":{"start":{"line":402,"column":8},"end":{"line":402,"column":45}},"42":{"start":{"line":404,"column":8},"end":{"line":404,"column":90}},"43":{"start":{"line":420,"column":8},"end":{"line":420,"column":59}},"44":{"start":{"line":422,"column":8},"end":{"line":422,"column":74}},"45":{"start":{"line":429,"column":8},"end":{"line":429,"column":50}},"46":{"start":{"line":430,"column":8},"end":{"line":430,"column":69}},"47":{"start":{"line":431,"column":8},"end":{"line":431,"column":14187}},"48":{"start":{"line":432,"column":12},"end":{"line":432,"column":60}},"49":{"start":{"line":434,"column":8},"end":{"line":434,"column":19}},"50":{"start":{"line":441,"column":8},"end":{"line":441,"column":47}},"51":{"start":{"line":448,"column":8},"end":{"line":448,"column":49}},"52":{"start":{"line":449,"column":8},"end":{"line":449,"column":49}},"53":{"start":{"line":450,"column":8},"end":{"line":450,"column":14757}},"54":{"start":{"line":451,"column":12},"end":{"line":451,"column":49}},"55":{"start":{"line":453,"column":8},"end":{"line":453,"column":19}},"56":{"start":{"line":460,"column":8},"end":{"line":460,"column":38}},"57":{"start":{"line":467,"column":8},"end":{"line":467,"column":88}},"58":{"start":{"line":474,"column":8},"end":{"line":474,"column":35}},"59":{"start":{"line":481,"column":8},"end":{"line":481,"column":38}},"60":{"start":{"line":483,"column":8},"end":{"line":483,"column":15665}},"61":{"start":{"line":484,"column":12},"end":{"line":484,"column":43}},"62":{"start":{"line":492,"column":8},"end":{"line":492,"column":15916}},"63":{"start":{"line":496,"column":8},"end":{"line":496,"column":15997}},"64":{"start":{"line":502,"column":8},"end":{"line":502,"column":73}},"65":{"start":{"line":503,"column":8},"end":{"line":503,"column":16308}},"66":{"start":{"line":508,"column":8},"end":{"line":508,"column":39}},"67":{"start":{"line":511,"column":8},"end":{"line":511,"column":48}},"68":{"start":{"line":513,"column":8},"end":{"line":513,"column":71}},"69":{"start":{"line":520,"column":8},"end":{"line":520,"column":37}},"70":{"start":{"line":521,"column":8},"end":{"line":521,"column":16863}},"71":{"start":{"line":522,"column":12},"end":{"line":522,"column":33}},"72":{"start":{"line":525,"column":12},"end":{"line":525,"column":79}},"73":{"start":{"line":526,"column":12},"end":{"line":526,"column":17141}},"74":{"start":{"line":531,"column":12},"end":{"line":531,"column":54}},"75":{"start":{"line":552,"column":8},"end":{"line":552,"column":67}},"76":{"start":{"line":567,"column":8},"end":{"line":567,"column":69}},"77":{"start":{"line":590,"column":8},"end":{"line":590,"column":116}},"78":{"start":{"line":604,"column":8},"end":{"line":604,"column":118}},"79":{"start":{"line":618,"column":8},"end":{"line":618,"column":70}},"80":{"start":{"line":639,"column":8},"end":{"line":639,"column":20019}},"81":{"start":{"line":647,"column":8},"end":{"line":647,"column":70}},"82":{"start":{"line":654,"column":8},"end":{"line":654,"column":59}},"83":{"start":{"line":661,"column":8},"end":{"line":661,"column":37}},"84":{"start":{"line":662,"column":8},"end":{"line":662,"column":60}},"85":{"start":{"line":665,"column":8},"end":{"line":665,"column":117}},"86":{"start":{"line":667,"column":8},"end":{"line":667,"column":20927}},"87":{"start":{"line":668,"column":12},"end":{"line":668,"column":70}},"88":{"start":{"line":671,"column":8},"end":{"line":671,"column":72}},"89":{"start":{"line":685,"column":8},"end":{"line":685,"column":92}},"90":{"start":{"line":687,"column":8},"end":{"line":687,"column":21553}},"91":{"start":{"line":709,"column":8},"end":{"line":709,"column":92}},"92":{"start":{"line":711,"column":8},"end":{"line":711,"column":109}},"93":{"start":{"line":713,"column":8},"end":{"line":713,"column":22432}},"94":{"start":{"line":732,"column":8},"end":{"line":732,"column":92}},"95":{"start":{"line":734,"column":8},"end":{"line":734,"column":23142}},"96":{"start":{"line":756,"column":8},"end":{"line":756,"column":92}},"97":{"start":{"line":758,"column":8},"end":{"line":758,"column":112}},"98":{"start":{"line":760,"column":8},"end":{"line":760,"column":24025}},"99":{"start":{"line":784,"column":8},"end":{"line":784,"column":24701}},"100":{"start":{"line":788,"column":8},"end":{"line":788,"column":107}},"101":{"start":{"line":791,"column":8},"end":{"line":791,"column":60}},"102":{"start":{"line":794,"column":8},"end":{"line":794,"column":77}},"103":{"start":{"line":797,"column":8},"end":{"line":797,"column":83}},"104":{"start":{"line":800,"column":8},"end":{"line":800,"column":77}},"105":{"start":{"line":801,"column":8},"end":{"line":801,"column":25481}},"106":{"start":{"line":806,"column":8},"end":{"line":806,"column":25654}},"107":{"start":{"line":807,"column":12},"end":{"line":807,"column":67}},"108":{"start":{"line":809,"column":12},"end":{"line":809,"column":77}},"109":{"start":{"line":813,"column":8},"end":{"line":813,"column":25907}},"110":{"start":{"line":814,"column":12},"end":{"line":814,"column":45}},"111":{"start":{"line":816,"column":12},"end":{"line":816,"column":65}},"112":{"start":{"line":819,"column":12},"end":{"line":819,"column":67}},"113":{"start":{"line":820,"column":12},"end":{"line":820,"column":59}},"114":{"start":{"line":823,"column":8},"end":{"line":823,"column":109}},"115":{"start":{"line":836,"column":8},"end":{"line":836,"column":26697}},"116":{"start":{"line":840,"column":8},"end":{"line":840,"column":26855}},"117":{"start":{"line":841,"column":12},"end":{"line":841,"column":88}},"118":{"start":{"line":843,"column":12},"end":{"line":843,"column":96}},"119":{"start":{"line":846,"column":8},"end":{"line":846,"column":95}},"120":{"start":{"line":858,"column":8},"end":{"line":858,"column":73}},"121":{"start":{"line":859,"column":8},"end":{"line":859,"column":27515}},"122":{"start":{"line":860,"column":12},"end":{"line":860,"column":18}},"123":{"start":{"line":863,"column":8},"end":{"line":863,"column":35}},"124":{"start":{"line":865,"column":8},"end":{"line":865,"column":107}},"125":{"start":{"line":867,"column":8},"end":{"line":867,"column":88}},"126":{"start":{"line":874,"column":8},"end":{"line":874,"column":23}},"127":{"start":{"line":885,"column":8},"end":{"line":885,"column":15}},"128":{"start":{"line":896,"column":8},"end":{"line":896,"column":17}},"129":{"start":{"line":907,"column":8},"end":{"line":907,"column":83}},"130":{"start":{"line":908,"column":8},"end":{"line":908,"column":28855}},"131":{"start":{"line":909,"column":12},"end":{"line":909,"column":18}},"132":{"start":{"line":912,"column":8},"end":{"line":912,"column":56}},"133":{"start":{"line":914,"column":8},"end":{"line":914,"column":29006}},"134":{"start":{"line":925,"column":8},"end":{"line":925,"column":29438}},"135":{"start":{"line":939,"column":8},"end":{"line":939,"column":88}},"136":{"start":{"line":946,"column":8},"end":{"line":946,"column":63}},"137":{"start":{"line":962,"column":8},"end":{"line":962,"column":82}},"138":{"start":{"line":964,"column":8},"end":{"line":964,"column":30634}},"139":{"start":{"line":965,"column":12},"end":{"line":965,"column":85}},"140":{"start":{"line":968,"column":8},"end":{"line":968,"column":96}},"141":{"start":{"line":986,"column":8},"end":{"line":986,"column":41}},"142":{"start":{"line":989,"column":8},"end":{"line":989,"column":67}},"143":{"start":{"line":992,"column":8},"end":{"line":992,"column":100}},"144":{"start":{"line":1011,"column":8},"end":{"line":1011,"column":59}},"145":{"start":{"line":1014,"column":8},"end":{"line":1014,"column":62}},"146":{"start":{"line":1017,"column":8},"end":{"line":1017,"column":80}},"147":{"start":{"line":1035,"column":8},"end":{"line":1035,"column":35}},"148":{"start":{"line":1037,"column":8},"end":{"line":1037,"column":75}},"149":{"start":{"line":1039,"column":8},"end":{"line":1039,"column":33095}},"150":{"start":{"line":1058,"column":8},"end":{"line":1058,"column":41}},"151":{"start":{"line":1062,"column":8},"end":{"line":1062,"column":99}},"152":{"start":{"line":1065,"column":8},"end":{"line":1065,"column":93}},"153":{"start":{"line":1068,"column":8},"end":{"line":1068,"column":92}},"154":{"start":{"line":1079,"column":8},"end":{"line":1079,"column":62}},"155":{"start":{"line":1082,"column":8},"end":{"line":1082,"column":62}},"156":{"start":{"line":1086,"column":8},"end":{"line":1086,"column":100}},"157":{"start":{"line":1089,"column":8},"end":{"line":1089,"column":99}},"158":{"start":{"line":1102,"column":8},"end":{"line":1102,"column":42}},"159":{"start":{"line":1103,"column":8},"end":{"line":1103,"column":42}},"160":{"start":{"line":1105,"column":8},"end":{"line":1105,"column":35415}},"161":{"start":{"line":1109,"column":8},"end":{"line":1109,"column":31}},"162":{"start":{"line":1110,"column":8},"end":{"line":1110,"column":30}},"163":{"start":{"line":1112,"column":8},"end":{"line":1112,"column":35571}},"164":{"start":{"line":1137,"column":8},"end":{"line":1137,"column":36421}},"165":{"start":{"line":1138,"column":12},"end":{"line":1138,"column":53}},"166":{"start":{"line":1141,"column":8},"end":{"line":1141,"column":36541}},"167":{"start":{"line":1156,"column":8},"end":{"line":1156,"column":55}},"168":{"start":{"line":1157,"column":8},"end":{"line":1157,"column":46}},"169":{"start":{"line":1158,"column":8},"end":{"line":1158,"column":45}},"170":{"start":{"line":1159,"column":8},"end":{"line":1159,"column":32}},"171":{"start":{"line":1161,"column":8},"end":{"line":1161,"column":37215}},"172":{"start":{"line":1162,"column":12},"end":{"line":1162,"column":37282}},"173":{"start":{"line":1169,"column":12},"end":{"line":1169,"column":51}},"174":{"start":{"line":1171,"column":12},"end":{"line":1171,"column":65}},"175":{"start":{"line":1173,"column":12},"end":{"line":1173,"column":37610}},"176":{"start":{"line":1185,"column":12},"end":{"line":1185,"column":98}},"177":{"start":{"line":1187,"column":12},"end":{"line":1187,"column":104}},"178":{"start":{"line":1189,"column":12},"end":{"line":1189,"column":38444}},"179":{"start":{"line":1203,"column":8},"end":{"line":1203,"column":101}},"180":{"start":{"line":1206,"column":8},"end":{"line":1206,"column":39232}},"181":{"start":{"line":1213,"column":8},"end":{"line":1213,"column":51}},"182":{"start":{"line":1230,"column":8},"end":{"line":1230,"column":40201}},"183":{"start":{"line":1234,"column":8},"end":{"line":1234,"column":40345}},"184":{"start":{"line":1252,"column":8},"end":{"line":1252,"column":41084}},"185":{"start":{"line":1253,"column":12},"end":{"line":1253,"column":41116}},"186":{"start":{"line":1260,"column":8},"end":{"line":1260,"column":41312}},"187":{"start":{"line":1282,"column":8},"end":{"line":1282,"column":42308}},"188":{"start":{"line":1283,"column":12},"end":{"line":1283,"column":48}},"189":{"start":{"line":1284,"column":12},"end":{"line":1284,"column":50}},"190":{"start":{"line":1287,"column":12},"end":{"line":1287,"column":42535}},"191":{"start":{"line":1295,"column":12},"end":{"line":1295,"column":42892}},"192":{"start":{"line":1302,"column":12},"end":{"line":1302,"column":43}},"193":{"start":{"line":1305,"column":8},"end":{"line":1305,"column":44}},"194":{"start":{"line":1306,"column":8},"end":{"line":1306,"column":46}},"195":{"start":{"line":1310,"column":8},"end":{"line":1310,"column":43460}},"196":{"start":{"line":1318,"column":8},"end":{"line":1318,"column":43801}},"197":{"start":{"line":1325,"column":8},"end":{"line":1325,"column":39}},"198":{"start":{"line":1336,"column":8},"end":{"line":1336,"column":44329}},"199":{"start":{"line":1337,"column":12},"end":{"line":1337,"column":44369}},"200":{"start":{"line":1343,"column":12},"end":{"line":1343,"column":59}},"201":{"start":{"line":1346,"column":12},"end":{"line":1346,"column":44816}},"202":{"start":{"line":1347,"column":16},"end":{"line":1347,"column":69}},"203":{"start":{"line":1350,"column":12},"end":{"line":1350,"column":44957}},"204":{"start":{"line":1354,"column":12},"end":{"line":1354,"column":72}},"205":{"start":{"line":1363,"column":8},"end":{"line":1363,"column":65}},"206":{"start":{"line":1364,"column":8},"end":{"line":1364,"column":45475}},"207":{"start":{"line":1368,"column":8},"end":{"line":1368,"column":29}},"208":{"start":{"line":1381,"column":8},"end":{"line":1381,"column":90}},"209":{"start":{"line":1383,"column":8},"end":{"line":1383,"column":87}},"210":{"start":{"line":1390,"column":8},"end":{"line":1390,"column":63}},"211":{"start":{"line":1392,"column":8},"end":{"line":1392,"column":46462}},"212":{"start":{"line":1393,"column":12},"end":{"line":1393,"column":70}},"213":{"start":{"line":1394,"column":12},"end":{"line":1394,"column":72}},"214":{"start":{"line":1395,"column":12},"end":{"line":1395,"column":74}},"215":{"start":{"line":1396,"column":12},"end":{"line":1396,"column":76}},"216":{"start":{"line":1397,"column":12},"end":{"line":1397,"column":88}},"217":{"start":{"line":1399,"column":12},"end":{"line":1399,"column":71}},"218":{"start":{"line":1400,"column":12},"end":{"line":1400,"column":73}},"219":{"start":{"line":1401,"column":12},"end":{"line":1401,"column":75}},"220":{"start":{"line":1402,"column":12},"end":{"line":1402,"column":77}},"221":{"start":{"line":1403,"column":12},"end":{"line":1403,"column":89}}},"branchMap":{"1":{"line":344,"type":"if","locations":[{"start":{"line":344,"column":8},"end":{"line":344,"column":8}},{"start":{"line":344,"column":8},"end":{"line":344,"column":8}}]},"2":{"line":351,"type":"if","locations":[{"start":{"line":351,"column":8},"end":{"line":351,"column":8}},{"start":{"line":351,"column":8},"end":{"line":351,"column":8}}]},"3":{"line":377,"type":"if","locations":[{"start":{"line":377,"column":8},"end":{"line":377,"column":8}},{"start":{"line":377,"column":8},"end":{"line":377,"column":8}}]},"4":{"line":385,"type":"if","locations":[{"start":{"line":385,"column":8},"end":{"line":385,"column":8}},{"start":{"line":385,"column":8},"end":{"line":385,"column":8}}]},"5":{"line":389,"type":"if","locations":[{"start":{"line":389,"column":8},"end":{"line":389,"column":8}},{"start":{"line":389,"column":8},"end":{"line":389,"column":8}}]},"6":{"line":394,"type":"if","locations":[{"start":{"line":394,"column":8},"end":{"line":394,"column":8}},{"start":{"line":394,"column":8},"end":{"line":394,"column":8}}]},"7":{"line":396,"type":"if","locations":[{"start":{"line":396,"column":12},"end":{"line":396,"column":12}},{"start":{"line":396,"column":12},"end":{"line":396,"column":12}}]},"8":{"line":492,"type":"if","locations":[{"start":{"line":492,"column":8},"end":{"line":492,"column":8}},{"start":{"line":492,"column":8},"end":{"line":492,"column":8}}]},"9":{"line":496,"type":"if","locations":[{"start":{"line":496,"column":8},"end":{"line":496,"column":8}},{"start":{"line":496,"column":8},"end":{"line":496,"column":8}}]},"10":{"line":503,"type":"if","locations":[{"start":{"line":503,"column":8},"end":{"line":503,"column":8}},{"start":{"line":503,"column":8},"end":{"line":503,"column":8}}]},"11":{"line":526,"type":"if","locations":[{"start":{"line":526,"column":12},"end":{"line":526,"column":12}},{"start":{"line":526,"column":12},"end":{"line":526,"column":12}}]},"12":{"line":667,"type":"if","locations":[{"start":{"line":667,"column":8},"end":{"line":667,"column":8}},{"start":{"line":667,"column":8},"end":{"line":667,"column":8}}]},"13":{"line":784,"type":"if","locations":[{"start":{"line":784,"column":8},"end":{"line":784,"column":8}},{"start":{"line":784,"column":8},"end":{"line":784,"column":8}}]},"14":{"line":801,"type":"if","locations":[{"start":{"line":801,"column":8},"end":{"line":801,"column":8}},{"start":{"line":801,"column":8},"end":{"line":801,"column":8}}]},"15":{"line":806,"type":"if","locations":[{"start":{"line":806,"column":8},"end":{"line":806,"column":8}},{"start":{"line":806,"column":8},"end":{"line":806,"column":8}}]},"16":{"line":813,"type":"if","locations":[{"start":{"line":813,"column":8},"end":{"line":813,"column":8}},{"start":{"line":813,"column":8},"end":{"line":813,"column":8}}]},"17":{"line":840,"type":"if","locations":[{"start":{"line":840,"column":8},"end":{"line":840,"column":8}},{"start":{"line":840,"column":8},"end":{"line":840,"column":8}}]},"18":{"line":859,"type":"if","locations":[{"start":{"line":859,"column":8},"end":{"line":859,"column":8}},{"start":{"line":859,"column":8},"end":{"line":859,"column":8}}]},"19":{"line":908,"type":"if","locations":[{"start":{"line":908,"column":8},"end":{"line":908,"column":8}},{"start":{"line":908,"column":8},"end":{"line":908,"column":8}}]},"20":{"line":925,"type":"if","locations":[{"start":{"line":925,"column":8},"end":{"line":925,"column":8}},{"start":{"line":925,"column":8},"end":{"line":925,"column":8}}]},"21":{"line":964,"type":"if","locations":[{"start":{"line":964,"column":8},"end":{"line":964,"column":8}},{"start":{"line":964,"column":8},"end":{"line":964,"column":8}}]},"22":{"line":1105,"type":"if","locations":[{"start":{"line":1105,"column":8},"end":{"line":1105,"column":8}},{"start":{"line":1105,"column":8},"end":{"line":1105,"column":8}}]},"23":{"line":1112,"type":"if","locations":[{"start":{"line":1112,"column":8},"end":{"line":1112,"column":8}},{"start":{"line":1112,"column":8},"end":{"line":1112,"column":8}}]},"24":{"line":1137,"type":"if","locations":[{"start":{"line":1137,"column":8},"end":{"line":1137,"column":8}},{"start":{"line":1137,"column":8},"end":{"line":1137,"column":8}}]},"25":{"line":1161,"type":"if","locations":[{"start":{"line":1161,"column":8},"end":{"line":1161,"column":8}},{"start":{"line":1161,"column":8},"end":{"line":1161,"column":8}}]},"26":{"line":1252,"type":"if","locations":[{"start":{"line":1252,"column":8},"end":{"line":1252,"column":8}},{"start":{"line":1252,"column":8},"end":{"line":1252,"column":8}}]},"27":{"line":1282,"type":"if","locations":[{"start":{"line":1282,"column":8},"end":{"line":1282,"column":8}},{"start":{"line":1282,"column":8},"end":{"line":1282,"column":8}}]},"28":{"line":1336,"type":"if","locations":[{"start":{"line":1336,"column":8},"end":{"line":1336,"column":8}},{"start":{"line":1336,"column":8},"end":{"line":1336,"column":8}}]},"29":{"line":1337,"type":"if","locations":[{"start":{"line":1337,"column":12},"end":{"line":1337,"column":12}},{"start":{"line":1337,"column":12},"end":{"line":1337,"column":12}}]},"30":{"line":1346,"type":"if","locations":[{"start":{"line":1346,"column":12},"end":{"line":1346,"column":12}},{"start":{"line":1346,"column":12},"end":{"line":1346,"column":12}}]},"31":{"line":1350,"type":"if","locations":[{"start":{"line":1350,"column":12},"end":{"line":1350,"column":12}},{"start":{"line":1350,"column":12},"end":{"line":1350,"column":12}}]},"32":{"line":1364,"type":"if","locations":[{"start":{"line":1364,"column":8},"end":{"line":1364,"column":8}},{"start":{"line":1364,"column":8},"end":{"line":1364,"column":8}}]},"33":{"line":1392,"type":"if","locations":[{"start":{"line":1392,"column":8},"end":{"line":1392,"column":8}},{"start":{"line":1392,"column":8},"end":{"line":1392,"column":8}}]}}},
"contracts/network/BancorNetworkInfo.sol":{"l":{"92":73,"93":72,"94":71,"95":70,"96":69,"97":68,"98":67,"99":66,"100":65,"101":64,"103":63,"104":63,"105":63,"106":63,"107":63,"108":63,"109":63,"110":63,"111":63,"112":63,"113":63,"114":63,"115":63,"122":63,"131":63,"133":63,"144":592,"146":520,"153":592,"154":568,"156":544,"157":24,"165":2,"172":2,"179":2807,"186":2,"193":2,"200":2,"207":2,"214":2,"221":2,"228":2,"235":2,"242":640,"249":2,"256":2,"267":48,"278":448,"285":2,"292":12,"302":12,"318":16,"319":3,"320":3,"323":13,"324":13,"337":496,"338":496,"341":496,"342":226,"343":226,"345":213,"354":270,"355":26,"359":21,"367":244,"371":231,"382":785,"383":785,"384":48,"387":737},"path":"/Users/leonid/work/bancor/contracts-v3/contracts/network/BancorNetworkInfo.sol","s":{"1":73,"2":72,"3":71,"4":70,"5":69,"6":68,"7":67,"8":66,"9":65,"10":64,"11":63,"12":63,"13":63,"14":63,"15":63,"16":63,"17":63,"18":63,"19":63,"20":63,"21":63,"22":63,"23":63,"24":63,"25":63,"26":63,"27":592,"28":592,"29":568,"30":544,"31":2,"32":2,"33":2807,"34":2,"35":2,"36":2,"37":2,"38":2,"39":2,"40":2,"41":2,"42":640,"43":2,"44":2,"45":48,"46":448,"47":2,"48":12,"49":12,"50":16,"51":3,"52":3,"53":13,"54":13,"55":496,"56":496,"57":496,"58":226,"59":226,"60":213,"61":270,"62":26,"63":21,"64":244,"65":231,"66":785,"67":785,"68":737},"b":{"1":[24,520],"2":[3,13],"3":[226,270],"4":[26,244],"5":[48,737]},"f":{"1":73,"2":63,"3":63,"4":63,"5":592,"6":592,"7":2,"8":2,"9":2807,"10":2,"11":2,"12":2,"13":2,"14":2,"15":2,"16":2,"17":2,"18":640,"19":2,"20":2,"21":48,"22":448,"23":2,"24":12,"25":12,"26":16,"27":496,"28":785},"fnMap":{"1":{"name":"constructor","line":80,"loc":{"start":{"line":80,"column":4},"end":{"line":116,"column":4}}},"2":{"name":"initialize","line":121,"loc":{"start":{"line":121,"column":4},"end":{"line":123,"column":4}}},"3":{"name":"__BancorNetworkInfo_init","line":130,"loc":{"start":{"line":130,"column":4},"end":{"line":134,"column":4}}},"4":{"name":"__BancorNetworkInfo_init_unchained","line":139,"loc":{"start":{"line":139,"column":4},"end":{"line":139,"column":77}}},"5":{"name":"validTokensForTrade","line":143,"loc":{"start":{"line":143,"column":4},"end":{"line":147,"column":4}}},"6":{"name":"_validTokensForTrade","line":152,"loc":{"start":{"line":152,"column":4},"end":{"line":159,"column":4}}},"7":{"name":"version","line":164,"loc":{"start":{"line":164,"column":4},"end":{"line":166,"column":4}}},"8":{"name":"network","line":171,"loc":{"start":{"line":171,"column":4},"end":{"line":173,"column":4}}},"9":{"name":"bnt","line":178,"loc":{"start":{"line":178,"column":4},"end":{"line":180,"column":4}}},"10":{"name":"bntGovernance","line":185,"loc":{"start":{"line":185,"column":4},"end":{"line":187,"column":4}}},"11":{"name":"vbnt","line":192,"loc":{"start":{"line":192,"column":4},"end":{"line":194,"column":4}}},"12":{"name":"vbntGovernance","line":199,"loc":{"start":{"line":199,"column":4},"end":{"line":201,"column":4}}},"13":{"name":"networkSettings","line":206,"loc":{"start":{"line":206,"column":4},"end":{"line":208,"column":4}}},"14":{"name":"masterVault","line":213,"loc":{"start":{"line":213,"column":4},"end":{"line":215,"column":4}}},"15":{"name":"externalProtectionVault","line":220,"loc":{"start":{"line":220,"column":4},"end":{"line":222,"column":4}}},"16":{"name":"externalRewardsVault","line":227,"loc":{"start":{"line":227,"column":4},"end":{"line":229,"column":4}}},"17":{"name":"bntPool","line":234,"loc":{"start":{"line":234,"column":4},"end":{"line":236,"column":4}}},"18":{"name":"poolToken","line":241,"loc":{"start":{"line":241,"column":4},"end":{"line":243,"column":4}}},"19":{"name":"pendingWithdrawals","line":248,"loc":{"start":{"line":248,"column":4},"end":{"line":250,"column":4}}},"20":{"name":"poolMigrator","line":255,"loc":{"start":{"line":255,"column":4},"end":{"line":257,"column":4}}},"21":{"name":"tradeOutputBySourceAmount","line":266,"loc":{"start":{"line":262,"column":4},"end":{"line":268,"column":4}}},"22":{"name":"tradeInputByTargetAmount","line":277,"loc":{"start":{"line":273,"column":4},"end":{"line":279,"column":4}}},"23":{"name":"isReadyForWithdrawal","line":284,"loc":{"start":{"line":284,"column":4},"end":{"line":286,"column":4}}},"24":{"name":"poolTokenToUnderlying","line":291,"loc":{"start":{"line":291,"column":4},"end":{"line":296,"column":4}}},"25":{"name":"underlyingToPoolToken","line":301,"loc":{"start":{"line":301,"column":4},"end":{"line":306,"column":4}}},"26":{"name":"withdrawalAmounts","line":315,"loc":{"start":{"line":311,"column":4},"end":{"line":325,"column":4}}},"27":{"name":"_tradeOutputAmount","line":331,"loc":{"start":{"line":331,"column":4},"end":{"line":375,"column":4}}},"28":{"name":"_poolCollection","line":380,"loc":{"start":{"line":380,"column":4},"end":{"line":388,"column":4}}}},"statementMap":{"1":{"start":{"line":92,"column":8},"end":{"line":92,"column":42}},"2":{"start":{"line":93,"column":8},"end":{"line":93,"column":48}},"3":{"start":{"line":94,"column":8},"end":{"line":94,"column":49}},"4":{"start":{"line":95,"column":8},"end":{"line":95,"column":50}},"5":{"start":{"line":96,"column":8},"end":{"line":96,"column":46}},"6":{"start":{"line":97,"column":8},"end":{"line":97,"column":58}},"7":{"start":{"line":98,"column":8},"end":{"line":98,"column":55}},"8":{"start":{"line":99,"column":8},"end":{"line":99,"column":42}},"9":{"start":{"line":100,"column":8},"end":{"line":100,"column":53}},"10":{"start":{"line":101,"column":8},"end":{"line":101,"column":47}},"11":{"start":{"line":103,"column":8},"end":{"line":103,"column":29}},"12":{"start":{"line":104,"column":8},"end":{"line":104,"column":41}},"13":{"start":{"line":105,"column":8},"end":{"line":105,"column":39}},"14":{"start":{"line":106,"column":8},"end":{"line":106,"column":43}},"15":{"start":{"line":107,"column":8},"end":{"line":107,"column":41}},"16":{"start":{"line":108,"column":8},"end":{"line":108,"column":45}},"17":{"start":{"line":109,"column":8},"end":{"line":109,"column":37}},"18":{"start":{"line":110,"column":8},"end":{"line":110,"column":61}},"19":{"start":{"line":111,"column":8},"end":{"line":111,"column":55}},"20":{"start":{"line":112,"column":8},"end":{"line":112,"column":29}},"21":{"start":{"line":113,"column":8},"end":{"line":113,"column":46}},"22":{"start":{"line":114,"column":8},"end":{"line":114,"column":51}},"23":{"start":{"line":115,"column":8},"end":{"line":115,"column":39}},"24":{"start":{"line":122,"column":8},"end":{"line":122,"column":33}},"25":{"start":{"line":131,"column":8},"end":{"line":131,"column":27}},"26":{"start":{"line":133,"column":8},"end":{"line":133,"column":43}},"27":{"start":{"line":144,"column":8},"end":{"line":144,"column":53}},"28":{"start":{"line":153,"column":8},"end":{"line":153,"column":42}},"29":{"start":{"line":154,"column":8},"end":{"line":154,"column":42}},"30":{"start":{"line":156,"column":8},"end":{"line":156,"column":5557}},"31":{"start":{"line":165,"column":8},"end":{"line":165,"column":16}},"32":{"start":{"line":172,"column":8},"end":{"line":172,"column":23}},"33":{"start":{"line":179,"column":8},"end":{"line":179,"column":19}},"34":{"start":{"line":186,"column":8},"end":{"line":186,"column":29}},"35":{"start":{"line":193,"column":8},"end":{"line":193,"column":20}},"36":{"start":{"line":200,"column":8},"end":{"line":200,"column":30}},"37":{"start":{"line":207,"column":8},"end":{"line":207,"column":31}},"38":{"start":{"line":214,"column":8},"end":{"line":214,"column":27}},"39":{"start":{"line":221,"column":8},"end":{"line":221,"column":39}},"40":{"start":{"line":228,"column":8},"end":{"line":228,"column":36}},"41":{"start":{"line":235,"column":8},"end":{"line":235,"column":23}},"42":{"start":{"line":242,"column":8},"end":{"line":242,"column":89}},"43":{"start":{"line":249,"column":8},"end":{"line":249,"column":34}},"44":{"start":{"line":256,"column":8},"end":{"line":256,"column":28}},"45":{"start":{"line":267,"column":8},"end":{"line":267,"column":79}},"46":{"start":{"line":278,"column":8},"end":{"line":278,"column":80}},"47":{"start":{"line":285,"column":8},"end":{"line":285,"column":59}},"48":{"start":{"line":292,"column":8},"end":{"line":292,"column":9161}},"49":{"start":{"line":302,"column":8},"end":{"line":302,"column":9518}},"50":{"start":{"line":318,"column":8},"end":{"line":318,"column":9921}},"51":{"start":{"line":319,"column":12},"end":{"line":319,"column":71}},"52":{"start":{"line":320,"column":12},"end":{"line":320,"column":100}},"53":{"start":{"line":323,"column":8},"end":{"line":323,"column":62}},"54":{"start":{"line":324,"column":8},"end":{"line":324,"column":70}},"55":{"start":{"line":337,"column":8},"end":{"line":337,"column":52}},"56":{"start":{"line":338,"column":8},"end":{"line":338,"column":52}},"57":{"start":{"line":341,"column":8},"end":{"line":341,"column":10822}},"58":{"start":{"line":342,"column":12},"end":{"line":342,"column":65}},"59":{"start":{"line":343,"column":12},"end":{"line":343,"column":67}},"60":{"start":{"line":345,"column":12},"end":{"line":345,"column":11021}},"61":{"start":{"line":354,"column":8},"end":{"line":354,"column":11440}},"62":{"start":{"line":355,"column":12},"end":{"line":355,"column":11489}},"63":{"start":{"line":359,"column":12},"end":{"line":359,"column":11675}},"64":{"start":{"line":367,"column":8},"end":{"line":367,"column":12009}},"65":{"start":{"line":371,"column":8},"end":{"line":371,"column":12190}},"66":{"start":{"line":382,"column":8},"end":{"line":382,"column":73}},"67":{"start":{"line":383,"column":8},"end":{"line":383,"column":12710}},"68":{"start":{"line":387,"column":8},"end":{"line":387,"column":29}}},"branchMap":{"1":{"line":156,"type":"if","locations":[{"start":{"line":156,"column":8},"end":{"line":156,"column":8}},{"start":{"line":156,"column":8},"end":{"line":156,"column":8}}]},"2":{"line":318,"type":"if","locations":[{"start":{"line":318,"column":8},"end":{"line":318,"column":8}},{"start":{"line":318,"column":8},"end":{"line":318,"column":8}}]},"3":{"line":341,"type":"if","locations":[{"start":{"line":341,"column":8},"end":{"line":341,"column":8}},{"start":{"line":341,"column":8},"end":{"line":341,"column":8}}]},"4":{"line":354,"type":"if","locations":[{"start":{"line":354,"column":8},"end":{"line":354,"column":8}},{"start":{"line":354,"column":8},"end":{"line":354,"column":8}}]},"5":{"line":383,"type":"if","locations":[{"start":{"line":383,"column":8},"end":{"line":383,"column":8}},{"start":{"line":383,"column":8},"end":{"line":383,"column":8}}]}}},
"contracts/network/BancorV1Migration.sol":{"l":{"66":279,"67":279,"68":279,"75":2,"91":1035,"93":1035,"95":1035,"97":1035,"98":1035,"99":1035,"101":1035,"103":1035,"105":1035,"106":2070,"107":2070,"108":1566,"109":261,"111":1305,"112":1287,"115":504,"116":252,"118":252,"123":774},"path":"/Users/leonid/work/bancor/contracts-v3/contracts/network/BancorV1Migration.sol","s":{"1":279,"2":279,"3":279,"4":2,"5":1035,"6":1035,"7":1035,"8":1035,"9":1035,"10":1035,"11":1035,"12":1035,"13":1035,"14":2070,"15":2070,"16":1566,"17":261,"18":1305,"19":1287,"20":504,"21":252,"22":252,"23":774},"b":{"1":[1566,504],"2":[261,1305],"3":[252,252]},"f":{"1":279,"2":2,"3":1035},"fnMap":{"1":{"name":"constructor","line":65,"loc":{"start":{"line":61,"column":4},"end":{"line":69,"column":4}}},"2":{"name":"version","line":74,"loc":{"start":{"line":74,"column":4},"end":{"line":76,"column":4}}},"3":{"name":"migratePoolTokens","line":90,"loc":{"start":{"line":90,"column":4},"end":{"line":133,"column":4}}}},"statementMap":{"1":{"start":{"line":66,"column":8},"end":{"line":66,"column":29}},"2":{"start":{"line":67,"column":8},"end":{"line":67,"column":45}},"3":{"start":{"line":68,"column":8},"end":{"line":68,"column":21}},"4":{"start":{"line":75,"column":8},"end":{"line":75,"column":16}},"5":{"start":{"line":91,"column":8},"end":{"line":91,"column":68}},"6":{"start":{"line":93,"column":8},"end":{"line":93,"column":85}},"7":{"start":{"line":95,"column":8},"end":{"line":95,"column":64}},"8":{"start":{"line":97,"column":8},"end":{"line":97,"column":60}},"9":{"start":{"line":98,"column":8},"end":{"line":98,"column":30}},"10":{"start":{"line":99,"column":8},"end":{"line":99,"column":30}},"11":{"start":{"line":101,"column":8},"end":{"line":101,"column":108}},"12":{"start":{"line":103,"column":8},"end":{"line":103,"column":33}},"13":{"start":{"line":105,"column":8},"end":{"line":105,"column":3325}},"14":{"start":{"line":106,"column":12},"end":{"line":106,"column":114}},"15":{"start":{"line":107,"column":12},"end":{"line":107,"column":3492}},"16":{"start":{"line":108,"column":16},"end":{"line":108,"column":3533}},"17":{"start":{"line":109,"column":20},"end":{"line":109,"column":115}},"18":{"start":{"line":111,"column":20},"end":{"line":111,"column":85}},"19":{"start":{"line":112,"column":20},"end":{"line":112,"column":87}},"20":{"start":{"line":115,"column":16},"end":{"line":115,"column":3944}},"21":{"start":{"line":116,"column":20},"end":{"line":116,"column":66}},"22":{"start":{"line":118,"column":20},"end":{"line":118,"column":79}},"23":{"start":{"line":123,"column":8},"end":{"line":123,"column":4200}}},"branchMap":{"1":{"line":107,"type":"if","locations":[{"start":{"line":107,"column":12},"end":{"line":107,"column":12}},{"start":{"line":107,"column":12},"end":{"line":107,"column":12}}]},"2":{"line":108,"type":"if","locations":[{"start":{"line":108,"column":16},"end":{"line":108,"column":16}},{"start":{"line":108,"column":16},"end":{"line":108,"column":16}}]},"3":{"line":115,"type":"if","locations":[{"start":{"line":115,"column":16},"end":{"line":115,"column":16}},{"start":{"line":115,"column":16},"end":{"line":115,"column":16}}]}}},
"contracts/network/interfaces/IBancorNetwork.sol":{"l":{},"path":"/Users/leonid/work/bancor/contracts-v3/contracts/network/interfaces/IBancorNetwork.sol","s":{},"b":{},"f":{},"fnMap":{},"statementMap":{},"branchMap":{}},
"contracts/network/interfaces/IBancorNetworkInfo.sol":{"l":{},"path":"/Users/leonid/work/bancor/contracts-v3/contracts/network/interfaces/IBancorNetworkInfo.sol","s":{},"b":{},"f":{},"fnMap":{},"statementMap":{},"branchMap":{}},
"contracts/network/interfaces/INetworkSettings.sol":{"l":{},"path":"/Users/leonid/work/bancor/contracts-v3/contracts/network/interfaces/INetworkSettings.sol","s":{},"b":{},"f":{},"fnMap":{},"statementMap":{},"branchMap":{}},
"contracts/network/interfaces/IPendingWithdrawals.sol":{"l":{},"path":"/Users/leonid/work/bancor/contracts-v3/contracts/network/interfaces/IPendingWithdrawals.sol","s":{},"b":{},"f":{},"fnMap":{},"statementMap":{},"branchMap":{}},
"contracts/network/NetworkSettings.sol":{"l":{"111":30,"118":3,"127":3,"129":3,"136":3,"145":110,"152":13,"153":13,"154":13,"155":0,"157":13,"168":48739,"179":28,"181":28,"182":42,"190":48792,"191":4,"194":48787,"205":446,"206":2,"209":407,"216":140172,"223":144033,"235":44115,"247":42,"248":42,"249":2,"252":40,"253":272,"261":44397,"262":2,"265":44394,"266":44394,"267":96,"270":44298,"272":44290,"284":14,"285":12,"292":126295,"303":31224,"304":31214,"305":1584,"308":29630,"310":29630,"317":39038,"328":4056,"329":4056,"330":816,"333":3240,"335":3240,"342":17260,"353":7080,"354":7080,"355":1092,"358":5987,"360":5987,"367":8,"382":48,"389":307,"391":307,"403":471,"404":1,"407":470,"408":470,"409":159,"412":302,"414":256,"421":4,"437":38,"438":38,"440":38,"444":11,"447":26,"449":26,"463":108,"470":184871,"477":159,"478":159,"479":15,"482":144,"484":144},"path":"/Users/leonid/work/bancor/contracts-v3/contracts/network/NetworkSettings.sol","s":{"1":30,"2":3,"3":3,"4":3,"5":3,"6":110,"7":13,"8":13,"9":13,"10":0,"11":13,"12":48739,"13":28,"14":28,"15":42,"16":48792,"17":48787,"18":446,"19":407,"20":140172,"21":144033,"22":44115,"23":42,"24":42,"25":40,"26":272,"27":44397,"28":44394,"29":44394,"30":89,"31":44298,"32":44290,"33":14,"34":12,"35":126295,"36":31224,"37":31214,"38":1584,"39":29630,"40":29630,"41":39038,"42":4056,"43":4056,"44":816,"45":3240,"46":3240,"47":17260,"48":7080,"49":7080,"50":1092,"51":5987,"52":5987,"53":8,"54":48,"55":307,"56":307,"57":471,"58":470,"59":470,"60":154,"61":302,"62":256,"63":4,"64":38,"65":38,"66":38,"67":11,"68":26,"69":26,"70":108,"71":184871,"72":159,"73":159,"74":15,"75":144,"76":144},"b":{"1":[4,48787],"2":[2,407],"3":[2,40],"4":[2,44394],"5":[96,44298],"6":[1584,29630],"7":[816,3240],"8":[1092,5988],"9":[1,470],"10":[168,302],"11":[12,26],"12":[15,144]},"f":{"1":30,"2":3,"3":3,"4":3,"5":110,"6":13,"7":48739,"8":28,"9":48792,"10":446,"11":140172,"12":144033,"13":44115,"14":42,"15":44397,"16":14,"17":126295,"18":31224,"19":39038,"20":4056,"21":17260,"22":7080,"23":8,"24":48,"25":307,"26":471,"27":4,"28":38,"29":108,"30":184871,"31":159},"fnMap":{"1":{"name":"constructor","line":110,"loc":{"start":{"line":110,"column":4},"end":{"line":112,"column":4}}},"2":{"name":"initialize","line":117,"loc":{"start":{"line":117,"column":4},"end":{"line":119,"column":4}}},"3":{"name":"__NetworkSettings_init","line":126,"loc":{"start":{"line":126,"column":4},"end":{"line":130,"column":4}}},"4":{"name":"__NetworkSettings_init_unchained","line":135,"loc":{"start":{"line":135,"column":4},"end":{"line":137,"column":4}}},"5":{"name":"version","line":144,"loc":{"start":{"line":144,"column":4},"end":{"line":146,"column":4}}},"6":{"name":"protectedTokenWhitelist","line":151,"loc":{"start":{"line":151,"column":4},"end":{"line":158,"column":4}}},"7":{"name":"addTokenToWhitelist","line":167,"loc":{"start":{"line":167,"column":4},"end":{"line":169,"column":4}}},"8":{"name":"addTokensToWhitelist","line":178,"loc":{"start":{"line":178,"column":4},"end":{"line":184,"column":4}}},"9":{"name":"_addTokenToWhitelist","line":189,"loc":{"start":{"line":189,"column":4},"end":{"line":195,"column":4}}},"10":{"name":"removeTokenFromWhitelist","line":204,"loc":{"start":{"line":204,"column":4},"end":{"line":210,"column":4}}},"11":{"name":"isTokenWhitelisted","line":215,"loc":{"start":{"line":215,"column":4},"end":{"line":217,"column":4}}},"12":{"name":"poolFundingLimit","line":222,"loc":{"start":{"line":222,"column":4},"end":{"line":224,"column":4}}},"13":{"name":"setFundingLimit","line":234,"loc":{"start":{"line":234,"column":4},"end":{"line":236,"column":4}}},"14":{"name":"setFundingLimits","line":246,"loc":{"start":{"line":246,"column":4},"end":{"line":255,"column":4}}},"15":{"name":"_setFundingLimit","line":260,"loc":{"start":{"line":260,"column":4},"end":{"line":273,"column":4}}},"16":{"name":"addTokenToWhitelistWithLimit","line":283,"loc":{"start":{"line":283,"column":4},"end":{"line":286,"column":4}}},"17":{"name":"minLiquidityForTrading","line":291,"loc":{"start":{"line":291,"column":4},"end":{"line":293,"column":4}}},"18":{"name":"setMinLiquidityForTrading","line":302,"loc":{"start":{"line":302,"column":4},"end":{"line":311,"column":4}}},"19":{"name":"networkFeePPM","line":316,"loc":{"start":{"line":316,"column":4},"end":{"line":318,"column":4}}},"20":{"name":"setNetworkFeePPM","line":327,"loc":{"start":{"line":327,"column":4},"end":{"line":336,"column":4}}},"21":{"name":"withdrawalFeePPM","line":341,"loc":{"start":{"line":341,"column":4},"end":{"line":343,"column":4}}},"22":{"name":"setWithdrawalFeePPM","line":352,"loc":{"start":{"line":352,"column":4},"end":{"line":361,"column":4}}},"23":{"name":"defaultFlashLoanFeePPM","line":366,"loc":{"start":{"line":366,"column":4},"end":{"line":368,"column":4}}},"24":{"name":"setDefaultFlashLoanFeePPM","line":380,"loc":{"start":{"line":377,"column":4},"end":{"line":383,"column":4}}},"25":{"name":"flashLoanFeePPM","line":388,"loc":{"start":{"line":388,"column":4},"end":{"line":392,"column":4}}},"26":{"name":"setFlashLoanFeePPM","line":402,"loc":{"start":{"line":402,"column":4},"end":{"line":415,"column":4}}},"27":{"name":"vortexRewards","line":420,"loc":{"start":{"line":420,"column":4},"end":{"line":422,"column":4}}},"28":{"name":"setVortexRewards","line":435,"loc":{"start":{"line":431,"column":4},"end":{"line":455,"column":4}}},"29":{"name":"_postUpgrade","line":460,"loc":{"start":{"line":460,"column":4},"end":{"line":464,"column":4}}},"30":{"name":"_isTokenWhitelisted","line":469,"loc":{"start":{"line":469,"column":4},"end":{"line":471,"column":4}}},"31":{"name":"_setDefaultFlashLoanFeePPM","line":476,"loc":{"start":{"line":476,"column":4},"end":{"line":488,"column":4}}}},"statementMap":{"1":{"start":{"line":111,"column":8},"end":{"line":111,"column":21}},"2":{"start":{"line":118,"column":8},"end":{"line":118,"column":31}},"3":{"start":{"line":127,"column":8},"end":{"line":127,"column":27}},"4":{"start":{"line":129,"column":8},"end":{"line":129,"column":41}},"5":{"start":{"line":136,"column":8},"end":{"line":136,"column":61}},"6":{"start":{"line":145,"column":8},"end":{"line":145,"column":16}},"7":{"start":{"line":152,"column":8},"end":{"line":152,"column":58}},"8":{"start":{"line":153,"column":8},"end":{"line":153,"column":49}},"9":{"start":{"line":154,"column":8},"end":{"line":154,"column":4774}},"10":{"start":{"line":155,"column":12},"end":{"line":155,"column":58}},"11":{"start":{"line":157,"column":8},"end":{"line":157,"column":19}},"12":{"start":{"line":168,"column":8},"end":{"line":168,"column":34}},"13":{"start":{"line":179,"column":8},"end":{"line":179,"column":38}},"14":{"start":{"line":181,"column":8},"end":{"line":181,"column":5479}},"15":{"start":{"line":182,"column":12},"end":{"line":182,"column":42}},"16":{"start":{"line":190,"column":8},"end":{"line":190,"column":5757}},"17":{"start":{"line":194,"column":8},"end":{"line":194,"column":52}},"18":{"start":{"line":205,"column":8},"end":{"line":205,"column":6167}},"19":{"start":{"line":209,"column":8},"end":{"line":209,"column":56}},"20":{"start":{"line":216,"column":8},"end":{"line":216,"column":41}},"21":{"start":{"line":223,"column":8},"end":{"line":223,"column":39}},"22":{"start":{"line":235,"column":8},"end":{"line":235,"column":37}},"23":{"start":{"line":247,"column":8},"end":{"line":247,"column":37}},"24":{"start":{"line":248,"column":8},"end":{"line":248,"column":7476}},"25":{"start":{"line":252,"column":8},"end":{"line":252,"column":7562}},"26":{"start":{"line":253,"column":12},"end":{"line":253,"column":49}},"27":{"start":{"line":261,"column":8},"end":{"line":261,"column":7889}},"28":{"start":{"line":265,"column":8},"end":{"line":265,"column":63}},"29":{"start":{"line":266,"column":8},"end":{"line":266,"column":8044}},"30":{"start":{"line":267,"column":12},"end":{"line":267,"column":18}},"31":{"start":{"line":270,"column":8},"end":{"line":270,"column":40}},"32":{"start":{"line":272,"column":8},"end":{"line":272,"column":99}},"33":{"start":{"line":284,"column":8},"end":{"line":284,"column":34}},"34":{"start":{"line":285,"column":8},"end":{"line":285,"column":38}},"35":{"start":{"line":292,"column":8},"end":{"line":292,"column":38}},"36":{"start":{"line":303,"column":8},"end":{"line":303,"column":68}},"37":{"start":{"line":304,"column":8},"end":{"line":304,"column":9187}},"38":{"start":{"line":305,"column":12},"end":{"line":305,"column":18}},"39":{"start":{"line":308,"column":8},"end":{"line":308,"column":39}},"40":{"start":{"line":310,"column":8},"end":{"line":310,"column":111}},"41":{"start":{"line":317,"column":8},"end":{"line":317,"column":29}},"42":{"start":{"line":328,"column":8},"end":{"line":328,"column":49}},"43":{"start":{"line":329,"column":8},"end":{"line":329,"column":9892}},"44":{"start":{"line":330,"column":12},"end":{"line":330,"column":18}},"45":{"start":{"line":333,"column":8},"end":{"line":333,"column":40}},"46":{"start":{"line":335,"column":8},"end":{"line":335,"column":97}},"47":{"start":{"line":342,"column":8},"end":{"line":342,"column":32}},"48":{"start":{"line":353,"column":8},"end":{"line":353,"column":55}},"49":{"start":{"line":354,"column":8},"end":{"line":354,"column":10612}},"50":{"start":{"line":355,"column":12},"end":{"line":355,"column":18}},"51":{"start":{"line":358,"column":8},"end":{"line":358,"column":46}},"52":{"start":{"line":360,"column":8},"end":{"line":360,"column":106}},"53":{"start":{"line":367,"column":8},"end":{"line":367,"column":38}},"54":{"start":{"line":382,"column":8},"end":{"line":382,"column":60}},"55":{"start":{"line":389,"column":8},"end":{"line":389,"column":63}},"56":{"start":{"line":391,"column":8},"end":{"line":391,"column":87}},"57":{"start":{"line":403,"column":8},"end":{"line":403,"column":12044}},"58":{"start":{"line":407,"column":8},"end":{"line":407,"column":64}},"59":{"start":{"line":408,"column":8},"end":{"line":408,"column":12223}},"60":{"start":{"line":409,"column":12},"end":{"line":409,"column":18}},"61":{"start":{"line":412,"column":8},"end":{"line":412,"column":93}},"62":{"start":{"line":414,"column":8},"end":{"line":414,"column":115}},"63":{"start":{"line":421,"column":8},"end":{"line":421,"column":29}},"64":{"start":{"line":437,"column":8},"end":{"line":437,"column":69}},"65":{"start":{"line":438,"column":8},"end":{"line":438,"column":82}},"66":{"start":{"line":440,"column":8},"end":{"line":440,"column":13200}},"67":{"start":{"line":444,"column":12},"end":{"line":444,"column":18}},"68":{"start":{"line":447,"column":8},"end":{"line":447,"column":31}},"69":{"start":{"line":449,"column":8},"end":{"line":449,"column":13430}},"70":{"start":{"line":463,"column":8},"end":{"line":463,"column":61}},"71":{"start":{"line":470,"column":8},"end":{"line":470,"column":64}},"72":{"start":{"line":477,"column":8},"end":{"line":477,"column":67}},"73":{"start":{"line":478,"column":8},"end":{"line":478,"column":14410}},"74":{"start":{"line":479,"column":12},"end":{"line":479,"column":18}},"75":{"start":{"line":482,"column":8},"end":{"line":482,"column":58}},"76":{"start":{"line":484,"column":8},"end":{"line":484,"column":14576}}},"branchMap":{"1":{"line":190,"type":"if","locations":[{"start":{"line":190,"column":8},"end":{"line":190,"column":8}},{"start":{"line":190,"column":8},"end":{"line":190,"column":8}}]},"2":{"line":205,"type":"if","locations":[{"start":{"line":205,"column":8},"end":{"line":205,"column":8}},{"start":{"line":205,"column":8},"end":{"line":205,"column":8}}]},"3":{"line":248,"type":"if","locations":[{"start":{"line":248,"column":8},"end":{"line":248,"column":8}},{"start":{"line":248,"column":8},"end":{"line":248,"column":8}}]},"4":{"line":261,"type":"if","locations":[{"start":{"line":261,"column":8},"end":{"line":261,"column":8}},{"start":{"line":261,"column":8},"end":{"line":261,"column":8}}]},"5":{"line":266,"type":"if","locations":[{"start":{"line":266,"column":8},"end":{"line":266,"column":8}},{"start":{"line":266,"column":8},"end":{"line":266,"column":8}}]},"6":{"line":304,"type":"if","locations":[{"start":{"line":304,"column":8},"end":{"line":304,"column":8}},{"start":{"line":304,"column":8},"end":{"line":304,"column":8}}]},"7":{"line":329,"type":"if","locations":[{"start":{"line":329,"column":8},"end":{"line":329,"column":8}},{"start":{"line":329,"column":8},"end":{"line":329,"column":8}}]},"8":{"line":354,"type":"if","locations":[{"start":{"line":354,"column":8},"end":{"line":354,"column":8}},{"start":{"line":354,"column":8},"end":{"line":354,"column":8}}]},"9":{"line":403,"type":"if","locations":[{"start":{"line":403,"column":8},"end":{"line":403,"column":8}},{"start":{"line":403,"column":8},"end":{"line":403,"column":8}}]},"10":{"line":408,"type":"if","locations":[{"start":{"line":408,"column":8},"end":{"line":408,"column":8}},{"start":{"line":408,"column":8},"end":{"line":408,"column":8}}]},"11":{"line":440,"type":"if","locations":[{"start":{"line":440,"column":8},"end":{"line":440,"column":8}},{"start":{"line":440,"column":8},"end":{"line":440,"column":8}}]},"12":{"line":478,"type":"if","locations":[{"start":{"line":478,"column":8},"end":{"line":478,"column":8}},{"start":{"line":478,"column":8},"end":{"line":478,"column":8}}]}}},
"contracts/network/PendingWithdrawals.sol":{"l":{"106":75,"107":75,"108":75,"115":85,"124":85,"126":85,"133":85,"142":2,"149":36,"164":1104,"171":51,"178":926,"185":793,"202":12827,"209":147,"211":147,"212":15,"215":132,"226":11211,"228":11211,"229":4,"232":11207,"233":11207,"234":3,"238":11204,"241":11204,"245":11204,"248":11204,"253":11204,"254":26,"258":11202,"260":11195,"270":11186,"277":32,"279":32,"291":1189,"292":1189,"293":12,"296":1099,"298":1099,"310":12827,"311":12827,"312":3,"316":12824,"319":12824,"320":12824,"329":12824,"330":0,"333":10307,"341":8684,"348":24028,"349":11026,"352":13002,"360":132,"363":129,"365":121,"379":11336,"380":0,"383":11336,"390":11227},"path":"/Users/leonid/work/bancor/contracts-v3/contracts/network/PendingWithdrawals.sol","s":{"1":75,"2":75,"3":75,"4":85,"5":85,"6":85,"7":85,"8":2,"9":36,"10":1104,"11":51,"12":926,"13":793,"14":12827,"15":147,"16":147,"17":132,"18":11211,"19":11211,"20":11207,"21":11207,"22":11204,"23":11204,"24":11204,"25":11204,"26":11204,"27":26,"28":11202,"29":11195,"30":11186,"31":32,"32":32,"33":1189,"34":1189,"35":12,"36":1099,"37":1099,"38":12827,"39":12827,"40":12824,"41":12824,"42":12824,"43":12824,"44":10307,"45":8362,"46":24028,"47":11026,"48":13002,"49":132,"50":129,"51":121,"52":11336,"53":11227},"b":{"1":[15,132],"2":[4,11207],"3":[3,11204],"4":[26,11178],"5":[12,1099],"6":[3,12824],"7":[0,10307],"8":[11026,13002],"9":[0,11336]},"f":{"1":75,"2":85,"3":85,"4":85,"5":2,"6":36,"7":1104,"8":51,"9":926,"10":793,"11":12827,"12":147,"13":11211,"14":32,"15":1189,"16":12827,"17":24028,"18":132,"19":11336,"20":11227},"fnMap":{"1":{"name":"constructor","line":105,"loc":{"start":{"line":101,"column":4},"end":{"line":109,"column":4}}},"2":{"name":"initialize","line":114,"loc":{"start":{"line":114,"column":4},"end":{"line":116,"column":4}}},"3":{"name":"__PendingWithdrawals_init","line":123,"loc":{"start":{"line":123,"column":4},"end":{"line":127,"column":4}}},"4":{"name":"__PendingWithdrawals_init_unchained","line":132,"loc":{"start":{"line":132,"column":4},"end":{"line":134,"column":4}}},"5":{"name":"version","line":141,"loc":{"start":{"line":141,"column":4},"end":{"line":143,"column":4}}},"6":{"name":"lockDuration","line":148,"loc":{"start":{"line":148,"column":4},"end":{"line":150,"column":4}}},"7":{"name":"setLockDuration","line":163,"loc":{"start":{"line":163,"column":4},"end":{"line":165,"column":4}}},"8":{"name":"withdrawalRequestCount","line":170,"loc":{"start":{"line":170,"column":4},"end":{"line":172,"column":4}}},"9":{"name":"withdrawalRequestIds","line":177,"loc":{"start":{"line":177,"column":4},"end":{"line":179,"column":4}}},"10":{"name":"withdrawalRequest","line":184,"loc":{"start":{"line":184,"column":4},"end":{"line":186,"column":4}}},"11":{"name":"initWithdrawal","line":199,"loc":{"start":{"line":191,"column":4},"end":{"line":203,"column":4}}},"12":{"name":"cancelWithdrawal","line":208,"loc":{"start":{"line":208,"column":4},"end":{"line":216,"column":4}}},"13":{"name":"completeWithdrawal","line":225,"loc":{"start":{"line":221,"column":4},"end":{"line":271,"column":4}}},"14":{"name":"isReadyForWithdrawal","line":276,"loc":{"start":{"line":276,"column":4},"end":{"line":280,"column":4}}},"15":{"name":"_setLockDuration","line":290,"loc":{"start":{"line":290,"column":4},"end":{"line":299,"column":4}}},"16":{"name":"_initWithdrawal","line":304,"loc":{"start":{"line":304,"column":4},"end":{"line":342,"column":4}}},"17":{"name":"_poolTokenToUnderlying","line":347,"loc":{"start":{"line":347,"column":4},"end":{"line":353,"column":4}}},"18":{"name":"_cancelWithdrawal","line":358,"loc":{"start":{"line":358,"column":4},"end":{"line":373,"column":4}}},"19":{"name":"_removeWithdrawalRequest","line":378,"loc":{"start":{"line":378,"column":4},"end":{"line":384,"column":4}}},"20":{"name":"_canWithdrawAt","line":389,"loc":{"start":{"line":389,"column":4},"end":{"line":391,"column":4}}}},"statementMap":{"1":{"start":{"line":106,"column":8},"end":{"line":106,"column":29}},"2":{"start":{"line":107,"column":8},"end":{"line":107,"column":21}},"3":{"start":{"line":108,"column":8},"end":{"line":108,"column":29}},"4":{"start":{"line":115,"column":8},"end":{"line":115,"column":34}},"5":{"start":{"line":124,"column":8},"end":{"line":124,"column":27}},"6":{"start":{"line":126,"column":8},"end":{"line":126,"column":44}},"7":{"start":{"line":133,"column":8},"end":{"line":133,"column":46}},"8":{"start":{"line":142,"column":8},"end":{"line":142,"column":16}},"9":{"start":{"line":149,"column":8},"end":{"line":149,"column":28}},"10":{"start":{"line":164,"column":8},"end":{"line":164,"column":40}},"11":{"start":{"line":171,"column":8},"end":{"line":171,"column":65}},"12":{"start":{"line":178,"column":8},"end":{"line":178,"column":65}},"13":{"start":{"line":185,"column":8},"end":{"line":185,"column":38}},"14":{"start":{"line":202,"column":8},"end":{"line":202,"column":68}},"15":{"start":{"line":209,"column":8},"end":{"line":209,"column":66}},"16":{"start":{"line":211,"column":8},"end":{"line":211,"column":6494}},"17":{"start":{"line":215,"column":8},"end":{"line":215,"column":37}},"18":{"start":{"line":226,"column":8},"end":{"line":226,"column":66}},"19":{"start":{"line":228,"column":8},"end":{"line":228,"column":6938}},"20":{"start":{"line":232,"column":8},"end":{"line":232,"column":36}},"21":{"start":{"line":233,"column":8},"end":{"line":233,"column":7066}},"22":{"start":{"line":238,"column":8},"end":{"line":238,"column":45}},"23":{"start":{"line":241,"column":8},"end":{"line":241,"column":113}},"24":{"start":{"line":245,"column":8},"end":{"line":245,"column":70}},"25":{"start":{"line":248,"column":8},"end":{"line":248,"column":7918}},"26":{"start":{"line":253,"column":8},"end":{"line":253,"column":8138}},"27":{"start":{"line":254,"column":12},"end":{"line":254,"column":83}},"28":{"start":{"line":258,"column":8},"end":{"line":258,"column":73}},"29":{"start":{"line":260,"column":8},"end":{"line":260,"column":8440}},"30":{"start":{"line":270,"column":8},"end":{"line":270,"column":109}},"31":{"start":{"line":277,"column":8},"end":{"line":277,"column":67}},"32":{"start":{"line":279,"column":8},"end":{"line":279,"column":91}},"33":{"start":{"line":291,"column":8},"end":{"line":291,"column":47}},"34":{"start":{"line":292,"column":8},"end":{"line":292,"column":9480}},"35":{"start":{"line":293,"column":12},"end":{"line":293,"column":18}},"36":{"start":{"line":296,"column":8},"end":{"line":296,"column":38}},"37":{"start":{"line":298,"column":8},"end":{"line":298,"column":106}},"38":{"start":{"line":310,"column":8},"end":{"line":310,"column":45}},"39":{"start":{"line":311,"column":8},"end":{"line":311,"column":10021}},"40":{"start":{"line":316,"column":8},"end":{"line":316,"column":47}},"41":{"start":{"line":319,"column":8},"end":{"line":319,"column":82}},"42":{"start":{"line":320,"column":8},"end":{"line":320,"column":10399}},"43":{"start":{"line":329,"column":8},"end":{"line":329,"column":10692}},"44":{"start":{"line":333,"column":8},"end":{"line":333,"column":10807}},"45":{"start":{"line":341,"column":8},"end":{"line":341,"column":17}},"46":{"start":{"line":348,"column":8},"end":{"line":348,"column":11232}},"47":{"start":{"line":349,"column":12},"end":{"line":349,"column":66}},"48":{"start":{"line":352,"column":8},"end":{"line":352,"column":91}},"49":{"start":{"line":360,"column":8},"end":{"line":360,"column":53}},"50":{"start":{"line":363,"column":8},"end":{"line":363,"column":80}},"51":{"start":{"line":365,"column":8},"end":{"line":365,"column":11865}},"52":{"start":{"line":379,"column":8},"end":{"line":379,"column":12324}},"53":{"start":{"line":390,"column":8},"end":{"line":390,"column":48}}},"branchMap":{"1":{"line":211,"type":"if","locations":[{"start":{"line":211,"column":8},"end":{"line":211,"column":8}},{"start":{"line":211,"column":8},"end":{"line":211,"column":8}}]},"2":{"line":228,"type":"if","locations":[{"start":{"line":228,"column":8},"end":{"line":228,"column":8}},{"start":{"line":228,"column":8},"end":{"line":228,"column":8}}]},"3":{"line":233,"type":"if","locations":[{"start":{"line":233,"column":8},"end":{"line":233,"column":8}},{"start":{"line":233,"column":8},"end":{"line":233,"column":8}}]},"4":{"line":253,"type":"if","locations":[{"start":{"line":253,"column":8},"end":{"line":253,"column":8}},{"start":{"line":253,"column":8},"end":{"line":253,"column":8}}]},"5":{"line":292,"type":"if","locations":[{"start":{"line":292,"column":8},"end":{"line":292,"column":8}},{"start":{"line":292,"column":8},"end":{"line":292,"column":8}}]},"6":{"line":311,"type":"if","locations":[{"start":{"line":311,"column":8},"end":{"line":311,"column":8}},{"start":{"line":311,"column":8},"end":{"line":311,"column":8}}]},"7":{"line":329,"type":"if","locations":[{"start":{"line":329,"column":8},"end":{"line":329,"column":8}},{"start":{"line":329,"column":8},"end":{"line":329,"column":8}}]},"8":{"line":348,"type":"if","locations":[{"start":{"line":348,"column":8},"end":{"line":348,"column":8}},{"start":{"line":348,"column":8},"end":{"line":348,"column":8}}]},"9":{"line":379,"type":"if","locations":[{"start":{"line":379,"column":8},"end":{"line":379,"column":8}},{"start":{"line":379,"column":8},"end":{"line":379,"column":8}}]}}},
[...]
"contracts/utility/Time.sol":{"l":{"12":825},"path":"/Users/leonid/work/bancor/contracts-v3/contracts/utility/Time.sol","s":{"1":825},"b":{},"f":{"1":825},"fnMap":{"1":{"name":"_time","line":11,"loc":{"start":{"line":11,"column":4},"end":{"line":13,"column":4}}}},"statementMap":{"1":{"start":{"line":12,"column":8},"end":{"line":12,"column":38}}},"branchMap":{}},
"contracts/utility/TransparentUpgradeableProxyImmutable.sol":{"l":{"27":5259,"30":5259,"34":245,"35":243,"37":2,"49":16,"60":5,"71":5,"84":217,"91":1779121,"92":1,"95":1779120},"path":"/Users/leonid/work/bancor/contracts-v3/contracts/utility/TransparentUpgradeableProxyImmutable.sol","s":{"1":5259,"2":5259,"3":245,"4":2,"5":16,"6":5,"7":5,"8":217,"9":1779121,"10":1779120},"b":{"1":[243,2],"2":[1,1779120]},"f":{"1":5259,"2":245,"3":16,"4":5,"5":5,"6":217,"7":1779121},"fnMap":{"1":{"name":"constructor","line":26,"loc":{"start":{"line":22,"column":4},"end":{"line":31,"column":4}}},"2":{"name":"ifAdmin","line":33,"loc":{"start":{"line":33,"column":4},"end":{"line":39,"column":4}}},"3":{"name":"admin","line":48,"loc":{"start":{"line":48,"column":4},"end":{"line":50,"column":4}}},"4":{"name":"implementation","line":59,"loc":{"start":{"line":59,"column":4},"end":{"line":61,"column":4}}},"5":{"name":"upgradeTo","line":70,"loc":{"start":{"line":70,"column":4},"end":{"line":72,"column":4}}},"6":{"name":"upgradeToAndCall","line":83,"loc":{"start":{"line":83,"column":4},"end":{"line":85,"column":4}}},"7":{"name":"_beforeFallback","line":90,"loc":{"start":{"line":90,"column":4},"end":{"line":96,"column":4}}}},"statementMap":{"1":{"start":{"line":27,"column":8},"end":{"line":27,"column":25}},"2":{"start":{"line":30,"column":8},"end":{"line":30,"column":30}},"3":{"start":{"line":34,"column":8},"end":{"line":34,"column":1219}},"4":{"start":{"line":37,"column":12},"end":{"line":37,"column":22}},"5":{"start":{"line":49,"column":8},"end":{"line":49,"column":21}},"6":{"start":{"line":60,"column":8},"end":{"line":60,"column":32}},"7":{"start":{"line":71,"column":8},"end":{"line":71,"column":61}},"8":{"start":{"line":84,"column":8},"end":{"line":84,"column":55}},"9":{"start":{"line":91,"column":8},"end":{"line":91,"column":2797}},"10":{"start":{"line":95,"column":8},"end":{"line":95,"column":30}}},"branchMap":{"1":{"line":34,"type":"if","locations":[{"start":{"line":34,"column":8},"end":{"line":34,"column":8}},{"start":{"line":34,"column":8},"end":{"line":34,"column":8}}]},"2":{"line":91,"type":"if","locations":[{"start":{"line":91,"column":8},"end":{"line":91,"column":8}},{"start":{"line":91,"column":8},"end":{"line":91,"column":8}}]}}},
"contracts/utility/Upgradeable.sol":{"l":{"33":5482,"35":5482,"42":5482,"45":5482,"48":5482,"54":256678,"56":256644,"60":79236,"62":79226,"71":9,"82":224,"84":224,"85":3,"88":221,"90":221,"101":335914,"102":42},"path":"/Users/leonid/work/bancor/contracts-v3/contracts/utility/Upgradeable.sol","s":{"1":5482,"2":5482,"3":5482,"4":5482,"5":5482,"6":256678,"7":79236,"8":9,"9":224,"10":224,"11":221,"12":221,"13":335914},"b":{"1":[3,221],"2":[42,335870]},"f":{"1":5482,"2":5482,"3":256678,"4":79236,"5":9,"6":224,"7":105,"8":335914},"fnMap":{"1":{"name":"__Upgradeable_init","line":32,"loc":{"start":{"line":32,"column":4},"end":{"line":36,"column":4}}},"2":{"name":"__Upgradeable_init_unchained","line":41,"loc":{"start":{"line":41,"column":4},"end":{"line":49,"column":4}}},"3":{"name":"onlyAdmin","line":53,"loc":{"start":{"line":53,"column":4},"end":{"line":57,"column":4}}},"4":{"name":"onlyRoleMember","line":59,"loc":{"start":{"line":59,"column":4},"end":{"line":63,"column":4}}},"5":{"name":"roleAdmin","line":70,"loc":{"start":{"line":70,"column":4},"end":{"line":72,"column":4}}},"6":{"name":"postUpgrade","line":81,"loc":{"start":{"line":81,"column":4},"end":{"line":91,"column":4}}},"7":{"name":"_postUpgrade","line":96,"loc":{"start":{"line":96,"column":4},"end":{"line":98,"column":24}}},"8":{"name":"_hasRole","line":100,"loc":{"start":{"line":100,"column":4},"end":{"line":104,"column":4}}}},"statementMap":{"1":{"start":{"line":33,"column":8},"end":{"line":33,"column":29}},"2":{"start":{"line":35,"column":8},"end":{"line":35,"column":37}},"3":{"start":{"line":42,"column":8},"end":{"line":42,"column":27}},"4":{"start":{"line":45,"column":8},"end":{"line":45,"column":44}},"5":{"start":{"line":48,"column":8},"end":{"line":48,"column":41}},"6":{"start":{"line":54,"column":8},"end":{"line":54,"column":39}},"7":{"start":{"line":60,"column":8},"end":{"line":60,"column":33}},"8":{"start":{"line":71,"column":8},"end":{"line":71,"column":25}},"9":{"start":{"line":82,"column":8},"end":{"line":82,"column":53}},"10":{"start":{"line":84,"column":8},"end":{"line":84,"column":2262}},"11":{"start":{"line":88,"column":8},"end":{"line":88,"column":41}},"12":{"start":{"line":90,"column":8},"end":{"line":90,"column":25}},"13":{"start":{"line":101,"column":8},"end":{"line":101,"column":2700}}},"branchMap":{"1":{"line":84,"type":"if","locations":[{"start":{"line":84,"column":8},"end":{"line":84,"column":8}},{"start":{"line":84,"column":8},"end":{"line":84,"column":8}}]},"2":{"line":101,"type":"if","locations":[{"start":{"line":101,"column":8},"end":{"line":101,"column":8}},{"start":{"line":101,"column":8},"end":{"line":101,"column":8}}]}}},
"contracts/utility/Utils.sol":{"l":{"28":277064,"30":277035,"34":277064,"35":29,"41":478731,"43":478654,"48":514629,"49":105,"55":653187,"57":653077,"62":690990,"63":188,"69":230610,"71":230605,"76":230610,"77":5,"83":19289,"85":19282,"90":19289,"91":7},"path":"/Users/leonid/work/bancor/contracts-v3/contracts/utility/Utils.sol","s":{"1":277064,"2":277064,"3":478731,"4":514627,"5":653187,"6":690990,"7":230610,"8":230610,"9":19289,"10":19289},"b":{"1":[29,277035],"2":[105,514522],"3":[188,690802],"4":[5,230605],"5":[7,19282]},"f":{"1":277064,"2":277064,"3":478731,"4":514629,"5":653187,"6":690990,"7":230610,"8":230610,"9":19289,"10":19289},"fnMap":{"1":{"name":"only","line":27,"loc":{"start":{"line":27,"column":4},"end":{"line":31,"column":4}}},"2":{"name":"_only","line":33,"loc":{"start":{"line":33,"column":4},"end":{"line":37,"column":4}}},"3":{"name":"greaterThanZero","line":40,"loc":{"start":{"line":40,"column":4},"end":{"line":44,"column":4}}},"4":{"name":"_greaterThanZero","line":47,"loc":{"start":{"line":47,"column":4},"end":{"line":51,"column":4}}},"5":{"name":"validAddress","line":54,"loc":{"start":{"line":54,"column":4},"end":{"line":58,"column":4}}},"6":{"name":"_validAddress","line":61,"loc":{"start":{"line":61,"column":4},"end":{"line":65,"column":4}}},"7":{"name":"validExternalAddress","line":68,"loc":{"start":{"line":68,"column":4},"end":{"line":72,"column":4}}},"8":{"name":"_validExternalAddress","line":75,"loc":{"start":{"line":75,"column":4},"end":{"line":79,"column":4}}},"9":{"name":"validFee","line":82,"loc":{"start":{"line":82,"column":4},"end":{"line":86,"column":4}}},"10":{"name":"_validFee","line":89,"loc":{"start":{"line":89,"column":4},"end":{"line":93,"column":4}}}},"statementMap":{"1":{"start":{"line":28,"column":8},"end":{"line":28,"column":20}},"2":{"start":{"line":34,"column":8},"end":{"line":34,"column":714}},"3":{"start":{"line":41,"column":8},"end":{"line":41,"column":30}},"4":{"start":{"line":48,"column":8},"end":{"line":48,"column":1057}},"5":{"start":{"line":55,"column":8},"end":{"line":55,"column":26}},"6":{"start":{"line":62,"column":8},"end":{"line":62,"column":1396}},"7":{"start":{"line":69,"column":8},"end":{"line":69,"column":34}},"8":{"start":{"line":76,"column":8},"end":{"line":76,"column":1789}},"9":{"start":{"line":83,"column":8},"end":{"line":83,"column":21}},"10":{"start":{"line":90,"column":8},"end":{"line":90,"column":2123}}},"branchMap":{"1":{"line":34,"type":"if","locations":[{"start":{"line":34,"column":8},"end":{"line":34,"column":8}},{"start":{"line":34,"column":8},"end":{"line":34,"column":8}}]},"2":{"line":48,"type":"if","locations":[{"start":{"line":48,"column":8},"end":{"line":48,"column":8}},{"start":{"line":48,"column":8},"end":{"line":48,"column":8}}]},"3":{"line":62,"type":"if","locations":[{"start":{"line":62,"column":8},"end":{"line":62,"column":8}},{"start":{"line":62,"column":8},"end":{"line":62,"column":8}}]},"4":{"line":76,"type":"if","locations":[{"start":{"line":76,"column":8},"end":{"line":76,"column":8}},{"start":{"line":76,"column":8},"end":{"line":76,"column":8}}]},"5":{"line":90,"type":"if","locations":[{"start":{"line":90,"column":8},"end":{"line":90,"column":8}},{"start":{"line":90,"column":8},"end":{"line":90,"column":8}}]}}},
"contracts/vaults/ExternalProtectionVault.sol":{"l":{"33":93,"42":93,"44":93,"52":93,"61":2,"68":220,"84":409},"path":"/Users/leonid/work/bancor/contracts-v3/contracts/vaults/ExternalProtectionVault.sol","s":{"1":93,"2":93,"3":93,"4":93,"5":2,"6":220,"7":409},"b":{},"f":{"1":93,"2":93,"3":93,"4":93,"5":2,"6":220,"7":409},"fnMap":{"1":{"name":"constructor","line":26,"loc":{"start":{"line":25,"column":4},"end":{"line":27,"column":5}}},"2":{"name":"initialize","line":32,"loc":{"start":{"line":32,"column":4},"end":{"line":34,"column":4}}},"3":{"name":"__ExternalProtectionVault_init","line":41,"loc":{"start":{"line":41,"column":4},"end":{"line":45,"column":4}}},"4":{"name":"__ExternalProtectionVault_init_unchained","line":50,"loc":{"start":{"line":50,"column":4},"end":{"line":53,"column":4}}},"5":{"name":"version","line":60,"loc":{"start":{"line":60,"column":4},"end":{"line":62,"column":4}}},"6":{"name":"isPayable","line":67,"loc":{"start":{"line":67,"column":4},"end":{"line":69,"column":4}}},"7":{"name":"isAuthorizedWithdrawal","line":78,"loc":{"start":{"line":78,"column":4},"end":{"line":85,"column":4}}}},"statementMap":{"1":{"start":{"line":33,"column":8},"end":{"line":33,"column":39}},"2":{"start":{"line":42,"column":8},"end":{"line":42,"column":21}},"3":{"start":{"line":44,"column":8},"end":{"line":44,"column":49}},"4":{"start":{"line":52,"column":8},"end":{"line":52,"column":52}},"5":{"start":{"line":61,"column":8},"end":{"line":61,"column":16}},"6":{"start":{"line":68,"column":8},"end":{"line":68,"column":19}},"7":{"start":{"line":84,"column":8},"end":{"line":84,"column":50}}},"branchMap":{}},
"contracts/vaults/ExternalRewardsVault.sol":{"l":{"33":90,"42":90,"44":90,"52":90,"61":2,"68":394,"84":14385},"path":"/Users/leonid/work/bancor/contracts-v3/contracts/vaults/ExternalRewardsVault.sol","s":{"1":90,"2":90,"3":90,"4":90,"5":2,"6":394,"7":14385},"b":{},"f":{"1":90,"2":90,"3":90,"4":90,"5":2,"6":394,"7":14385},"fnMap":{"1":{"name":"constructor","line":26,"loc":{"start":{"line":25,"column":4},"end":{"line":27,"column":5}}},"2":{"name":"initialize","line":32,"loc":{"start":{"line":32,"column":4},"end":{"line":34,"column":4}}},"3":{"name":"__ExternalRewardsVault_init","line":41,"loc":{"start":{"line":41,"column":4},"end":{"line":45,"column":4}}},"4":{"name":"__ExternalRewardsVault_init_unchained","line":50,"loc":{"start":{"line":50,"column":4},"end":{"line":53,"column":4}}},"5":{"name":"version","line":60,"loc":{"start":{"line":60,"column":4},"end":{"line":62,"column":4}}},"6":{"name":"isPayable","line":67,"loc":{"start":{"line":67,"column":4},"end":{"line":69,"column":4}}},"7":{"name":"isAuthorizedWithdrawal","line":78,"loc":{"start":{"line":78,"column":4},"end":{"line":85,"column":4}}}},"statementMap":{"1":{"start":{"line":33,"column":8},"end":{"line":33,"column":36}},"2":{"start":{"line":42,"column":8},"end":{"line":42,"column":21}},"3":{"start":{"line":44,"column":8},"end":{"line":44,"column":46}},"4":{"start":{"line":52,"column":8},"end":{"line":52,"column":52}},"5":{"start":{"line":61,"column":8},"end":{"line":61,"column":16}},"6":{"start":{"line":68,"column":8},"end":{"line":68,"column":19}},"7":{"start":{"line":84,"column":8},"end":{"line":84,"column":50}}},"branchMap":{}},
"contracts/vaults/interfaces/IExternalProtectionVault.sol":{"l":{},"path":"/Users/leonid/work/bancor/contracts-v3/contracts/vaults/interfaces/IExternalProtectionVault.sol","s":{},"b":{},"f":{},"fnMap":{},"statementMap":{},"branchMap":{}},
"contracts/vaults/interfaces/IExternalRewardsVault.sol":{"l":{},"path":"/Users/leonid/work/bancor/contracts-v3/contracts/vaults/interfaces/IExternalRewardsVault.sol","s":{},"b":{},"f":{},"fnMap":{},"statementMap":{},"branchMap":{}},
"contracts/vaults/interfaces/IMasterVault.sol":{"l":{},"path":"/Users/leonid/work/bancor/contracts-v3/contracts/vaults/interfaces/IMasterVault.sol","s":{},"b":{},"f":{},"fnMap":{},"statementMap":{},"branchMap":{}},
"contracts/vaults/interfaces/IVault.sol":{"l":{},"path":"/Users/leonid/work/bancor/contracts-v3/contracts/vaults/interfaces/IVault.sol","s":{},"b":{},"f":{},"fnMap":{},"statementMap":{},"branchMap":{}},
"contracts/vaults/MasterVault.sol":{"l":{"43":96,"52":96,"54":96,"62":96,"63":96,"72":2,"79":34058,"86":1,"103":34395},"path":"/Users/leonid/work/bancor/contracts-v3/contracts/vaults/MasterVault.sol","s":{"1":96,"2":96,"3":96,"4":96,"5":96,"6":2,"7":34058,"8":1,"9":34394},"b":{},"f":{"1":96,"2":96,"3":96,"4":96,"5":2,"6":34058,"7":1,"8":34395},"fnMap":{"1":{"name":"constructor","line":36,"loc":{"start":{"line":35,"column":4},"end":{"line":37,"column":5}}},"2":{"name":"initialize","line":42,"loc":{"start":{"line":42,"column":4},"end":{"line":44,"column":4}}},"3":{"name":"__MasterVault_init","line":51,"loc":{"start":{"line":51,"column":4},"end":{"line":55,"column":4}}},"4":{"name":"__MasterVault_init_unchained","line":60,"loc":{"start":{"line":60,"column":4},"end":{"line":64,"column":4}}},"5":{"name":"version","line":71,"loc":{"start":{"line":71,"column":4},"end":{"line":73,"column":4}}},"6":{"name":"isPayable","line":78,"loc":{"start":{"line":78,"column":4},"end":{"line":80,"column":4}}},"7":{"name":"roleBNTManager","line":85,"loc":{"start":{"line":85,"column":4},"end":{"line":87,"column":4}}},"8":{"name":"isAuthorizedWithdrawal","line":97,"loc":{"start":{"line":97,"column":4},"end":{"line":104,"column":4}}}},"statementMap":{"1":{"start":{"line":43,"column":8},"end":{"line":43,"column":27}},"2":{"start":{"line":52,"column":8},"end":{"line":52,"column":21}},"3":{"start":{"line":54,"column":8},"end":{"line":54,"column":37}},"4":{"start":{"line":62,"column":8},"end":{"line":62,"column":52}},"5":{"start":{"line":63,"column":8},"end":{"line":63,"column":50}},"6":{"start":{"line":72,"column":8},"end":{"line":72,"column":16}},"7":{"start":{"line":79,"column":8},"end":{"line":79,"column":19}},"8":{"start":{"line":86,"column":8},"end":{"line":86,"column":31}},"9":{"start":{"line":103,"column":8},"end":{"line":103,"column":112}}},"branchMap":{}},
"contracts/vaults/Vault.sol":{"l":{"46":496,"47":496,"48":496,"49":496,"56":767,"57":767,"58":767,"60":767,"74":1,"84":55504,"85":28,"88":55447,"95":1,"106":120,"117":12,"135":31405,"136":33,"139":31372,"142":6863,"144":24508,"147":29665,"159":24042,"160":44,"163":23998,"164":1,"168":23997,"169":5516,"171":13,"173":18468,"176":23915,"202":34703,"203":1},"path":"/Users/leonid/work/bancor/contracts-v3/contracts/vaults/Vault.sol","s":{"1":496,"2":496,"3":496,"4":496,"5":767,"6":767,"7":767,"8":767,"9":1,"10":55504,"11":1,"12":120,"13":12,"14":31405,"15":33,"16":31371,"17":6863,"18":24508,"19":29661,"20":24042,"21":44,"22":23998,"23":23997,"24":5516,"25":18481,"26":13,"27":18468,"28":23915},"b":{"1":[28,55447],"2":[33,31372],"3":[6863,24508],"4":[44,23998],"5":[1,23997],"6":[5516,18481],"7":[13,18468],"8":[1,34702]},"f":{"1":496,"2":767,"3":767,"4":1,"5":55504,"6":1,"7":120,"8":12,"9":31405,"10":24042},"fnMap":{"1":{"name":"constructor","line":44,"loc":{"start":{"line":42,"column":4},"end":{"line":50,"column":4}}},"2":{"name":"__Vault_init","line":55,"loc":{"start":{"line":55,"column":4},"end":{"line":61,"column":4}}},"3":{"name":"__Vault_init_unchained","line":66,"loc":{"start":{"line":66,"column":4},"end":{"line":66,"column":65}}},"4":{"name":"roleAssetManager","line":73,"loc":{"start":{"line":73,"column":4},"end":{"line":75,"column":4}}},"5":{"name":"whenAuthorized","line":78,"loc":{"start":{"line":78,"column":4},"end":{"line":89,"column":4}}},"6":{"name":"isPaused","line":94,"loc":{"start":{"line":94,"column":4},"end":{"line":96,"column":4}}},"7":{"name":"pause","line":105,"loc":{"start":{"line":105,"column":4},"end":{"line":107,"column":4}}},"8":{"name":"unpause","line":116,"loc":{"start":{"line":116,"column":4},"end":{"line":118,"column":4}}},"9":{"name":"withdrawFunds","line":133,"loc":{"start":{"line":123,"column":4},"end":{"line":148,"column":4}}},"10":{"name":"burn","line":157,"loc":{"start":{"line":153,"column":4},"end":{"line":177,"column":4}}}},"statementMap":{"1":{"start":{"line":46,"column":8},"end":{"line":46,"column":41}},"2":{"start":{"line":47,"column":8},"end":{"line":47,"column":39}},"3":{"start":{"line":48,"column":8},"end":{"line":48,"column":43}},"4":{"start":{"line":49,"column":8},"end":{"line":49,"column":41}},"5":{"start":{"line":56,"column":8},"end":{"line":56,"column":27}},"6":{"start":{"line":57,"column":8},"end":{"line":57,"column":24}},"7":{"start":{"line":58,"column":8},"end":{"line":58,"column":31}},"8":{"start":{"line":60,"column":8},"end":{"line":60,"column":31}},"9":{"start":{"line":74,"column":8},"end":{"line":74,"column":33}},"10":{"start":{"line":84,"column":8},"end":{"line":84,"column":2927}},"11":{"start":{"line":95,"column":8},"end":{"line":95,"column":23}},"12":{"start":{"line":106,"column":8},"end":{"line":106,"column":15}},"13":{"start":{"line":117,"column":8},"end":{"line":117,"column":17}},"14":{"start":{"line":135,"column":8},"end":{"line":135,"column":3963}},"15":{"start":{"line":136,"column":12},"end":{"line":136,"column":18}},"16":{"start":{"line":139,"column":8},"end":{"line":139,"column":4021}},"17":{"start":{"line":142,"column":12},"end":{"line":142,"column":35}},"18":{"start":{"line":144,"column":12},"end":{"line":144,"column":45}},"19":{"start":{"line":147,"column":8},"end":{"line":147,"column":97}},"20":{"start":{"line":159,"column":8},"end":{"line":159,"column":4707}},"21":{"start":{"line":160,"column":12},"end":{"line":160,"column":18}},"22":{"start":{"line":163,"column":8},"end":{"line":163,"column":4765}},"23":{"start":{"line":168,"column":8},"end":{"line":168,"column":4934}},"24":{"start":{"line":169,"column":12},"end":{"line":169,"column":38}},"25":{"start":{"line":170,"column":15},"end":{"line":170,"column":5017}},"26":{"start":{"line":171,"column":12},"end":{"line":171,"column":39}},"27":{"start":{"line":173,"column":12},"end":{"line":173,"column":54}},"28":{"start":{"line":176,"column":8},"end":{"line":176,"column":78}}},"branchMap":{"1":{"line":84,"type":"if","locations":[{"start":{"line":84,"column":8},"end":{"line":84,"column":8}},{"start":{"line":84,"column":8},"end":{"line":84,"column":8}}]},"2":{"line":135,"type":"if","locations":[{"start":{"line":135,"column":8},"end":{"line":135,"column":8}},{"start":{"line":135,"column":8},"end":{"line":135,"column":8}}]},"3":{"line":139,"type":"if","locations":[{"start":{"line":139,"column":8},"end":{"line":139,"column":8}},{"start":{"line":139,"column":8},"end":{"line":139,"column":8}}]},"4":{"line":159,"type":"if","locations":[{"start":{"line":159,"column":8},"end":{"line":159,"column":8}},{"start":{"line":159,"column":8},"end":{"line":159,"column":8}}]},"5":{"line":163,"type":"if","locations":[{"start":{"line":163,"column":8},"end":{"line":163,"column":8}},{"start":{"line":163,"column":8},"end":{"line":163,"column":8}}]},"6":{"line":168,"type":"if","locations":[{"start":{"line":168,"column":8},"end":{"line":168,"column":8}},{"start":{"line":168,"column":8},"end":{"line":168,"column":8}}]},"7":{"line":170,"type":"if","locations":[{"start":{"line":170,"column":15},"end":{"line":170,"column":15}},{"start":{"line":170,"column":15},"end":{"line":170,"column":15}}]},"8":{"line":202,"type":"if","locations":[{"start":{"line":202,"column":8},"end":{"line":202,"column":8}},{"start":{"line":202,"column":8},"end":{"line":202,"column":8}}]}}}}
