TN:
SF:/Users/leonid/work/bancor/contracts-v3/contracts/bancor-portal/BancorPortal.sol
FN:120,constructor
FN:134,version
FN:141,initialize
FN:150,__BancorPortal_init
FN:160,__BancorPortal_init_unchained
FN:179,migrateUniswapV2Position
FN:217,migrateSushiSwapV1Position
FN:251,_migrateUniswapV2Position
FN:315,_deposit
FN:331,_transferToProvider
FN:346,_uniV2RemoveLiquidity
FNF:11
FNH:11
FNDA:129,constructor
FNDA:2,version
FNDA:129,initialize
FNDA:129,__BancorPortal_init
FNDA:129,__BancorPortal_init_unchained
FNDA:227,migrateUniswapV2Position
FNDA:14,migrateSushiSwapV1Position
FNDA:241,_migrateUniswapV2Position
FNDA:322,_deposit
FNDA:147,_transferToProvider
FNDA:238,_uniV2RemoveLiquidity
DA:122,129
DA:123,129
DA:124,129
DA:125,129
DA:126,129
DA:127,129
DA:128,129
DA:135,2
DA:142,129
DA:151,129
DA:152,129
DA:154,129
DA:182,227
DA:191,175
DA:202,170
DA:220,14
DA:229,12
DA:240,11
DA:260,241
DA:261,241
DA:262,241
DA:263,1
DA:267,240
DA:270,239
DA:273,239
DA:274,239
DA:275,478
DA:277,239
DA:278,1
DA:282,238
DA:285,238
DA:288,238
DA:290,238
DA:291,469
DA:292,469
DA:293,322
DA:294,322
DA:296,147
DA:300,187
DA:320,322
DA:321,70
DA:323,252
DA:324,252
DA:336,147
DA:337,27
DA:339,120
DA:352,238
DA:354,238
DA:355,238
DA:356,56
DA:358,42
DA:360,140
LF:52
LH:52
BRDA:262,1,0,1
BRDA:262,1,1,240
BRDA:277,2,0,1
BRDA:277,2,1,238
BRDA:292,3,0,322
BRDA:292,3,1,147
BRDA:320,4,0,70
BRDA:320,4,1,252
BRDA:336,5,0,27
BRDA:336,5,1,120
BRDA:355,6,0,56
BRDA:355,6,1,182
BRDA:357,7,0,42
BRDA:357,7,1,140
BRF:14
BRH:14
end_of_record
TN:
SF:/Users/leonid/work/bancor/contracts-v3/contracts/bancor-portal/interfaces/IBancorPortal.sol
FNF:0
FNH:0
LF:0
LH:0
BRF:0
BRH:0
end_of_record
TN:
SF:/Users/leonid/work/bancor/contracts-v3/contracts/network/BancorNetwork.sol
FN:227,constructor
FN:252,initialize
FN:266,__BancorNetwork_init
FN:281,__BancorNetwork_init_unchained
FN:299,version
FN:306,roleMigrationManager
FN:313,roleEmergencyStopper
FN:320,roleNetworkFeeManager
FN:327,pendingNetworkFeeAmount
FN:342,addPoolCollection
FN:375,removePoolCollection
FN:418,setLatestPoolCollection
FN:428,poolCollections
FN:440,latestPoolCollection
FN:447,liquidityPools
FN:459,collectionByPool
FN:466,isPoolValid
FN:473,createPool
FN:480,createPools
FN:491,_createPool
FN:519,migratePools
FN:549,depositFor
FN:564,deposit
FN:587,depositForPermitted
FN:603,depositPermitted
FN:615,initWithdrawal
FN:636,initWithdrawalPermitted
FN:653,cancelWithdrawal
FN:660,withdraw
FN:684,tradeBySourceAmount
FN:708,tradeBySourceAmountPermitted
FN:731,tradeByTargetAmount
FN:755,tradeByTargetAmountPermitted
FN:782,flashLoan
FN:835,migrateLiquidity
FN:856,withdrawNetworkFees
FN:873,isPaused
FN:884,pause
FN:895,resume
FN:906,_setLatestPoolCollection
FN:924,_verifyLatestPoolCollectionCandidate
FN:933,_depositContextId
FN:945,_withdrawContextId
FN:956,_depositFor
FN:978,_depositBNTFor
FN:1002,_depositBaseTokenFor
FN:1028,_depositBaseTokenForPermitted
FN:1053,_withdrawBNT
FN:1074,_withdrawBaseToken
FN:1095,_verifyTradeParams
FN:1130,_trade
FN:1224,_tradeBNT
FN:1277,_tradeBaseTokens
FN:1331,_depositToMasterVault
FN:1361,_poolCollection
FN:1374,_initWithdrawal
FN:1389,_setAccessRoles
FNF:57
FNH:57
FNDA:36,constructor
FNDA:14,initialize
FNDA:14,__BancorNetwork_init
FNDA:14,__BancorNetwork_init_unchained
FNDA:106,version
FNDA:1,roleMigrationManager
FNDA:1,roleEmergencyStopper
FNDA:1,roleNetworkFeeManager
FNDA:114,pendingNetworkFeeAmount
FNDA:45977,addPoolCollection
FNDA:43,removePoolCollection
FNDA:219,setLatestPoolCollection
FNDA:3719,poolCollections
FNDA:251,latestPoolCollection
FNDA:11,liquidityPools
FNDA:48156,collectionByPool
FNDA:12840,isPoolValid
FNDA:51947,createPool
FNDA:63,createPools
FNDA:52034,_createPool
FNDA:32,migratePools
FNDA:4111,depositFor
FNDA:116313,deposit
FNDA:128,depositForPermitted
FNDA:128,depositPermitted
FNDA:12804,initWithdrawal
FNDA:29,initWithdrawalPermitted
FNDA:147,cancelWithdrawal
FNDA:11094,withdraw
FNDA:13126,tradeBySourceAmount
FNDA:151,tradeBySourceAmountPermitted
FNDA:4572,tradeByTargetAmount
FNDA:135,tradeByTargetAmountPermitted
FNDA:297,flashLoan
FNDA:524,migrateLiquidity
FNDA:24,withdrawNetworkFees
FNDA:2,isPaused
FNDA:660,pause
FNDA:12,resume
FNDA:46218,_setLatestPoolCollection
FNDA:261,_verifyLatestPoolCollectionCandidate
FNDA:120676,_depositContextId
FNDA:11094,_withdrawContextId
FNDA:120424,_depositFor
FNDA:24856,_depositBNTFor
FNDA:96343,_depositBaseTokenFor
FNDA:256,_depositBaseTokenForPermitted
FNDA:5230,_withdrawBNT
FNDA:5860,_withdrawBaseToken
FNDA:17984,_verifyTradeParams
FNDA:17890,_trade
FNDA:23480,_tradeBNT
FNDA:5597,_tradeBaseTokens
FNDA:114213,_depositToMasterVault
FNDA:125847,_poolCollection
FNDA:12833,_initWithdrawal
FNDA:46014,_setAccessRoles
DA:229,36
DA:230,36
DA:231,36
DA:232,36
DA:234,36
DA:235,36
DA:236,36
DA:237,36
DA:254,14
DA:267,14
DA:268,14
DA:269,14
DA:271,14
DA:282,14
DA:283,14
DA:284,14
DA:287,14
DA:288,14
DA:289,14
DA:300,106
DA:307,1
DA:314,1
DA:321,1
DA:328,114
DA:344,45977
DA:345,1
DA:349,45976
DA:350,45976
DA:351,45976
DA:355,1
DA:358,45975
DA:359,45975
DA:361,36845
DA:377,43
DA:378,1
DA:382,42
DA:385,41
DA:386,1
DA:389,40
DA:390,1
DA:393,39
DA:394,39
DA:395,26
DA:396,26
DA:397,0
DA:401,39
DA:402,39
DA:404,32
DA:420,219
DA:422,218
DA:429,3719
DA:430,3719
DA:431,3719
DA:432,730
DA:434,3719
DA:441,251
DA:448,11
DA:449,11
DA:450,11
DA:451,17
DA:453,11
DA:460,48156
DA:467,12840
DA:474,51947
DA:481,63
DA:483,63
DA:484,91
DA:492,52034
DA:493,2
DA:496,52032
DA:497,6
DA:502,52026
DA:503,52026
DA:504,4
DA:508,52022
DA:511,38586
DA:513,38586
DA:520,32
DA:521,32
DA:522,92
DA:525,92
DA:526,76
DA:527,0
DA:531,76
DA:552,4111
DA:567,116313
DA:590,128
DA:604,128
DA:618,12804
DA:639,29
DA:647,29
DA:654,147
DA:661,11094
DA:662,11094
DA:665,11094
DA:667,11090
DA:668,5230
DA:671,5860
DA:685,13126
DA:687,13084
DA:709,151
DA:711,133
DA:713,126
DA:732,4572
DA:734,4558
DA:756,135
DA:758,129
DA:760,122
DA:784,297
DA:785,1
DA:788,296
DA:791,296
DA:794,296
DA:797,295
DA:800,278
DA:801,278
DA:802,9
DA:806,269
DA:807,95
DA:809,174
DA:813,267
DA:814,86
DA:816,86
DA:819,181
DA:820,178
DA:823,255
DA:836,524
DA:840,524
DA:841,168
DA:843,356
DA:846,468
DA:858,24
DA:859,24
DA:860,12
DA:863,12
DA:865,12
DA:867,8
DA:874,2
DA:885,660
DA:896,12
DA:907,46218
DA:908,46218
DA:909,168
DA:912,46050
DA:914,46047
DA:925,261
DA:926,2
DA:939,120676
DA:946,11094
DA:962,120424
DA:964,120424
DA:965,24688
DA:968,95735
DA:986,24856
DA:989,24847
DA:992,24807
DA:1011,96343
DA:1014,96326
DA:1017,96312
DA:1035,256
DA:1037,256
DA:1039,252
DA:1058,5230
DA:1062,5230
DA:1065,5230
DA:1068,5228
DA:1079,5860
DA:1082,5860
DA:1086,5860
DA:1089,5860
DA:1102,17984
DA:1103,17974
DA:1105,17964
DA:1106,10
DA:1109,17954
DA:1110,17944
DA:1112,17924
DA:1113,20
DA:1137,17890
DA:1138,9178
DA:1141,17890
DA:1156,17890
DA:1157,17890
DA:1158,17890
DA:1159,17890
DA:1161,17890
DA:1162,12293
DA:1169,12288
DA:1171,12288
DA:1173,12288
DA:1185,5597
DA:1187,5582
DA:1189,5582
DA:1203,17870
DA:1206,17842
DA:1213,15236
DA:1230,23480
DA:1234,23480
DA:1252,23460
DA:1253,12254
DA:1260,23460
DA:1282,5597
DA:1283,2797
DA:1284,2797
DA:1287,2797
DA:1295,2790
DA:1302,2782
DA:1305,2800
DA:1306,2800
DA:1310,2800
DA:1318,2800
DA:1325,2800
DA:1336,114213
DA:1337,32553
DA:1338,12
DA:1343,32541
DA:1346,32540
DA:1347,1444
DA:1350,81660
DA:1351,12
DA:1354,81648
DA:1363,125847
DA:1364,125842
DA:1365,32
DA:1368,125810
DA:1381,12833
DA:1383,12827
DA:1390,46014
DA:1392,46014
DA:1393,45975
DA:1394,45975
DA:1395,45975
DA:1396,45975
DA:1397,45975
DA:1399,39
DA:1400,39
DA:1401,39
DA:1402,39
DA:1403,36
LF:239
LH:237
BRDA:344,1,0,1
BRDA:344,1,1,45976
BRDA:351,2,0,1
BRDA:351,2,1,45975
BRDA:377,3,0,1
BRDA:377,3,1,42
BRDA:385,4,0,1
BRDA:385,4,1,40
BRDA:389,5,0,1
BRDA:389,5,1,39
BRDA:394,6,0,26
BRDA:394,6,1,13
BRDA:396,7,0,0
BRDA:396,7,1,26
BRDA:492,8,0,2
BRDA:492,8,1,52032
BRDA:496,9,0,6
BRDA:496,9,1,52026
BRDA:503,10,0,4
BRDA:503,10,1,52022
BRDA:526,11,0,0
BRDA:526,11,1,76
BRDA:667,12,0,5230
BRDA:667,12,1,5860
BRDA:784,13,0,1
BRDA:784,13,1,296
BRDA:801,14,0,9
BRDA:801,14,1,269
BRDA:806,15,0,95
BRDA:806,15,1,174
BRDA:813,16,0,86
BRDA:813,16,1,181
BRDA:840,17,0,168
BRDA:840,17,1,356
BRDA:859,18,0,12
BRDA:859,18,1,12
BRDA:908,19,0,168
BRDA:908,19,1,46050
BRDA:925,20,0,2
BRDA:925,20,1,259
BRDA:964,21,0,24688
BRDA:964,21,1,95736
BRDA:1105,22,0,10
BRDA:1105,22,1,17954
BRDA:1112,23,0,20
BRDA:1112,23,1,17904
BRDA:1137,24,0,9178
BRDA:1137,24,1,8712
BRDA:1161,25,0,12293
BRDA:1161,25,1,5597
BRDA:1252,26,0,12254
BRDA:1252,26,1,11206
BRDA:1282,27,0,2797
BRDA:1282,27,1,2800
BRDA:1336,28,0,32553
BRDA:1336,28,1,81660
BRDA:1337,29,0,12
BRDA:1337,29,1,32541
BRDA:1346,30,0,1444
BRDA:1346,30,1,31096
BRDA:1350,31,0,12
BRDA:1350,31,1,81648
BRDA:1364,32,0,32
BRDA:1364,32,1,125810
BRDA:1392,33,0,45975
BRDA:1392,33,1,39
BRF:66
BRH:64
end_of_record
TN:
SF:/Users/leonid/work/bancor/contracts-v3/contracts/network/BancorNetworkInfo.sol
FN:80,constructor
FN:121,initialize
FN:130,__BancorNetworkInfo_init
FN:139,__BancorNetworkInfo_init_unchained
FN:143,validTokensForTrade
FN:152,_validTokensForTrade
FN:164,version
FN:171,network
FN:178,bnt
FN:185,bntGovernance
FN:192,vbnt
FN:199,vbntGovernance
FN:206,networkSettings
FN:213,masterVault
FN:220,externalProtectionVault
FN:227,externalRewardsVault
FN:234,bntPool
FN:241,poolToken
FN:248,pendingWithdrawals
FN:255,poolMigrator
FN:266,tradeOutputBySourceAmount
FN:277,tradeInputByTargetAmount
FN:284,isReadyForWithdrawal
FN:291,poolTokenToUnderlying
FN:301,underlyingToPoolToken
FN:315,withdrawalAmounts
FN:331,_tradeOutputAmount
FN:380,_poolCollection
FNF:28
FNH:28
FNDA:73,constructor
FNDA:63,initialize
FNDA:63,__BancorNetworkInfo_init
FNDA:63,__BancorNetworkInfo_init_unchained
FNDA:592,validTokensForTrade
FNDA:592,_validTokensForTrade
FNDA:2,version
FNDA:2,network
FNDA:2807,bnt
FNDA:2,bntGovernance
FNDA:2,vbnt
FNDA:2,vbntGovernance
FNDA:2,networkSettings
FNDA:2,masterVault
FNDA:2,externalProtectionVault
FNDA:2,externalRewardsVault
FNDA:2,bntPool
FNDA:640,poolToken
FNDA:2,pendingWithdrawals
FNDA:2,poolMigrator
FNDA:48,tradeOutputBySourceAmount
FNDA:448,tradeInputByTargetAmount
FNDA:2,isReadyForWithdrawal
FNDA:12,poolTokenToUnderlying
FNDA:12,underlyingToPoolToken
FNDA:16,withdrawalAmounts
FNDA:496,_tradeOutputAmount
FNDA:785,_poolCollection
DA:92,73
DA:93,72
DA:94,71
DA:95,70
DA:96,69
DA:97,68
DA:98,67
DA:99,66
DA:100,65
DA:101,64
DA:103,63
DA:104,63
DA:105,63
DA:106,63
DA:107,63
DA:108,63
DA:109,63
DA:110,63
DA:111,63
DA:112,63
DA:113,63
DA:114,63
DA:115,63
DA:122,63
DA:131,63
DA:133,63
DA:144,592
DA:146,520
DA:153,592
DA:154,568
DA:156,544
DA:157,24
DA:165,2
DA:172,2
DA:179,2807
DA:186,2
DA:193,2
DA:200,2
DA:207,2
DA:214,2
DA:221,2
DA:228,2
DA:235,2
DA:242,640
DA:249,2
DA:256,2
DA:267,48
DA:278,448
DA:285,2
DA:292,12
DA:302,12
DA:318,16
DA:319,3
DA:320,3
DA:323,13
DA:324,13
DA:337,496
DA:338,496
DA:341,496
DA:342,226
DA:343,226
DA:345,213
DA:354,270
DA:355,26
DA:359,21
DA:367,244
DA:371,231
DA:382,785
DA:383,785
DA:384,48
DA:387,737
LF:71
LH:71
BRDA:156,1,0,24
BRDA:156,1,1,520
BRDA:318,2,0,3
BRDA:318,2,1,13
BRDA:341,3,0,226
BRDA:341,3,1,270
BRDA:354,4,0,26
BRDA:354,4,1,244
BRDA:383,5,0,48
BRDA:383,5,1,737
BRF:10
BRH:10
end_of_record
TN:
SF:/Users/leonid/work/bancor/contracts-v3/contracts/network/BancorV1Migration.sol
FN:65,constructor
FN:74,version
FN:90,migratePoolTokens
FNF:3
FNH:3
FNDA:279,constructor
FNDA:2,version
FNDA:1035,migratePoolTokens
DA:66,279
DA:67,279
DA:68,279
DA:75,2
DA:91,1035
DA:93,1035
DA:95,1035
DA:97,1035
DA:98,1035
DA:99,1035
DA:101,1035
DA:103,1035
DA:105,1035
DA:106,2070
DA:107,2070
DA:108,1566
DA:109,261
DA:111,1305
DA:112,1287
DA:115,504
DA:116,252
DA:118,252
DA:123,774
LF:23
LH:23
BRDA:107,1,0,1566
BRDA:107,1,1,504
BRDA:108,2,0,261
BRDA:108,2,1,1305
BRDA:115,3,0,252
BRDA:115,3,1,252
BRF:6
BRH:6
end_of_record
TN:
SF:/Users/leonid/work/bancor/contracts-v3/contracts/network/interfaces/IBancorNetwork.sol
FNF:0
FNH:0
LF:0
LH:0
BRF:0
BRH:0
end_of_record
TN:
SF:/Users/leonid/work/bancor/contracts-v3/contracts/network/interfaces/IBancorNetworkInfo.sol
FNF:0
FNH:0
LF:0
LH:0
BRF:0
BRH:0
end_of_record
TN:
SF:/Users/leonid/work/bancor/contracts-v3/contracts/network/interfaces/INetworkSettings.sol
FNF:0
FNH:0
LF:0
LH:0
BRF:0
BRH:0
end_of_record
TN:
SF:/Users/leonid/work/bancor/contracts-v3/contracts/network/interfaces/IPendingWithdrawals.sol
FNF:0
FNH:0
LF:0
LH:0
BRF:0
BRH:0
end_of_record
TN:
SF:/Users/leonid/work/bancor/contracts-v3/contracts/network/NetworkSettings.sol
FN:110,constructor
FN:117,initialize
FN:126,__NetworkSettings_init
FN:135,__NetworkSettings_init_unchained
FN:144,version
FN:151,protectedTokenWhitelist
FN:167,addTokenToWhitelist
FN:178,addTokensToWhitelist
FN:189,_addTokenToWhitelist
FN:204,removeTokenFromWhitelist
FN:215,isTokenWhitelisted
FN:222,poolFundingLimit
FN:234,setFundingLimit
FN:246,setFundingLimits
FN:260,_setFundingLimit
FN:283,addTokenToWhitelistWithLimit
FN:291,minLiquidityForTrading
FN:302,setMinLiquidityForTrading
FN:316,networkFeePPM
FN:327,setNetworkFeePPM
FN:341,withdrawalFeePPM
FN:352,setWithdrawalFeePPM
FN:366,defaultFlashLoanFeePPM
FN:380,setDefaultFlashLoanFeePPM
FN:388,flashLoanFeePPM
FN:402,setFlashLoanFeePPM
FN:420,vortexRewards
FN:435,setVortexRewards
FN:460,_postUpgrade
FN:469,_isTokenWhitelisted
FN:476,_setDefaultFlashLoanFeePPM
FNF:31
FNH:31
FNDA:30,constructor
FNDA:3,initialize
FNDA:3,__NetworkSettings_init
FNDA:3,__NetworkSettings_init_unchained
FNDA:110,version
FNDA:13,protectedTokenWhitelist
FNDA:48739,addTokenToWhitelist
FNDA:28,addTokensToWhitelist
FNDA:48792,_addTokenToWhitelist
FNDA:446,removeTokenFromWhitelist
FNDA:140172,isTokenWhitelisted
FNDA:144033,poolFundingLimit
FNDA:44115,setFundingLimit
FNDA:42,setFundingLimits
FNDA:44397,_setFundingLimit
FNDA:14,addTokenToWhitelistWithLimit
FNDA:126295,minLiquidityForTrading
FNDA:31224,setMinLiquidityForTrading
FNDA:39038,networkFeePPM
FNDA:4056,setNetworkFeePPM
FNDA:17260,withdrawalFeePPM
FNDA:7080,setWithdrawalFeePPM
FNDA:8,defaultFlashLoanFeePPM
FNDA:48,setDefaultFlashLoanFeePPM
FNDA:307,flashLoanFeePPM
FNDA:471,setFlashLoanFeePPM
FNDA:4,vortexRewards
FNDA:38,setVortexRewards
FNDA:108,_postUpgrade
FNDA:184871,_isTokenWhitelisted
FNDA:159,_setDefaultFlashLoanFeePPM
DA:111,30
DA:118,3
DA:127,3
DA:129,3
DA:136,3
DA:145,110
DA:152,13
DA:153,13
DA:154,13
DA:155,0
DA:157,13
DA:168,48739
DA:179,28
DA:181,28
DA:182,42
DA:190,48792
DA:191,4
DA:194,48787
DA:205,446
DA:206,2
DA:209,407
DA:216,140172
DA:223,144033
DA:235,44115
DA:247,42
DA:248,42
DA:249,2
DA:252,40
DA:253,272
DA:261,44397
DA:262,2
DA:265,44394
DA:266,44394
DA:267,96
DA:270,44298
DA:272,44290
DA:284,14
DA:285,12
DA:292,126295
DA:303,31224
DA:304,31214
DA:305,1584
DA:308,29630
DA:310,29630
DA:317,39038
DA:328,4056
DA:329,4056
DA:330,816
DA:333,3240
DA:335,3240
DA:342,17260
DA:353,7080
DA:354,7080
DA:355,1092
DA:358,5987
DA:360,5987
DA:367,8
DA:382,48
DA:389,307
DA:391,307
DA:403,471
DA:404,1
DA:407,470
DA:408,470
DA:409,159
DA:412,302
DA:414,256
DA:421,4
DA:437,38
DA:438,38
DA:440,38
DA:444,11
DA:447,26
DA:449,26
DA:463,108
DA:470,184871
DA:477,159
DA:478,159
DA:479,15
DA:482,144
DA:484,144
LF:81
LH:80
BRDA:190,1,0,4
BRDA:190,1,1,48787
BRDA:205,2,0,2
BRDA:205,2,1,407
BRDA:248,3,0,2
BRDA:248,3,1,40
BRDA:261,4,0,2
BRDA:261,4,1,44394
BRDA:266,5,0,96
BRDA:266,5,1,44298
BRDA:304,6,0,1584
BRDA:304,6,1,29630
BRDA:329,7,0,816
BRDA:329,7,1,3240
BRDA:354,8,0,1092
BRDA:354,8,1,5988
BRDA:403,9,0,1
BRDA:403,9,1,470
BRDA:408,10,0,168
BRDA:408,10,1,302
BRDA:440,11,0,12
BRDA:440,11,1,26
BRDA:478,12,0,15
BRDA:478,12,1,144
BRF:24
BRH:24
end_of_record
TN:
SF:/Users/leonid/work/bancor/contracts-v3/contracts/network/PendingWithdrawals.sol
FN:105,constructor
FN:114,initialize
FN:123,__PendingWithdrawals_init
FN:132,__PendingWithdrawals_init_unchained
FN:141,version
FN:148,lockDuration
FN:163,setLockDuration
FN:170,withdrawalRequestCount
FN:177,withdrawalRequestIds
FN:184,withdrawalRequest
FN:199,initWithdrawal
FN:208,cancelWithdrawal
FN:225,completeWithdrawal
FN:276,isReadyForWithdrawal
FN:290,_setLockDuration
FN:304,_initWithdrawal
FN:347,_poolTokenToUnderlying
FN:358,_cancelWithdrawal
FN:378,_removeWithdrawalRequest
FN:389,_canWithdrawAt
FNF:20
FNH:20
FNDA:75,constructor
FNDA:85,initialize
FNDA:85,__PendingWithdrawals_init
FNDA:85,__PendingWithdrawals_init_unchained
FNDA:2,version
FNDA:36,lockDuration
FNDA:1104,setLockDuration
FNDA:51,withdrawalRequestCount
FNDA:926,withdrawalRequestIds
FNDA:793,withdrawalRequest
FNDA:12827,initWithdrawal
FNDA:147,cancelWithdrawal
FNDA:11211,completeWithdrawal
FNDA:32,isReadyForWithdrawal
FNDA:1189,_setLockDuration
FNDA:12827,_initWithdrawal
FNDA:24028,_poolTokenToUnderlying
FNDA:132,_cancelWithdrawal
FNDA:11336,_removeWithdrawalRequest
FNDA:11227,_canWithdrawAt
DA:106,75
DA:107,75
DA:108,75
DA:115,85
DA:124,85
DA:126,85
DA:133,85
DA:142,2
DA:149,36
DA:164,1104
DA:171,51
DA:178,926
DA:185,793
DA:202,12827
DA:209,147
DA:211,147
DA:212,15
DA:215,132
DA:226,11211
DA:228,11211
DA:229,4
DA:232,11207
DA:233,11207
DA:234,3
DA:238,11204
DA:241,11204
DA:245,11204
DA:248,11204
DA:253,11204
DA:254,26
DA:258,11202
DA:260,11195
DA:270,11186
DA:277,32
DA:279,32
DA:291,1189
DA:292,1189
DA:293,12
DA:296,1099
DA:298,1099
DA:310,12827
DA:311,12827
DA:312,3
DA:316,12824
DA:319,12824
DA:320,12824
DA:329,12824
DA:330,0
DA:333,10307
DA:341,8684
DA:348,24028
DA:349,11026
DA:352,13002
DA:360,132
DA:363,129
DA:365,121
DA:379,11336
DA:380,0
DA:383,11336
DA:390,11227
LF:60
LH:58
BRDA:211,1,0,15
BRDA:211,1,1,132
BRDA:228,2,0,4
BRDA:228,2,1,11207
BRDA:233,3,0,3
BRDA:233,3,1,11204
BRDA:253,4,0,26
BRDA:253,4,1,11178
BRDA:292,5,0,12
BRDA:292,5,1,1099
BRDA:311,6,0,3
BRDA:311,6,1,12824
BRDA:329,7,0,0
BRDA:329,7,1,10307
BRDA:348,8,0,11026
BRDA:348,8,1,13002
BRDA:379,9,0,0
BRDA:379,9,1,11336
BRF:18
BRH:16
end_of_record
TN:
SF:/Users/leonid/work/bancor/contracts-v3/contracts/pools/BNTPool.sol
FN:135,constructor
FN:146,initialize
FN:155,__BNTPool_init
FN:164,__BNTPool_init_unchained
FN:176,poolWhitelisted
FN:185,_poolWhitelisted
FN:194,version
FN:201,isPayable
FN:208,roleBNTPoolTokenManager
FN:215,roleBNTManager
FN:222,roleVaultManager
FN:229,roleFundingManager
FN:241,isAuthorizedWithdrawal
FN:253,poolToken
FN:260,stakedBalance
FN:267,currentPoolFunding
FN:274,availableFunding
FN:281,poolTokenToUnderlying
FN:288,underlyingToPoolToken
FN:295,poolTokenAmountToBurn
FN:318,mint
FN:326,burnFromVault
FN:339,depositFor
FN:382,withdraw
FN:412,withdrawalAmount
FN:427,requestFunding
FN:487,renounceFunding
FN:538,onFeesCollected
FN:555,_poolTokenToUnderlying
FN:562,_underlyingToPoolToken
FN:569,_underlyingToPoolToken
FN:580,_withdrawalAmounts
FNF:32
FNH:32
FNDA:75,constructor
FNDA:350,initialize
FNDA:350,__BNTPool_init
FNDA:350,__BNTPool_init_unchained
FNDA:73230,poolWhitelisted
FNDA:73230,_poolWhitelisted
FNDA:2,version
FNDA:1,isPayable
FNDA:1,roleBNTPoolTokenManager
FNDA:1,roleBNTManager
FNDA:1,roleVaultManager
FNDA:1,roleFundingManager
FNDA:6116,isAuthorizedWithdrawal
FNDA:4229,poolToken
FNDA:2855,stakedBalance
FNDA:2232,currentPoolFunding
FNDA:72479,availableFunding
FNDA:13526,poolTokenToUnderlying
FNDA:12,underlyingToPoolToken
FNDA:8810,poolTokenAmountToBurn
FNDA:412,mint
FNDA:4360,burnFromVault
FNDA:25104,depositFor
FNDA:5281,withdraw
FNDA:7,withdrawalAmount
FNDA:71879,requestFunding
FNDA:1345,renounceFunding
FNDA:12426,onFeesCollected
FNDA:18814,_poolTokenToUnderlying
FNDA:25116,_underlyingToPoolToken
FNDA:83902,_underlyingToPoolToken
FNDA:5288,_withdrawalAmounts
DA:137,75
DA:138,75
DA:139,75
DA:140,75
DA:147,350
DA:156,350
DA:158,350
DA:165,350
DA:168,350
DA:169,350
DA:170,350
DA:171,350
DA:177,73230
DA:179,73226
DA:186,73230
DA:187,4
DA:195,2
DA:202,1
DA:209,1
DA:216,1
DA:223,1
DA:230,1
DA:247,6116
DA:254,4229
DA:261,2855
DA:268,2232
DA:275,72479
DA:282,13526
DA:289,12
DA:296,8810
DA:297,1
DA:300,8809
DA:301,8809
DA:303,8809
DA:320,412
DA:327,4360
DA:341,25104
DA:345,25102
DA:348,25050
DA:350,23977
DA:355,23977
DA:356,256
DA:360,23977
DA:361,23801
DA:364,20070
DA:372,17875
DA:383,5281
DA:386,4952
DA:389,4876
DA:392,4875
DA:394,4392
DA:403,3655
DA:415,7
DA:417,7
DA:428,71879
DA:429,71879
DA:430,71879
DA:433,71879
DA:434,11
DA:438,71868
DA:439,71868
DA:440,71868
DA:441,71868
DA:443,14426
DA:444,0
DA:447,14426
DA:449,57442
DA:453,71868
DA:454,71868
DA:457,71868
DA:460,71868
DA:463,71868
DA:465,71231
DA:472,71231
DA:488,1345
DA:491,1345
DA:492,1345
DA:495,1345
DA:496,1345
DA:504,1344
DA:507,1344
DA:508,1344
DA:511,1344
DA:514,1340
DA:516,1296
DA:523,1296
DA:539,12424
DA:540,3915
DA:544,8509
DA:546,8505
DA:548,8433
DA:556,18814
DA:563,25116
DA:574,83902
DA:582,5288
DA:585,5287
DA:587,4959
DA:589,4959
LF:98
LH:97
BRDA:186,1,0,4
BRDA:186,1,1,73226
BRDA:296,2,0,1
BRDA:296,2,1,8809
BRDA:355,3,0,256
BRDA:355,3,1,23721
BRDA:360,4,0,23801
BRDA:360,4,1,176
BRDA:433,5,0,11
BRDA:433,5,1,71868
BRDA:441,6,0,14426
BRDA:441,6,1,57442
BRDA:443,7,0,0
BRDA:443,7,1,14426
BRDA:539,8,0,3915
BRDA:539,8,1,8509
BRDA:546,9,0,8433
BRDA:546,9,1,72
BRF:18
BRH:17
end_of_record
TN:
SF:/Users/leonid/work/bancor/contracts-v3/contracts/pools/interfaces/IBNTPool.sol
FNF:0
FNH:0
LF:0
LH:0
BRF:0
BRH:0
end_of_record
TN:
SF:/Users/leonid/work/bancor/contracts-v3/contracts/pools/interfaces/IPoolCollection.sol
FNF:0
FNH:0
LF:0
LH:0
BRF:0
BRH:0
end_of_record
TN:
SF:/Users/leonid/work/bancor/contracts-v3/contracts/pools/interfaces/IPoolMigrator.sol
FNF:0
FNH:0
LF:0
LH:0
BRF:0
BRH:0
end_of_record
TN:
SF:/Users/leonid/work/bancor/contracts-v3/contracts/pools/interfaces/IPoolToken.sol
FNF:0
FNH:0
LF:0
LH:0
BRF:0
BRH:0
end_of_record
TN:
SF:/Users/leonid/work/bancor/contracts-v3/contracts/pools/interfaces/IPoolTokenFactory.sol
FNF:0
FNH:0
LF:0
LH:0
BRF:0
BRH:0
end_of_record
TN:
SF:/Users/leonid/work/bancor/contracts-v3/contracts/pools/PoolCollection.sol
FN:277,constructor
FN:294,version
FN:301,poolType
FN:308,defaultTradingFeePPM
FN:315,pools
FN:327,poolCount
FN:341,setDefaultTradingFeePPM
FN:349,createPool
FN:381,isPoolValid
FN:388,poolData
FN:395,poolLiquidity
FN:402,poolToken
FN:409,poolTokenToUnderlying
FN:418,underlyingToPoolToken
FN:427,poolTokenAmountToBurn
FN:456,setTradingFeePPM
FN:489,enableTrading
FN:522,disableTrading
FN:535,enableDepositing
FN:554,setDepositLimit
FN:575,depositFor
FN:638,withdraw
FN:657,withdrawalAmounts
FN:683,tradeBySourceAmount
FN:718,tradeByTargetAmount
FN:747,tradeOutputAndFeeBySourceAmount
FN:767,tradeInputAndFeeByTargetAmount
FN:790,onFeesCollected
FN:807,migratePoolIn
FN:822,migratePoolOut
FN:840,_addPool
FN:851,_removePool
FN:862,_poolWithdrawalAmounts
FN:922,_executeWithdrawal
FN:1020,_setDefaultTradingFeePPM
FN:1034,_poolStorage
FN:1046,_poolTokenToUnderlying
FN:1066,_underlyingToPoolToken
FN:1086,_calcTargetBNTTradingLiquidity
FN:1133,_updateTradingLiquidity
FN:1201,_dispatchTradingLiquidityEvents
FN:1228,_dispatchTradingLiquidityEvents
FN:1251,_resetTradingLiquidity
FN:1263,_resetTradingLiquidity
FN:1293,_initTrade
FN:1350,_tradeAmountAndFeeBySourceAmount
FN:1370,_tradeAmountAndFeeByTargetAmount
FN:1391,_processTrade
FN:1440,_processNetworkFee
FN:1476,_performTrade
FN:1506,_poolRateState
FN:1536,_updateAverageRate
FN:1550,_calcAverageRate
FN:1564,_validRate
FNF:54
FNH:54
FNDA:174,constructor
FNDA:1,version
FNDA:50418,poolType
FNDA:7,defaultTradingFeePPM
FNDA:4,pools
FNDA:49,poolCount
FNDA:9,setDefaultTradingFeePPM
FNDA:53454,createPool
FNDA:16,isPoolValid
FNDA:9062,poolData
FNDA:1246,poolLiquidity
FNDA:14979,poolToken
FNDA:18478,poolTokenToUnderlying
FNDA:24,underlyingToPoolToken
FNDA:20915,poolTokenAmountToBurn
FNDA:7579,setTradingFeePPM
FNDA:8906,enableTrading
FNDA:196,disableTrading
FNDA:49,enableDepositing
FNDA:9244,setDepositLimit
FNDA:108131,depositFor
FNDA:11327,withdraw
FNDA:492,withdrawalAmounts
FNDA:22248,tradeBySourceAmount
FNDA:14265,tradeByTargetAmount
FNDA:999,tradeOutputAndFeeBySourceAmount
FNDA:1603,tradeInputAndFeeByTargetAmount
FNDA:228,onFeesCollected
FNDA:119,migratePoolIn
FNDA:133,migratePoolOut
FNDA:39905,_addPool
FNDA:132,_removePool
FNDA:12292,_poolWithdrawalAmounts
FNDA:11319,_executeWithdrawal
FNDA:183,_setDefaultTradingFeePPM
FNDA:185161,_poolStorage
FNDA:30770,_poolTokenToUnderlying
FNDA:108136,_underlyingToPoolToken
FNDA:72399,_calcTargetBNTTradingLiquidity
FNDA:116949,_updateTradingLiquidity
FNDA:216732,_dispatchTradingLiquidityEvents
FNDA:180271,_dispatchTradingLiquidityEvents
FNDA:48281,_resetTradingLiquidity
FNDA:49187,_resetTradingLiquidity
FNDA:39115,_initTrade
FNDA:32814,_tradeAmountAndFeeBySourceAmount
FNDA:15840,_tradeAmountAndFeeByTargetAmount
FNDA:39059,_processTrade
FNDA:39035,_processNetworkFee
FNDA:36485,_performTrade
FNDA:127319,_poolRateState
FNDA:36485,_updateAverageRate
FNDA:36518,_calcAverageRate
FNDA:8906,_validRate
DA:279,174
DA:280,174
DA:281,174
DA:282,174
DA:283,174
DA:284,174
DA:285,174
DA:286,174
DA:288,174
DA:295,1
DA:302,50418
DA:309,7
DA:316,4
DA:317,4
DA:318,4
DA:319,2
DA:321,4
DA:328,49
DA:343,9
DA:350,53454
DA:351,2
DA:354,53452
DA:356,39786
DA:358,39786
DA:368,39786
DA:370,39784
DA:372,39784
DA:373,39784
DA:374,39784
DA:375,39784
DA:382,16
DA:389,9062
DA:396,1246
DA:403,14979
DA:410,18478
DA:412,18478
DA:419,24
DA:421,24
DA:432,20915
DA:433,3
DA:436,20912
DA:438,20912
DA:439,20912
DA:441,20912
DA:457,7579
DA:459,7578
DA:460,7578
DA:461,213
DA:464,7365
DA:466,7365
DA:490,8906
DA:491,8906
DA:493,8904
DA:495,8900
DA:496,2
DA:500,8898
DA:501,8898
DA:504,8898
DA:505,6
DA:508,8892
DA:510,8892
DA:512,8892
DA:523,196
DA:525,192
DA:536,49
DA:538,48
DA:539,3
DA:542,45
DA:544,45
DA:555,9244
DA:557,9243
DA:558,9243
DA:559,3
DA:562,9240
DA:564,9240
DA:576,108131
DA:578,108126
DA:579,2
DA:583,108124
DA:584,108124
DA:585,108112
DA:588,108110
DA:589,108110
DA:590,4
DA:593,108097
DA:596,108097
DA:599,108095
DA:602,108085
DA:611,105164
DA:619,102448
DA:627,83788
DA:639,11327
DA:642,11319
DA:645,11319
DA:647,8211
DA:660,492
DA:662,492
DA:686,22248
DA:695,22234
DA:697,21290
DA:721,14265
DA:730,14251
DA:732,13307
DA:748,999
DA:750,985
DA:752,981
DA:768,1603
DA:777,1589
DA:779,1581
DA:791,227
DA:792,79
DA:795,148
DA:798,142
DA:809,119
DA:811,109
DA:813,101
DA:824,133
DA:825,1
DA:828,132
DA:830,132
DA:832,128
DA:834,126
DA:841,39905
DA:842,3
DA:845,39902
DA:852,132
DA:853,2
DA:856,130
DA:869,12292
DA:872,12292
DA:874,12292
DA:880,12292
DA:891,12292
DA:930,11319
DA:931,11319
DA:932,11317
DA:934,11317
DA:935,72
DA:938,11220
DA:939,11032
DA:941,11032
DA:948,11032
DA:949,11013
DA:951,11013
DA:952,924
DA:954,924
DA:957,11013
DA:958,4359
DA:959,4346
DA:961,13
DA:966,10830
DA:967,350
DA:972,10830
DA:973,364
DA:978,364
DA:983,10830
DA:984,10830
DA:988,10427
DA:989,768
DA:993,10427
DA:994,906
DA:1003,10411
DA:1014,10243
DA:1021,183
DA:1022,183
DA:1023,3
DA:1026,180
DA:1028,180
DA:1035,185161
DA:1036,185161
DA:1037,49
DA:1040,185107
DA:1051,30770
DA:1053,0
DA:1054,0
DA:1057,0
DA:1060,30770
DA:1071,108136
DA:1073,37455
DA:1074,0
DA:1077,37455
DA:1080,70681
DA:1096,72399
DA:1102,72399
DA:1103,58
DA:1107,72341
DA:1110,11811
DA:1113,11811
DA:1114,26
DA:1117,11785
DA:1121,60530
DA:1127,72315
DA:1142,116949
DA:1143,116949
DA:1144,288
DA:1146,288
DA:1149,116659
DA:1150,156
DA:1153,115834
DA:1154,43416
DA:1156,42093
DA:1159,72414
DA:1167,72399
DA:1168,26
DA:1171,72373
DA:1172,4385
DA:1174,4162
DA:1178,67988
DA:1179,61310
DA:1181,0
DA:1186,67968
DA:1189,67968
DA:1196,67968
DA:1198,67932
DA:1207,216695
DA:1208,153197
DA:1217,215354
DA:1218,158300
DA:1235,180271
DA:1237,175746
DA:1238,108405
DA:1257,48281
DA:1271,49187
DA:1272,47897
DA:1275,47888
DA:1278,47726
DA:1279,3520
DA:1281,3434
DA:1285,47639
DA:1286,364
DA:1302,39115
DA:1303,39115
DA:1305,39115
DA:1306,19000
DA:1307,19000
DA:1309,20091
DA:1310,20091
DA:1313,24
DA:1316,39091
DA:1319,39067
DA:1320,8
DA:1323,39059
DA:1324,39059
DA:1326,39059
DA:1327,23219
DA:1329,15840
DA:1332,39059
DA:1333,39059
DA:1335,39059
DA:1336,39059
DA:1337,18984
DA:1338,18984
DA:1340,20075
DA:1341,20075
DA:1344,39059
DA:1356,32814
DA:1357,8
DA:1360,32806
DA:1361,32806
DA:1363,32806
DA:1376,15840
DA:1377,4
DA:1380,15836
DA:1381,15836
DA:1382,15836
DA:1384,15828
DA:1392,39059
DA:1394,39059
DA:1395,23219
DA:1402,23211
DA:1405,23211
DA:1406,2
DA:1409,15840
DA:1416,15828
DA:1419,15828
DA:1420,2
DA:1424,39035
DA:1427,39035
DA:1428,39035
DA:1430,39035
DA:1431,18972
DA:1434,39035
DA:1441,39035
DA:1442,39035
DA:1443,19417
DA:1447,19618
DA:1450,19618
DA:1452,19618
DA:1453,10023
DA:1455,10023
DA:1459,9595
DA:1468,9595
DA:1469,9595
DA:1470,9595
DA:1477,36485
DA:1478,36485
DA:1481,36485
DA:1486,36485
DA:1489,36473
DA:1497,36473
DA:1500,36473
DA:1511,127319
DA:1516,127319
DA:1518,127319
DA:1519,56066
DA:1522,71253
DA:1523,12446
DA:1526,71249
DA:1527,70996
DA:1530,230
DA:1537,36485
DA:1539,36485
DA:1540,24072
DA:1555,36518
DA:1565,8906
DA:1566,2
LF:316
LH:311
BRDA:350,1,0,2
BRDA:350,1,1,53452
BRDA:432,2,0,3
BRDA:432,2,1,20912
BRDA:460,3,0,213
BRDA:460,3,1,7365
BRDA:495,4,0,2
BRDA:495,4,1,8898
BRDA:504,5,0,6
BRDA:504,5,1,8892
BRDA:538,6,0,3
BRDA:538,6,1,45
BRDA:558,7,0,3
BRDA:558,7,1,9240
BRDA:578,8,0,2
BRDA:578,8,1,108124
BRDA:589,9,0,4
BRDA:589,9,1,108097
BRDA:791,10,0,79
BRDA:791,10,1,148
BRDA:824,11,0,1
BRDA:824,11,1,132
BRDA:841,12,0,3
BRDA:841,12,1,39902
BRDA:852,13,0,2
BRDA:852,13,1,130
BRDA:934,14,0,72
BRDA:934,14,1,11220
BRDA:951,15,0,924
BRDA:951,15,1,10089
BRDA:957,16,0,4359
BRDA:957,16,1,6654
BRDA:958,17,0,4346
BRDA:958,17,1,13
BRDA:966,18,0,350
BRDA:966,18,1,10480
BRDA:972,19,0,364
BRDA:972,19,1,10466
BRDA:983,20,0,10830
BRDA:983,20,1,0
BRDA:988,21,0,768
BRDA:988,21,1,9659
BRDA:993,22,0,906
BRDA:993,22,1,9521
BRDA:1022,23,0,3
BRDA:1022,23,1,180
BRDA:1036,24,0,49
BRDA:1036,24,1,185107
BRDA:1051,25,0,0
BRDA:1051,25,1,30770
BRDA:1053,26,0,0
BRDA:1053,26,1,0
BRDA:1071,27,0,37455
BRDA:1071,27,1,70681
BRDA:1073,28,0,0
BRDA:1073,28,1,37455
BRDA:1102,29,0,58
BRDA:1102,29,1,72341
BRDA:1107,30,0,11811
BRDA:1107,30,1,60530
BRDA:1113,31,0,26
BRDA:1113,31,1,11785
BRDA:1118,32,0,60530
BRDA:1118,32,1,0
BRDA:1143,33,0,288
BRDA:1143,33,1,116661
BRDA:1149,34,0,156
BRDA:1149,34,1,115834
BRDA:1153,35,0,43416
BRDA:1153,35,1,72414
BRDA:1167,36,0,26
BRDA:1167,36,1,72373
BRDA:1171,37,0,4385
BRDA:1171,37,1,67988
BRDA:1178,38,0,61310
BRDA:1178,38,1,6678
BRDA:1180,39,0,0
BRDA:1180,39,1,6678
BRDA:1207,40,0,153197
BRDA:1207,40,1,63486
BRDA:1217,41,0,158300
BRDA:1217,41,1,57052
BRDA:1237,42,0,108405
BRDA:1237,42,1,67337
BRDA:1278,43,0,3520
BRDA:1278,43,1,44206
BRDA:1285,44,0,364
BRDA:1285,44,1,47275
BRDA:1305,45,0,19000
BRDA:1305,45,1,20115
BRDA:1308,46,0,20091
BRDA:1308,46,1,24
BRDA:1319,47,0,8
BRDA:1319,47,1,39059
BRDA:1326,48,0,23219
BRDA:1326,48,1,15840
BRDA:1336,49,0,18984
BRDA:1336,49,1,20075
BRDA:1356,50,0,8
BRDA:1356,50,1,32806
BRDA:1376,51,0,4
BRDA:1376,51,1,15836
BRDA:1394,52,0,23219
BRDA:1394,52,1,15840
BRDA:1405,53,0,2
BRDA:1405,53,1,23209
BRDA:1419,54,0,2
BRDA:1419,54,1,15826
BRDA:1430,55,0,18972
BRDA:1430,55,1,20063
BRDA:1442,56,0,19417
BRDA:1442,56,1,19618
BRDA:1452,57,0,10023
BRDA:1452,57,1,9595
BRDA:1518,58,0,56066
BRDA:1518,58,1,71253
BRDA:1522,59,0,12446
BRDA:1522,59,1,58803
BRDA:1526,60,0,70996
BRDA:1526,60,1,230
BRDA:1539,61,0,24072
BRDA:1539,61,1,12413
BRDA:1565,62,0,2
BRDA:1565,62,1,8904
BRF:124
BRH:117
end_of_record
TN:
SF:/Users/leonid/work/bancor/contracts-v3/contracts/pools/PoolCollectionWithdrawal.sol
FN:82,calculateWithdrawalAmounts
FN:138,isStable
FN:151,affordableDeficit
FN:169,affordableSurplus
FN:190,arbitrageDeficit
FN:214,arbitrageSurplus
FN:239,defaultDeficit
FN:261,defaultSurplus
FN:289,externalProtection
FN:312,mulAddMulDivF
FN:325,mulSubMulDivF
FNF:11
FNH:11
FNDA:286224,calculateWithdrawalAmounts
FNDA:274199,isStable
FNDA:60719,affordableDeficit
FNDA:136162,affordableSurplus
FNDA:17291,arbitrageDeficit
FNDA:69393,arbitrageSurplus
FNDA:47512,defaultDeficit
FNDA:127904,defaultSurplus
FNDA:55868,externalProtection
FNDA:69393,mulAddMulDivF
FNDA:17291,mulSubMulDivF
DA:94,286224
DA:104,0
DA:107,286224
DA:109,286224
DA:110,73159
DA:111,73159
DA:112,73159
DA:113,17291
DA:115,47512
DA:116,47512
DA:118,8356
DA:119,8356
DA:122,213065
DA:123,213065
DA:124,69393
DA:126,127904
DA:128,15768
DA:132,286224
DA:145,274199
DA:161,60719
DA:162,60719
DA:163,60719
DA:178,136162
DA:179,136162
DA:180,136162
DA:200,17291
DA:201,17291
DA:202,17291
DA:203,17291
DA:204,17291
DA:225,69393
DA:226,69393
DA:227,69393
DA:228,69393
DA:229,69393
DA:247,47512
DA:248,47512
DA:249,47512
DA:250,47512
DA:251,47512
DA:268,127904
DA:269,127904
DA:270,127904
DA:271,127904
DA:272,127904
DA:298,55868
DA:299,55868
DA:300,55868
DA:301,35914
DA:302,35914
DA:304,19954
DA:305,19954
DA:319,69393
DA:332,17291
LF:54
LH:53
BRDA:94,1,0,0
BRDA:94,1,1,286224
BRDA:109,2,0,73159
BRDA:109,2,1,213065
BRDA:112,3,0,17291
BRDA:112,3,1,55868
BRDA:114,4,0,47512
BRDA:114,4,1,8356
BRDA:123,5,0,69393
BRDA:123,5,1,143672
BRDA:125,6,0,127904
BRDA:125,6,1,15768
BRDA:300,7,0,35914
BRDA:300,7,1,19954
BRF:14
BRH:13
end_of_record
TN:
SF:/Users/leonid/work/bancor/contracts-v3/contracts/pools/PoolMigrator.sol
FN:62,constructor
FN:69,initialize
FN:78,__PoolMigrator_init
FN:87,__PoolMigrator_init_unchained
FN:94,version
FN:101,migratePool
FN:139,_migrateFromV1
FNF:7
FNH:7
FNDA:69,constructor
FNDA:69,initialize
FNDA:69,__PoolMigrator_init
FNDA:69,__PoolMigrator_init_unchained
FNDA:2,version
FNDA:110,migratePool
FNDA:104,_migrateFromV1
DA:63,69
DA:70,69
DA:79,69
DA:81,69
DA:95,2
DA:102,110
DA:103,2
DA:107,108
DA:108,108
DA:109,1
DA:114,107
DA:115,107
DA:116,107
DA:117,2
DA:121,105
DA:122,104
DA:124,88
DA:130,88
DA:133,1
DA:144,104
DA:147,104
DA:161,104
DA:162,104
LF:23
LH:23
BRDA:102,1,0,2
BRDA:102,1,1,108
BRDA:108,2,0,1
BRDA:108,2,1,107
BRDA:116,3,0,2
BRDA:116,3,1,105
BRDA:121,4,0,104
BRDA:121,4,1,1
BRF:8
BRH:8
end_of_record
TN:
SF:/Users/leonid/work/bancor/contracts-v3/contracts/pools/PoolToken.sol
FN:32,constructor
FN:40,version
FN:47,decimals
FN:54,reserveToken
FN:61,mint
FNF:5
FNH:5
FNDA:53971,constructor
FNDA:2,version
FNDA:9,decimals
FNDA:18698,reserveToken
FNDA:181813,mint
DA:33,53971
DA:34,53971
DA:41,2
DA:48,9
DA:55,18698
DA:62,181813
LF:6
LH:6
BRF:0
BRH:0
end_of_record
TN:
SF:/Users/leonid/work/bancor/contracts-v3/contracts/pools/PoolTokenFactory.sol
FN:42,initialize
FN:51,__PoolTokenFactory_init
FN:60,__PoolTokenFactory_init_unchained
FN:67,version
FN:74,tokenSymbolOverride
FN:85,setTokenSymbolOverride
FN:92,tokenDecimalsOverride
FN:103,setTokenDecimalsOverride
FN:110,createPoolToken
FNF:9
FNH:9
FNDA:87,initialize
FNDA:87,__PoolTokenFactory_init
FNDA:87,__PoolTokenFactory_init_unchained
FNDA:2,version
FNDA:4,tokenSymbolOverride
FNDA:277,setTokenSymbolOverride
FNDA:4,tokenDecimalsOverride
FNDA:276,setTokenDecimalsOverride
FNDA:53935,createPoolToken
DA:43,87
DA:52,87
DA:54,87
DA:68,2
DA:75,4
DA:86,277
DA:93,4
DA:104,276
DA:111,53935
DA:112,53935
DA:114,53935
DA:115,53935
DA:117,53935
DA:118,53935
DA:120,53935
DA:123,40099
DA:125,40099
DA:127,40099
LF:18
LH:18
BRF:0
BRH:0
end_of_record
TN:
SF:/Users/leonid/work/bancor/contracts-v3/contracts/rewards/AutoCompoundingRewards.sol
FN:118,constructor
FN:131,initialize
FN:140,__AutoCompoundingRewards_init
FN:150,__AutoCompoundingRewards_init_unchained
FN:157,version
FN:164,program
FN:171,programs
FN:185,pools
FN:192,isProgramActive
FN:217,createProgram
FN:275,terminateProgram
FN:292,enableProgram
FN:312,processRewards
FN:351,_tokenAmountToDistribute
FN:372,_poolTokenAmountToBurn
FN:392,_doesProgramExist
FN:399,_rewardsVault
FN:406,_verifyFunds
FNF:18
FNH:18
FNDA:3018,constructor
FNDA:3018,initialize
FNDA:3018,__AutoCompoundingRewards_init
FNDA:3018,__AutoCompoundingRewards_init_unchained
FNDA:2,version
FNDA:3767,program
FNDA:2,programs
FNDA:156,pools
FNDA:183,isProgramActive
FNDA:11363,createProgram
FNDA:50,terminateProgram
FNDA:990,enableProgram
FNDA:23842,processRewards
FNDA:22256,_tokenAmountToDistribute
FNDA:29712,_poolTokenAmountToBurn
FNDA:12586,_doesProgramExist
FNDA:29712,_rewardsVault
FNDA:29712,_verifyFunds
DA:120,3018
DA:121,3018
DA:122,3018
DA:123,3018
DA:124,3018
DA:125,3018
DA:132,3018
DA:141,3018
DA:142,3018
DA:144,3018
DA:158,2
DA:165,3767
DA:172,2
DA:174,2
DA:175,2
DA:176,6
DA:179,2
DA:186,156
DA:193,183
DA:195,183
DA:196,2
DA:199,181
DA:201,181
DA:202,78
DA:205,103
DA:218,11363
DA:219,2
DA:222,11361
DA:223,11361
DA:224,2732
DA:226,8629
DA:227,2
DA:230,8627
DA:233,11359
DA:234,11359
DA:235,7779
DA:236,54
DA:239,3580
DA:240,54
DA:243,0
DA:246,11251
DA:257,11251
DA:259,11245
DA:261,11245
DA:263,10380
DA:276,50
DA:278,50
DA:279,2
DA:282,48
DA:284,48
DA:286,44
DA:293,990
DA:295,990
DA:296,4
DA:299,986
DA:300,986
DA:301,48
DA:304,934
DA:306,836
DA:313,23842
DA:315,23720
DA:317,23720
DA:318,1464
DA:321,22256
DA:322,21926
DA:323,3231
DA:326,18461
DA:327,18461
DA:328,0
DA:331,18461
DA:332,18461
DA:333,18455
DA:335,18361
DA:336,18361
DA:338,18361
DA:340,16867
DA:352,22256
DA:354,22256
DA:355,18099
DA:356,18099
DA:357,17865
DA:361,4157
DA:362,4157
DA:363,4157
DA:377,29712
DA:378,8806
DA:381,20906
DA:393,12586
DA:400,29712
DA:411,29712
DA:412,12
LF:91
LH:89
BRDA:195,1,0,2
BRDA:195,1,1,181
BRDA:201,2,0,78
BRDA:201,2,1,103
BRDA:218,3,0,2
BRDA:218,3,1,11361
BRDA:223,4,0,2732
BRDA:223,4,1,8629
BRDA:226,5,0,2
BRDA:226,5,1,8627
BRDA:234,6,0,7779
BRDA:234,6,1,3580
BRDA:235,7,0,54
BRDA:235,7,1,7725
BRDA:238,8,0,3580
BRDA:238,8,1,0
BRDA:239,9,0,54
BRDA:239,9,1,3526
BRDA:278,10,0,2
BRDA:278,10,1,48
BRDA:295,11,0,4
BRDA:295,11,1,986
BRDA:300,12,0,48
BRDA:300,12,1,934
BRDA:317,13,0,1464
BRDA:317,13,1,22256
BRDA:322,14,0,3465
BRDA:322,14,1,18461
BRDA:327,15,0,0
BRDA:327,15,1,18461
BRDA:354,16,0,18099
BRDA:354,16,1,4157
BRDA:377,17,0,8806
BRDA:377,17,1,20906
BRDA:411,18,0,12
BRDA:411,18,1,29700
BRF:36
BRH:34
end_of_record
TN:
SF:/Users/leonid/work/bancor/contracts-v3/contracts/rewards/interfaces/IAutoCompoundingRewards.sol
FNF:0
FNH:0
LF:0
LH:0
BRF:0
BRH:0
end_of_record
TN:
SF:/Users/leonid/work/bancor/contracts-v3/contracts/rewards/interfaces/IStandardRewards.sol
FNF:0
FNH:0
LF:0
LH:0
BRF:0
BRH:0
end_of_record
TN:
SF:/Users/leonid/work/bancor/contracts-v3/contracts/rewards/RewardsMath.sol
FN:17,calcFlatRewards
FN:33,calcExpDecayRewards
FNF:2
FNH:2
FNDA:19359,calcFlatRewards
FNDA:27700,calcExpDecayRewards
DA:22,19359
DA:23,19341
DA:34,27700
DA:35,27700
DA:36,27602
LF:5
LH:5
BRF:0
BRH:0
end_of_record
TN:
SF:/Users/leonid/work/bancor/contracts-v3/contracts/rewards/StandardRewards.sol
FN:189,constructor
FN:202,initialize
FN:211,__StandardRewards_init
FN:221,__StandardRewards_init_unchained
FN:227,uniqueArray
FN:243,version
FN:250,programIds
FN:263,programs
FN:277,providerProgramIds
FN:284,programStake
FN:291,providerStake
FN:298,isProgramActive
FN:305,isProgramEnabled
FN:312,latestProgramId
FN:331,createProgram
FN:397,terminateProgram
FN:418,enableProgram
FN:436,join
FN:454,joinPermitted
FN:469,leave
FN:484,depositAndJoin
FN:503,depositAndJoinPermitted
FN:516,pendingRewards
FN:547,claimRewards
FN:562,stakeRewards
FN:581,_join
FN:618,_leave
FN:654,_deposit
FN:699,_depositAndJoin
FN:716,_claimRewards
FN:766,_claimRewards
FN:779,_isProgramActive
FN:792,_isProgramEnabled
FN:799,_doesProgramExist
FN:806,_verifyProgramExists
FN:815,_verifyProgramActive
FN:826,_verifyProgramEnabled
FN:837,_verifyProgramActiveAndEnabled
FN:845,_remainingRewards
FN:854,_snapshotRewards
FN:881,_rewardPerToken
FN:903,_pendingRewards
FN:917,_distributeRewards
FN:928,_isArrayUnique
FNF:44
FNH:44
FNDA:1143,constructor
FNDA:1143,initialize
FNDA:1143,__StandardRewards_init
FNDA:1143,__StandardRewards_init_unchained
FNDA:8076,uniqueArray
FNDA:2,version
FNDA:54,programIds
FNDA:48,programs
FNDA:1484,providerProgramIds
FNDA:288,programStake
FNDA:1080,providerStake
FNDA:855,isProgramActive
FNDA:68,isProgramEnabled
FNDA:32,latestProgramId
FNDA:6557,createProgram
FNDA:567,terminateProgram
FNDA:772,enableProgram
FNDA:6734,join
FNDA:15,joinPermitted
FNDA:1993,leave
FNDA:555,depositAndJoin
FNDA:15,depositAndJoinPermitted
FNDA:2139,pendingRewards
FNDA:3196,claimRewards
FNDA:2657,stakeRewards
FNDA:7251,_join
FNDA:1992,_leave
FNDA:1740,_deposit
FNDA:541,_depositAndJoin
FNDA:5853,_claimRewards
FNDA:12045,_claimRewards
FNDA:26520,_isProgramActive
FNDA:68,_isProgramEnabled
FNDA:58607,_doesProgramExist
FNDA:32087,_verifyProgramExists
FNDA:7886,_verifyProgramActive
FNDA:18604,_verifyProgramEnabled
FNDA:7319,_verifyProgramActiveAndEnabled
FNDA:1308,_remainingRewards
FNDA:21288,_snapshotRewards
FNDA:24111,_rewardPerToken
FNDA:24108,_pendingRewards
FNDA:2901,_distributeRewards
FNDA:8076,_isArrayUnique
DA:191,1143
DA:192,1143
DA:193,1143
DA:194,1143
DA:195,1143
DA:196,1143
DA:203,1143
DA:212,1143
DA:213,1143
DA:215,1143
DA:222,1143
DA:228,8076
DA:229,36
DA:232,8040
DA:244,2
DA:251,54
DA:252,54
DA:253,54
DA:254,63
DA:257,54
DA:264,48
DA:265,48
DA:267,48
DA:268,48
DA:271,48
DA:278,1484
DA:285,288
DA:292,1080
DA:299,855
DA:306,68
DA:313,32
DA:334,6557
DA:335,6557
DA:336,2
DA:340,6555
DA:341,18
DA:344,6537
DA:345,6537
DA:346,1837
DA:348,4700
DA:349,1
DA:352,4699
DA:356,6536
DA:357,6536
DA:358,4527
DA:359,18
DA:363,6518
DA:365,6518
DA:377,6518
DA:380,6518
DA:382,6048
DA:391,6048
DA:398,567
DA:400,567
DA:403,564
DA:406,564
DA:407,564
DA:410,564
DA:412,517
DA:419,772
DA:421,772
DA:423,770
DA:424,770
DA:425,24
DA:428,744
DA:430,744
DA:437,6734
DA:439,6734
DA:441,6706
DA:455,15
DA:457,15
DA:461,14
DA:463,14
DA:470,1993
DA:472,1993
DA:474,1992
DA:486,555
DA:488,555
DA:490,527
DA:504,15
DA:506,15
DA:508,14
DA:510,14
DA:517,2139
DA:518,2139
DA:520,2139
DA:521,2832
DA:523,2832
DA:525,2832
DA:527,2832
DA:528,2139
DA:531,2832
DA:532,9
DA:535,2823
DA:536,2823
DA:538,2823
DA:541,2130
DA:548,3196
DA:550,2800
DA:551,1098
DA:554,1702
DA:556,1323
DA:563,2657
DA:565,2315
DA:566,1116
DA:569,1199
DA:573,1199
DA:575,852
DA:588,7251
DA:591,7233
DA:593,7230
DA:594,7230
DA:599,7217
DA:600,6720
DA:604,6994
DA:606,6548
DA:624,1992
DA:627,1992
DA:629,1992
DA:630,1992
DA:634,1992
DA:638,1830
DA:639,99
DA:642,1830
DA:660,1740
DA:661,1740
DA:663,1740
DA:666,580
DA:667,181
DA:668,2
DA:672,578
DA:675,452
DA:676,14
DA:679,1160
DA:680,1
DA:685,1159
DA:686,359
DA:688,1158
DA:690,1158
DA:693,1383
DA:706,541
DA:710,531
DA:721,5853
DA:727,5853
DA:728,11325
DA:730,11325
DA:732,11271
DA:733,5817
DA:734,5817
DA:737,11271
DA:738,18
DA:741,11253
DA:742,11229
DA:746,11229
DA:747,1944
DA:750,11229
DA:751,5141
DA:753,6088
DA:758,5541
DA:760,5115
DA:767,12045
DA:769,12027
DA:771,12027
DA:773,12021
DA:780,26520
DA:782,26520
DA:793,68
DA:800,58607
DA:807,32087
DA:808,44
DA:816,7886
DA:818,7881
DA:819,38
DA:827,18604
DA:829,18568
DA:830,36
DA:838,7319
DA:839,7279
DA:846,1308
DA:848,1308
DA:855,21288
DA:857,21288
DA:858,21288
DA:859,5783
DA:862,21285
DA:863,21285
DA:864,9989
DA:867,21285
DA:869,21285
DA:870,21285
DA:871,10035
DA:872,10026
DA:875,21252
DA:882,24111
DA:883,24111
DA:884,2664
DA:887,21447
DA:888,21447
DA:889,5769
DA:892,15678
DA:893,15678
DA:895,15678
DA:908,24108
DA:918,2901
DA:919,966
DA:921,1935
DA:929,8076
DA:930,14241
DA:931,6201
DA:932,36
DA:937,8040
LF:211
LH:211
BRDA:228,1,0,36
BRDA:228,1,1,8040
BRDA:335,2,0,2
BRDA:335,2,1,6555
BRDA:340,3,0,18
BRDA:340,3,1,6537
BRDA:345,4,0,1837
BRDA:345,4,1,4700
BRDA:348,5,0,1
BRDA:348,5,1,4699
BRDA:357,6,0,4527
BRDA:357,6,1,2009
BRDA:358,7,0,18
BRDA:358,7,1,4509
BRDA:424,8,0,24
BRDA:424,8,1,744
BRDA:527,9,0,2139
BRDA:527,9,1,693
BRDA:531,10,0,9
BRDA:531,10,1,2823
BRDA:550,11,0,1098
BRDA:550,11,1,1702
BRDA:565,12,0,1116
BRDA:565,12,1,1199
BRDA:599,13,0,6720
BRDA:599,13,1,497
BRDA:638,14,0,99
BRDA:638,14,1,1731
BRDA:663,15,0,580
BRDA:663,15,1,1160
BRDA:666,16,0,181
BRDA:666,16,1,399
BRDA:667,17,0,2
BRDA:667,17,1,179
BRDA:675,18,0,14
BRDA:675,18,1,438
BRDA:679,19,0,1
BRDA:679,19,1,1159
BRDA:685,20,0,359
BRDA:685,20,1,800
BRDA:732,21,0,5817
BRDA:732,21,1,5454
BRDA:737,22,0,18
BRDA:737,22,1,11253
BRDA:746,23,0,1944
BRDA:746,23,1,9285
BRDA:750,24,0,5141
BRDA:750,24,1,6088
BRDA:807,25,0,44
BRDA:807,25,1,32043
BRDA:818,26,0,38
BRDA:818,26,1,7843
BRDA:829,27,0,36
BRDA:829,27,1,18532
BRDA:858,28,0,5783
BRDA:858,28,1,15505
BRDA:863,29,0,9989
BRDA:863,29,1,11296
BRDA:870,30,0,10035
BRDA:870,30,1,11250
BRDA:883,31,0,2664
BRDA:883,31,1,21447
BRDA:888,32,0,5769
BRDA:888,32,1,15678
BRDA:918,33,0,966
BRDA:918,33,1,1935
BRDA:931,34,0,36
BRDA:931,34,1,6165
BRF:68
BRH:68
end_of_record
TN:
SF:/Users/leonid/work/bancor/contracts-v3/contracts/token/ERC20Burnable.sol
FN:18,burn
FN:25,burnFrom
FNF:2
FNH:2
FNDA:19979,burn
FNDA:11088,burnFrom
DA:19,19979
DA:26,11088
DA:27,11083
LF:3
LH:3
BRF:0
BRH:0
end_of_record
TN:
SF:/Users/leonid/work/bancor/contracts-v3/contracts/token/interfaces/IERC20Burnable.sol
FNF:0
FNH:0
LF:0
LH:0
BRF:0
BRH:0
end_of_record
TN:
SF:/Users/leonid/work/bancor/contracts-v3/contracts/token/SafeERC20Ex.sol
FN:16,ensureApprove
FNF:1
FNH:1
FNDA:1188,ensureApprove
DA:21,1188
DA:22,6
DA:25,1182
DA:26,1182
DA:27,3
DA:30,1179
DA:31,3
DA:33,1179
LF:8
LH:8
BRDA:21,1,0,6
BRDA:21,1,1,1182
BRDA:26,2,0,3
BRDA:26,2,1,1179
BRDA:30,3,0,3
BRDA:30,3,1,1176
BRF:6
BRH:6
end_of_record
TN:
SF:/Users/leonid/work/bancor/contracts-v3/contracts/token/Token.sol
FNF:0
FNH:0
LF:0
LH:0
BRF:0
BRH:0
end_of_record
TN:
SF:/Users/leonid/work/bancor/contracts-v3/contracts/token/TokenLibrary.sol
FN:40,isNative
FN:47,symbol
FN:58,decimals
FN:69,balanceOf
FN:80,safeTransfer
FN:101,safeTransferFrom
FN:119,safeApprove
FN:136,ensureApprove
FN:151,permit
FN:179,isEqual
FN:186,toIERC20
FN:193,toERC20
FNF:12
FNH:12
FNDA:649051,isNative
FNDA:53655,symbol
FNDA:53656,decimals
FNDA:255326,balanceOf
FNDA:25525,safeTransfer
FNDA:82521,safeTransferFrom
FNDA:1317,safeApprove
FNDA:1170,ensureApprove
FNDA:575,permit
FNDA:480401,isEqual
FNDA:764106,toIERC20
FNDA:78967,toERC20
DA:41,649051
DA:48,53655
DA:49,14172
DA:52,39483
DA:59,53656
DA:60,14172
DA:63,39484
DA:70,255326
DA:71,82693
DA:74,172541
DA:85,25525
DA:86,6
DA:89,25519
DA:90,12
DA:92,25507
DA:107,82521
DA:108,12
DA:111,82509
DA:124,1317
DA:125,3
DA:128,1314
DA:141,1170
DA:142,3
DA:145,1167
DA:159,575
DA:160,7
DA:165,568
DA:180,480401
DA:187,764106
DA:194,78967
LF:30
LH:30
BRDA:48,1,0,14172
BRDA:48,1,1,39483
BRDA:59,2,0,14172
BRDA:59,2,1,39484
BRDA:70,3,0,82698
BRDA:70,3,1,172541
BRDA:85,4,0,6
BRDA:85,4,1,25519
BRDA:89,5,0,12
BRDA:89,5,1,25507
BRDA:107,6,0,12
BRDA:107,6,1,82509
BRDA:124,7,0,3
BRDA:124,7,1,1314
BRDA:141,8,0,3
BRDA:141,8,1,1167
BRDA:159,9,0,7
BRDA:159,9,1,568
BRF:18
BRH:18
end_of_record
TN:
SF:/Users/leonid/work/bancor/contracts-v3/contracts/utility/BlockNumber.sol
FN:11,_blockNumber
FNF:1
FNH:1
FNDA:180,_blockNumber
DA:12,180
LF:1
LH:1
BRF:0
BRH:0
end_of_record
TN:
SF:/Users/leonid/work/bancor/contracts-v3/contracts/utility/Constants.sol
FNF:0
FNH:0
LF:0
LH:0
BRF:0
BRH:0
end_of_record
TN:
SF:/Users/leonid/work/bancor/contracts-v3/contracts/utility/FractionLibrary.sol
FN:17,zeroFraction
FN:22,zeroFraction112
FN:33,isValid
FN:40,isPositive
FN:47,isValid
FN:54,isPositive
FN:61,toFraction112
FN:69,fromFraction112
FNF:8
FNH:8
FNDA:1,zeroFraction
FNDA:88443,zeroFraction112
FNDA:252127,isValid
FNDA:252091,isPositive
FNDA:71353,isValid
FNDA:71317,isPositive
FNDA:49778,toFraction112
FNDA:216250,fromFraction112
DA:18,1
DA:23,88443
DA:34,252127
DA:41,252091
DA:48,71353
DA:55,71317
DA:62,49778
DA:63,49778
DA:70,216250
LF:9
LH:9
BRF:0
BRH:0
end_of_record
TN:
SF:/Users/leonid/work/bancor/contracts-v3/contracts/utility/interfaces/IOwned.sol
FNF:0
FNH:0
LF:0
LH:0
BRF:0
BRH:0
end_of_record
TN:
SF:/Users/leonid/work/bancor/contracts-v3/contracts/utility/interfaces/IUpgradeable.sol
FNF:0
FNH:0
LF:0
LH:0
BRF:0
BRH:0
end_of_record
TN:
SF:/Users/leonid/work/bancor/contracts-v3/contracts/utility/interfaces/IVersioned.sol
FNF:0
FNH:0
LF:0
LH:0
BRF:0
BRH:0
end_of_record
TN:
SF:/Users/leonid/work/bancor/contracts-v3/contracts/utility/MathEx.sol
FN:35,exp
FN:109,reducedFraction
FN:117,weightedAverage
FN:134,isInRange
FN:148,toPos256
FN:155,toNeg256
FN:162,mulDivF
FN:196,mulDivC
FN:215,subMax0
FN:222,gt512
FN:229,lt512
FN:236,gte512
FN:243,lte512
FN:250,mul512
FN:262,_sub512
FN:272,_div512
FN:280,_inv256
FN:292,_unsafeAdd
FN:301,_unsafeSub
FN:310,_unsafeMul
FN:319,_mulModMax
FN:326,_mulMod
FNF:22
FNH:22
FNDA:38050,exp
FNDA:60970,reducedFraction
FNDA:44774,weightedAverage
FNDA:73329,isInRange
FNDA:86684,toPos256
FNDA:437516,toNeg256
FNDA:1118142,mulDivF
FNDA:160649,mulDivC
FNDA:461261,subMax0
FNDA:342889,gt512
FNDA:392,lt512
FNDA:196,gte512
FNDA:145812,lte512
FNDA:1731883,mul512
FNDA:61674,_sub512
FNDA:61480,_div512
FNDA:61480,_inv256
FNDA:61480,_unsafeAdd
FNDA:617730,_unsafeSub
FNDA:2838521,_unsafeMul
FNDA:1731883,_mulModMax
FNDA:221173,_mulMod
DA:36,38050
DA:37,38050
DA:38,38050
DA:39,38050
DA:41,38050
DA:42,281
DA:45,37769
DA:103,37688
DA:110,60970
DA:111,60970
DA:123,44774
DA:139,73329
DA:140,73310
DA:141,73310
DA:142,73306
DA:149,86684
DA:156,437516
DA:167,1118142
DA:170,1118140
DA:171,1054174
DA:175,63966
DA:176,2292
DA:179,61674
DA:180,61674
DA:183,61674
DA:184,194
DA:187,61480
DA:188,61480
DA:189,61480
DA:190,61480
DA:201,160649
DA:202,159499
DA:203,12566
DA:204,2
DA:207,12564
DA:209,146933
DA:216,461261
DA:223,342889
DA:230,392
DA:237,196
DA:244,145812
DA:251,1731883
DA:252,1731881
DA:253,1731877
DA:254,1729858
DA:256,2019
DA:263,61674
DA:264,60763
DA:266,911
DA:273,61480
DA:274,61480
DA:282,61480
DA:283,61480
DA:284,491840
DA:286,61480
DA:293,61480
DA:302,617730
DA:311,2838517
DA:320,1731883
DA:331,221173
LF:60
LH:60
BRDA:41,1,0,281
BRDA:41,1,1,37769
BRDA:170,2,0,1054174
BRDA:170,2,1,63966
BRDA:175,3,0,2292
BRDA:175,3,1,61674
BRDA:183,4,0,194
BRDA:183,4,1,61480
BRDA:202,5,0,12566
BRDA:202,5,1,146933
BRDA:203,6,0,2
BRDA:203,6,1,12564
BRDA:253,7,0,1729858
BRDA:253,7,1,2019
BRDA:263,8,0,60763
BRDA:263,8,1,911
BRF:16
BRH:16
end_of_record
TN:
SF:/Users/leonid/work/bancor/contracts-v3/contracts/utility/Owned.sol
FN:26,constructor
FN:33,onlyOwner
FN:40,_onlyOwner
FN:49,owner
FN:56,transferOwnership
FN:67,acceptOwnership
FN:78,newOwner
FN:85,_transferOwnership
FNF:8
FNH:8
FNDA:54178,constructor
FNDA:248146,onlyOwner
FNDA:248146,_onlyOwner
FNDA:13,owner
FNDA:40336,transferOwnership
FNDA:40407,acceptOwnership
FNDA:5,newOwner
FNDA:94584,_transferOwnership
DA:27,54178
DA:34,248146
DA:36,248136
DA:41,248146
DA:42,10
DA:50,13
DA:57,40336
DA:58,1
DA:61,40335
DA:68,40407
DA:69,1
DA:72,40406
DA:79,5
DA:86,94584
DA:88,94584
DA:89,94576
DA:91,94573
LF:17
LH:17
BRDA:41,1,0,10
BRDA:41,1,1,248136
BRDA:57,2,0,1
BRDA:57,2,1,40335
BRDA:68,3,0,1
BRDA:68,3,1,40406
BRF:6
BRH:6
end_of_record
TN:
SF:/Users/leonid/work/bancor/contracts-v3/contracts/utility/Time.sol
FN:11,_time
FNF:1
FNH:1
FNDA:825,_time
DA:12,825
LF:1
LH:1
BRF:0
BRH:0
end_of_record
TN:
SF:/Users/leonid/work/bancor/contracts-v3/contracts/utility/TransparentUpgradeableProxyImmutable.sol
FN:26,constructor
FN:33,ifAdmin
FN:48,admin
FN:59,implementation
FN:70,upgradeTo
FN:83,upgradeToAndCall
FN:90,_beforeFallback
FNF:7
FNH:7
FNDA:5259,constructor
FNDA:245,ifAdmin
FNDA:16,admin
FNDA:5,implementation
FNDA:5,upgradeTo
FNDA:217,upgradeToAndCall
FNDA:1779121,_beforeFallback
DA:27,5259
DA:30,5259
DA:34,245
DA:35,243
DA:37,2
DA:49,16
DA:60,5
DA:71,5
DA:84,217
DA:91,1779121
DA:92,1
DA:95,1779120
LF:12
LH:12
BRDA:34,1,0,243
BRDA:34,1,1,2
BRDA:91,2,0,1
BRDA:91,2,1,1779120
BRF:4
BRH:4
end_of_record
TN:
SF:/Users/leonid/work/bancor/contracts-v3/contracts/utility/Upgradeable.sol
FN:32,__Upgradeable_init
FN:41,__Upgradeable_init_unchained
FN:53,onlyAdmin
FN:59,onlyRoleMember
FN:70,roleAdmin
FN:81,postUpgrade
FN:96,_postUpgrade
FN:100,_hasRole
FNF:8
FNH:8
FNDA:5482,__Upgradeable_init
FNDA:5482,__Upgradeable_init_unchained
FNDA:256678,onlyAdmin
FNDA:79236,onlyRoleMember
FNDA:9,roleAdmin
FNDA:224,postUpgrade
FNDA:105,_postUpgrade
FNDA:335914,_hasRole
DA:33,5482
DA:35,5482
DA:42,5482
DA:45,5482
DA:48,5482
DA:54,256678
DA:56,256644
DA:60,79236
DA:62,79226
DA:71,9
DA:82,224
DA:84,224
DA:85,3
DA:88,221
DA:90,221
DA:101,335914
DA:102,42
LF:17
LH:17
BRDA:84,1,0,3
BRDA:84,1,1,221
BRDA:101,2,0,42
BRDA:101,2,1,335870
BRF:4
BRH:4
end_of_record
TN:
SF:/Users/leonid/work/bancor/contracts-v3/contracts/utility/Utils.sol
FN:27,only
FN:33,_only
FN:40,greaterThanZero
FN:47,_greaterThanZero
FN:54,validAddress
FN:61,_validAddress
FN:68,validExternalAddress
FN:75,_validExternalAddress
FN:82,validFee
FN:89,_validFee
FNF:10
FNH:10
FNDA:277064,only
FNDA:277064,_only
FNDA:478731,greaterThanZero
FNDA:514629,_greaterThanZero
FNDA:653187,validAddress
FNDA:690990,_validAddress
FNDA:230610,validExternalAddress
FNDA:230610,_validExternalAddress
FNDA:19289,validFee
FNDA:19289,_validFee
DA:28,277064
DA:30,277035
DA:34,277064
DA:35,29
DA:41,478731
DA:43,478654
DA:48,514629
DA:49,105
DA:55,653187
DA:57,653077
DA:62,690990
DA:63,188
DA:69,230610
DA:71,230605
DA:76,230610
DA:77,5
DA:83,19289
DA:85,19282
DA:90,19289
DA:91,7
LF:20
LH:20
BRDA:34,1,0,29
BRDA:34,1,1,277035
BRDA:48,2,0,105
BRDA:48,2,1,514522
BRDA:62,3,0,188
BRDA:62,3,1,690802
BRDA:76,4,0,5
BRDA:76,4,1,230605
BRDA:90,5,0,7
BRDA:90,5,1,19282
BRF:10
BRH:10
end_of_record
TN:
SF:/Users/leonid/work/bancor/contracts-v3/contracts/vaults/ExternalProtectionVault.sol
FN:26,constructor
FN:32,initialize
FN:41,__ExternalProtectionVault_init
FN:50,__ExternalProtectionVault_init_unchained
FN:60,version
FN:67,isPayable
FN:78,isAuthorizedWithdrawal
FNF:7
FNH:7
FNDA:93,constructor
FNDA:93,initialize
FNDA:93,__ExternalProtectionVault_init
FNDA:93,__ExternalProtectionVault_init_unchained
FNDA:2,version
FNDA:220,isPayable
FNDA:409,isAuthorizedWithdrawal
DA:33,93
DA:42,93
DA:44,93
DA:52,93
DA:61,2
DA:68,220
DA:84,409
LF:7
LH:7
BRF:0
BRH:0
end_of_record
TN:
SF:/Users/leonid/work/bancor/contracts-v3/contracts/vaults/ExternalRewardsVault.sol
FN:26,constructor
FN:32,initialize
FN:41,__ExternalRewardsVault_init
FN:50,__ExternalRewardsVault_init_unchained
FN:60,version
FN:67,isPayable
FN:78,isAuthorizedWithdrawal
FNF:7
FNH:7
FNDA:90,constructor
FNDA:90,initialize
FNDA:90,__ExternalRewardsVault_init
FNDA:90,__ExternalRewardsVault_init_unchained
FNDA:2,version
FNDA:394,isPayable
FNDA:14385,isAuthorizedWithdrawal
DA:33,90
DA:42,90
DA:44,90
DA:52,90
DA:61,2
DA:68,394
DA:84,14385
LF:7
LH:7
BRF:0
BRH:0
end_of_record
TN:
SF:/Users/leonid/work/bancor/contracts-v3/contracts/vaults/interfaces/IExternalProtectionVault.sol
FNF:0
FNH:0
LF:0
LH:0
BRF:0
BRH:0
end_of_record
TN:
SF:/Users/leonid/work/bancor/contracts-v3/contracts/vaults/interfaces/IExternalRewardsVault.sol
FNF:0
FNH:0
LF:0
LH:0
BRF:0
BRH:0
end_of_record
TN:
SF:/Users/leonid/work/bancor/contracts-v3/contracts/vaults/interfaces/IMasterVault.sol
FNF:0
FNH:0
LF:0
LH:0
BRF:0
BRH:0
end_of_record
TN:
SF:/Users/leonid/work/bancor/contracts-v3/contracts/vaults/interfaces/IVault.sol
FNF:0
FNH:0
LF:0
LH:0
BRF:0
BRH:0
end_of_record
TN:
SF:/Users/leonid/work/bancor/contracts-v3/contracts/vaults/MasterVault.sol
FN:36,constructor
FN:42,initialize
FN:51,__MasterVault_init
FN:60,__MasterVault_init_unchained
FN:71,version
FN:78,isPayable
FN:85,roleBNTManager
FN:97,isAuthorizedWithdrawal
FNF:8
FNH:8
FNDA:96,constructor
FNDA:96,initialize
FNDA:96,__MasterVault_init
FNDA:96,__MasterVault_init_unchained
FNDA:2,version
FNDA:34058,isPayable
FNDA:1,roleBNTManager
FNDA:34395,isAuthorizedWithdrawal
DA:43,96
DA:52,96
DA:54,96
DA:62,96
DA:63,96
DA:72,2
DA:79,34058
DA:86,1
DA:103,34395
LF:9
LH:9
BRF:0
BRH:0
end_of_record
TN:
SF:/Users/leonid/work/bancor/contracts-v3/contracts/vaults/Vault.sol
FN:44,constructor
FN:55,__Vault_init
FN:66,__Vault_init_unchained
FN:73,roleAssetManager
FN:78,whenAuthorized
FN:94,isPaused
FN:105,pause
FN:116,unpause
FN:133,withdrawFunds
FN:157,burn
FNF:10
FNH:10
FNDA:496,constructor
FNDA:767,__Vault_init
FNDA:767,__Vault_init_unchained
FNDA:1,roleAssetManager
FNDA:55504,whenAuthorized
FNDA:1,isPaused
FNDA:120,pause
FNDA:12,unpause
FNDA:31405,withdrawFunds
FNDA:24042,burn
DA:46,496
DA:47,496
DA:48,496
DA:49,496
DA:56,767
DA:57,767
DA:58,767
DA:60,767
DA:74,1
DA:84,55504
DA:85,28
DA:88,55447
DA:95,1
DA:106,120
DA:117,12
DA:135,31405
DA:136,33
DA:139,31372
DA:142,6863
DA:144,24508
DA:147,29665
DA:159,24042
DA:160,44
DA:163,23998
DA:164,1
DA:168,23997
DA:169,5516
DA:171,13
DA:173,18468
DA:176,23915
DA:202,34703
DA:203,1
LF:32
LH:32
BRDA:84,1,0,28
BRDA:84,1,1,55447
BRDA:135,2,0,33
BRDA:135,2,1,31372
BRDA:139,3,0,6863
BRDA:139,3,1,24508
BRDA:159,4,0,44
BRDA:159,4,1,23998
BRDA:163,5,0,1
BRDA:163,5,1,23997
BRDA:168,6,0,5516
BRDA:168,6,1,18481
BRDA:170,7,0,13
BRDA:170,7,1,18468
BRDA:202,8,0,1
BRDA:202,8,1,34702
BRF:16
BRH:16
end_of_record
